<?xml version="1.0" encoding="utf-8"?><testsuites name="pytest tests"><testsuite name="pytest" errors="0" failures="0" skipped="0" tests="19" time="4.010" timestamp="2026-02-21T12:14:00.238186+00:00" hostname="agent-env-100758c4-a88f-4314-9f69-e6306d990326"><testcase classname="backend.tests.test_admin_v3_console.TestAdminV3Leagues" name="test_super_admin_sees_national_and_all_leagues" time="0.674" /><testcase classname="backend.tests.test_admin_v3_console.TestAdminV3Leagues" name="test_league_owner_sees_only_owned_leagues" time="0.476" /><testcase classname="backend.tests.test_admin_v3_console.TestAdminV3Leagues" name="test_regular_user_no_admin_access" time="0.000" /><testcase classname="backend.tests.test_admin_v3_console.TestAdminV3Matchdays" name="test_super_admin_gets_enriched_matchdays_national" time="0.133" /><testcase classname="backend.tests.test_admin_v3_console.TestAdminV3Matchdays" name="test_league_owner_gets_enriched_matchdays_manual" time="0.223" /><testcase classname="backend.tests.test_admin_v3_console.TestAdminV3Matchdays" name="test_league_owner_cannot_access_unowned_league" time="0.103" /><testcase classname="backend.tests.test_admin_v3_console.TestAdminV3Transition" name="test_transition_requires_league_id_and_target" time="0.124" /><testcase classname="backend.tests.test_admin_v3_console.TestAdminV3Transition" name="test_transition_invalid_target_status" time="0.143" /><testcase classname="backend.tests.test_admin_v3_console.TestAdminV3Transition" name="test_transition_matchday_not_found" time="0.109" /><testcase classname="backend.tests.test_admin_v3_console.TestAdminV3Transition" name="test_transition_valid_states" time="0.141" /><testcase classname="backend.tests.test_admin_v3_console.TestAdminV3Transition" name="test_transition_prevents_backward" time="0.112" /><testcase classname="backend.tests.test_admin_v3_console.TestAdminV3Transition" name="test_transition_prevents_skipping" time="0.114" /><testcase classname="backend.tests.test_admin_v3_console.TestAdminV3Recalculate" name="test_recalculate_requires_super_admin" time="0.106" /><testcase classname="backend.tests.test_admin_v3_console.TestAdminV3Recalculate" name="test_recalculate_requires_completed_status" time="0.207" /><testcase classname="backend.tests.test_admin_v3_console.TestAdminV3Recalculate" name="test_recalculate_success_on_completed" time="0.245" /><testcase classname="backend.tests.test_admin_v3_console.TestMaxMatchesValidation" name="test_admin_matches_endpoint_exists" time="0.207" /><testcase classname="backend.tests.test_admin_v3_console.TestLeagueOwnerAdminAccess" name="test_desiree_can_access_admin_v3" time="0.433" /><testcase classname="backend.tests.test_admin_v3_console.TestLeagueOwnerAdminAccess" name="test_ilio_can_access_admin_v3" time="0.111" /><testcase classname="backend.tests.test_admin_v3_console.TestLeagueOwnerAdminAccess" name="test_league_owner_can_transition_own_league" time="0.215" /></testsuite></testsuites>