<?xml version="1.0" encoding="utf-8"?><testsuites name="pytest tests"><testsuite name="pytest" errors="0" failures="0" skipped="0" tests="15" time="12.462" timestamp="2026-03-13T22:54:32.960846+00:00" hostname="agent-env-e944c108-c873-4314-bc50-59ea77787b77"><testcase classname="backend.tests.test_admin_trophy_management.TestAdminTrophyStats" name="test_trophy_stats_returns_200" time="0.684" /><testcase classname="backend.tests.test_admin_trophy_management.TestAdminTrophyStats" name="test_trophy_stats_structure" time="0.491" /><testcase classname="backend.tests.test_admin_trophy_management.TestAdminTrophyStats" name="test_trophy_stats_by_type_content" time="0.428" /><testcase classname="backend.tests.test_admin_trophy_management.TestAdminTrophyStats" name="test_trophy_stats_recent_trophies" time="0.453" /><testcase classname="backend.tests.test_admin_trophy_management.TestAwardLeagueTrophies" name="test_award_league_trophies_returns_success" time="0.413" /><testcase classname="backend.tests.test_admin_trophy_management.TestAwardLeagueTrophies" name="test_award_league_trophies_invalid_id" time="0.391" /><testcase classname="backend.tests.test_admin_trophy_management.TestAwardLeagueTrophies" name="test_award_league_trophies_requires_admin" time="0.739" /><testcase classname="backend.tests.test_admin_trophy_management.TestAwardTournamentTrophies" name="test_award_tournament_trophies_success" time="0.401" /><testcase classname="backend.tests.test_admin_trophy_management.TestAwardTournamentTrophies" name="test_award_tournament_trophies_invalid_id" time="0.546" /><testcase classname="backend.tests.test_admin_trophy_management.TestTrophiesBackfill" name="test_backfill_trophies_returns_success" time="2.968" /><testcase classname="backend.tests.test_admin_trophy_management.TestTrophiesBackfill" name="test_backfill_trophies_has_errors_field" time="2.948" /><testcase classname="backend.tests.test_admin_trophy_management.TestUserTrophies" name="test_get_my_trophies_returns_200" time="0.401" /><testcase classname="backend.tests.test_admin_trophy_management.TestUserTrophies" name="test_get_my_trophies_structure" time="0.402" /><testcase classname="backend.tests.test_admin_trophy_management.TestDuplicatePrevention" name="test_award_trophies_twice_no_duplicates" time="0.668" /><testcase classname="backend.tests.test_admin_trophy_management.TestTrophyStatsAfterBackfill" name="test_stats_total_matches_by_type_sum" time="0.433" /></testsuite></testsuites>