<?xml version="1.0" encoding="utf-8"?><testsuites name="pytest tests"><testsuite name="pytest" errors="0" failures="0" skipped="0" tests="13" time="2.978" timestamp="2026-03-10T21:07:07.460637+00:00" hostname="agent-env-52dbf2d9-2efe-4c61-9920-2630b945aaf3"><testcase classname="backend.tests.test_admin_tournaments_phase3.TestAdminListTournamentsWithDrafts" name="test_list_with_include_drafts_as_admin" time="0.724" /><testcase classname="backend.tests.test_admin_tournaments_phase3.TestAdminListTournamentsWithDrafts" name="test_list_without_include_drafts_excludes_drafts" time="0.163" /><testcase classname="backend.tests.test_admin_tournaments_phase3.TestAdminListTournamentsWithDrafts" name="test_standard_user_cannot_see_drafts" time="0.539" /><testcase classname="backend.tests.test_admin_tournaments_phase3.TestAdminCreateTournamentDraft" name="test_create_tournament_creates_in_draft_status" time="0.126" /><testcase classname="backend.tests.test_admin_tournaments_phase3.TestAdminCreateTournamentDraft" name="test_newly_created_draft_not_in_default_list" time="0.162" /><testcase classname="backend.tests.test_admin_tournaments_phase3.TestAdminCreateTournamentDraft" name="test_newly_created_draft_visible_with_include_drafts" time="0.152" /><testcase classname="backend.tests.test_admin_tournaments_phase3.TestAdminOpenRegistrationPhase3" name="test_open_registration_on_draft_tournament" time="0.224" /><testcase classname="backend.tests.test_admin_tournaments_phase3.TestAdminOpenRegistrationPhase3" name="test_after_open_tournament_visible_in_default_list" time="0.133" /><testcase classname="backend.tests.test_admin_tournaments_phase3.TestAdminOpenRegistrationPhase3" name="test_cannot_open_registration_twice" time="0.135" /><testcase classname="backend.tests.test_admin_tournaments_phase3.TestTournamentDetailPhase3" name="test_get_tournament_detail_includes_rounds" time="0.159" /><testcase classname="backend.tests.test_admin_tournaments_phase3.TestStandardUserRestrictionsPhase3" name="test_user_cannot_create_tournament" time="0.181" /><testcase classname="backend.tests.test_admin_tournaments_phase3.TestStandardUserRestrictionsPhase3" name="test_user_cannot_open_registration" time="0.150" /><testcase classname="backend.tests.test_admin_tournaments_phase3.TestPhase3Cleanup" name="test_cleanup_note" time="0.000" /></testsuite></testsuites>