<?xml version="1.0" encoding="utf-8"?><testsuites name="pytest tests"><testsuite name="pytest" errors="0" failures="2" skipped="0" tests="15" time="5.633" timestamp="2026-02-28T18:35:55.573675+00:00" hostname="agent-env-b07768c9-9575-4bcb-8028-87c7cf053a0f"><testcase classname="backend.tests.test_admin_create_user_league.TestAdminCreateUser" name="test_create_user_success" time="0.860" /><testcase classname="backend.tests.test_admin_create_user_league.TestAdminCreateUser" name="test_create_user_with_custom_username" time="0.115"><failure message="AssertionError: Create user with username failed: {&quot;detail&quot;:&quot;Username non valido (3-20 caratteri: lettere, numeri, underscore)&quot;}&#10;assert 400 == 200&#10; +  where 400 = &lt;Response [400]&gt;.status_code">backend/tests/test_admin_create_user_league.py:95: in test_create_user_with_custom_username
    assert response.status_code == 200, f"Create user with username failed: {response.text}"
E   AssertionError: Create user with username failed: {"detail":"Username non valido (3-20 caratteri: lettere, numeri, underscore)"}
E   assert 400 == 200
E    +  where 400 = &lt;Response [400]&gt;.status_code</failure></testcase><testcase classname="backend.tests.test_admin_create_user_league.TestAdminCreateUser" name="test_create_user_duplicate_email_rejected" time="0.149" /><testcase classname="backend.tests.test_admin_create_user_league.TestAdminCreateUser" name="test_create_user_missing_required_fields" time="0.101" /><testcase classname="backend.tests.test_admin_create_user_league.TestAdminCreateUser" name="test_create_user_short_password_rejected" time="0.164" /><testcase classname="backend.tests.test_admin_create_user_league.TestAdminCreateUser" name="test_created_user_can_login" time="0.703" /><testcase classname="backend.tests.test_admin_create_user_league.TestAdminCreateLeague" name="test_create_league_success" time="0.139" /><testcase classname="backend.tests.test_admin_create_user_league.TestAdminCreateLeague" name="test_create_league_with_all_options" time="0.128" /><testcase classname="backend.tests.test_admin_create_user_league.TestAdminCreateLeague" name="test_create_league_short_name_rejected" time="0.159" /><testcase classname="backend.tests.test_admin_create_user_league.TestAdminCreateLeague" name="test_create_league_invalid_season_rejected" time="0.125" /><testcase classname="backend.tests.test_admin_create_user_league.TestAdminCreateLeague" name="test_created_league_appears_in_list" time="0.442" /><testcase classname="backend.tests.test_admin_create_user_league.TestAdminCreateLeague" name="test_created_league_has_admin_as_owner" time="0.489"><failure message="KeyError: 'owner_id'">backend/tests/test_admin_create_user_league.py:361: in test_created_league_has_admin_as_owner
    assert created_league["owner_id"] == admin_user_id, f"Owner mismatch: expected {admin_user_id}, got {created_league.get('owner_id')}"
           ^^^^^^^^^^^^^^^^^^^^^^^^^^
E   KeyError: 'owner_id'</failure></testcase><testcase classname="backend.tests.test_admin_create_user_league.TestAdminCreateLeague" name="test_create_custom_league_source_type" time="0.337" /><testcase classname="backend.tests.test_admin_create_user_league.TestNonAdminAccess" name="test_non_admin_cannot_create_user" time="1.163" /><testcase classname="backend.tests.test_admin_create_user_league.TestNonAdminAccess" name="test_non_admin_cannot_create_league" time="0.454" /></testsuite></testsuites>