<?xml version="1.0" encoding="utf-8"?><testsuites name="pytest tests"><testsuite name="pytest" errors="0" failures="0" skipped="0" tests="19" time="9.979" timestamp="2026-03-13T15:22:11.587008+00:00" hostname="agent-env-e944c108-c873-4314-bc50-59ea77787b77"><testcase classname="backend.tests.test_admin_matches_management.TestAdminMatchesManagement" name="test_get_all_matches_no_filter" time="0.792" /><testcase classname="backend.tests.test_admin_matches_management.TestAdminMatchesManagement" name="test_get_live_matches" time="0.462" /><testcase classname="backend.tests.test_admin_matches_management.TestAdminMatchesManagement" name="test_get_scheduled_matches" time="0.599" /><testcase classname="backend.tests.test_admin_matches_management.TestAdminMatchesManagement" name="test_get_finished_matches" time="0.517" /><testcase classname="backend.tests.test_admin_matches_management.TestAdminMatchesManagement" name="test_get_inconsistent_matches" time="0.529" /><testcase classname="backend.tests.test_admin_matches_management.TestAdminMatchesManagement" name="test_get_no_result_matches" time="0.477" /><testcase classname="backend.tests.test_admin_matches_management.TestAdminMatchesManagement" name="test_put_match_update_score" time="0.765" /><testcase classname="backend.tests.test_admin_matches_management.TestAdminMatchesManagement" name="test_put_match_update_status" time="0.833" /><testcase classname="backend.tests.test_admin_matches_management.TestAdminMatchesManagement" name="test_put_match_update_kickoff" time="0.724" /><testcase classname="backend.tests.test_admin_matches_management.TestAdminMatchesManagement" name="test_put_match_invalid_status" time="0.648" /><testcase classname="backend.tests.test_admin_matches_management.TestAdminMatchesManagement" name="test_put_match_not_found" time="0.474" /><testcase classname="backend.tests.test_admin_matches_management.TestAdminMatchesManagement" name="test_delete_match_not_found" time="0.461" /><testcase classname="backend.tests.test_admin_matches_management.TestAdminMatchesManagement" name="test_delete_match_with_predictions_blocked" time="0.608" /><testcase classname="backend.tests.test_admin_matches_management.TestAdminMatchesManagement" name="test_delete_match_force_parameter" time="0.463" /><testcase classname="backend.tests.test_admin_matches_management.TestAdminMatchesEnrichedFields" name="test_matchday_label_field" time="0.522" /><testcase classname="backend.tests.test_admin_matches_management.TestAdminMatchesEnrichedFields" name="test_league_name_field" time="0.537" /><testcase classname="backend.tests.test_admin_matches_management.TestAdminMatchesAuthRequired" name="test_get_matches_requires_auth" time="0.226" /><testcase classname="backend.tests.test_admin_matches_management.TestAdminMatchesAuthRequired" name="test_put_match_requires_auth" time="0.118" /><testcase classname="backend.tests.test_admin_matches_management.TestAdminMatchesAuthRequired" name="test_delete_match_requires_auth" time="0.110" /></testsuite></testsuites>