<?xml version="1.0" encoding="utf-8"?><testsuites name="pytest tests"><testsuite name="pytest" errors="0" failures="0" skipped="0" tests="16" time="5.686" timestamp="2026-02-22T18:06:03.632373+00:00" hostname="agent-env-cc8ea54a-ecfe-4aee-82e8-6b404b76c22e"><testcase classname="backend.tests.test_api_league_fixtures_import.TestNationalLeagueRegression" name="test_national_home_works" time="0.501" /><testcase classname="backend.tests.test_api_league_fixtures_import.TestNationalLeagueRegression" name="test_national_standings_works" time="0.154" /><testcase classname="backend.tests.test_api_league_fixtures_import.TestAPILeagueCreation" name="test_api_league_created_correctly" time="0.158" /><testcase classname="backend.tests.test_api_league_fixtures_import.TestAPILeagueCreation" name="test_api_league_has_owner" time="0.128" /><testcase classname="backend.tests.test_api_league_fixtures_import.TestFixturesLeaguesEndpoint" name="test_owner_can_access_fixtures_leagues" time="2.191" /><testcase classname="backend.tests.test_api_league_fixtures_import.TestFixturesLeaguesEndpoint" name="test_non_owner_can_access_fixtures_leagues" time="0.457" /><testcase classname="backend.tests.test_api_league_fixtures_import.TestFixturesSearchEndpoint" name="test_owner_can_search_fixtures" time="0.281" /><testcase classname="backend.tests.test_api_league_fixtures_import.TestFixturesSearchEndpoint" name="test_non_owner_can_search_fixtures" time="0.131" /><testcase classname="backend.tests.test_api_league_fixtures_import.TestOwnerCanImport" name="test_owner_can_import_into_own_api_league" time="0.216" /><testcase classname="backend.tests.test_api_league_fixtures_import.TestNonOwnerCannotImport" name="test_non_owner_cannot_import" time="0.127" /><testcase classname="backend.tests.test_api_league_fixtures_import.TestNonAdminCannotImportNational" name="test_non_admin_cannot_import_national" time="0.216" /><testcase classname="backend.tests.test_api_league_fixtures_import.TestSuperAdminCanImportAnywhere" name="test_admin_can_import_into_api_league" time="0.539" /><testcase classname="backend.tests.test_api_league_fixtures_import.TestAdminV3LeaguesEndpoint" name="test_admin_v3_shows_api_leagues_for_owner" time="0.129" /><testcase classname="backend.tests.test_api_league_fixtures_import.TestAdminV3LeaguesEndpoint" name="test_admin_v3_super_admin_sees_all" time="0.133" /><testcase classname="backend.tests.test_api_league_fixtures_import.TestMatchSourceTypeOptions" name="test_create_national_source_league" time="0.147" /><testcase classname="backend.tests.test_api_league_fixtures_import.TestMatchSourceTypeOptions" name="test_create_custom_source_league" time="0.107" /></testsuite></testsuites>