<?xml version="1.0" encoding="utf-8"?><testsuites name="pytest tests"><testsuite name="pytest" errors="0" failures="1" skipped="0" tests="16" time="5.118" timestamp="2026-02-22T18:05:45.228192+00:00" hostname="agent-env-cc8ea54a-ecfe-4aee-82e8-6b404b76c22e"><testcase classname="backend.tests.test_api_league_fixtures_import.TestNationalLeagueRegression" name="test_national_home_works" time="0.641" /><testcase classname="backend.tests.test_api_league_fixtures_import.TestNationalLeagueRegression" name="test_national_standings_works" time="0.151"><failure message="AssertionError: Standings should be a list&#10;assert False&#10; +  where False = isinstance({'current_matchday': 22, 'entries': [{'created_at': None, 'current_week_points': 0, 'is_current_user': False, 'jolly_used': 1, ...}, {'created_at': None, 'current_week_points': 0, 'is_current_user': True, 'jolly_used': 0, ...}, {'created_at': None, 'current_week_points': 0, 'is_current_user': False, 'jolly_used': 1, ...}, {'created_at': '', 'current_week_points': 0, 'is_current_user': False, 'jolly_used': 0, ...}, {'created_at': '', 'current_week_points': 0, 'is_current_user': False, 'jolly_used': 0, ...}, {'created_at': '', 'current_week_points': 0, 'is_current_user': False, 'jolly_used': 0, ...}, ...], 'league_id': 'f1373417-43aa-4043-b6a2-125873181c95', 'league_name': 'Lega Nazionale FantaPronostic', ...}, list)">backend/tests/test_api_league_fixtures_import.py:120: in test_national_standings_works
    assert isinstance(data, list), "Standings should be a list"
E   AssertionError: Standings should be a list
E   assert False
E    +  where False = isinstance({'current_matchday': 22, 'entries': [{'created_at': None, 'current_week_points': 0, 'is_current_user': False, 'jolly_used': 1, ...}, {'created_at': None, 'current_week_points': 0, 'is_current_user': True, 'jolly_used': 0, ...}, {'created_at': None, 'current_week_points': 0, 'is_current_user': False, 'jolly_used': 1, ...}, {'created_at': '', 'current_week_points': 0, 'is_current_user': False, 'jolly_used': 0, ...}, {'created_at': '', 'current_week_points': 0, 'is_current_user': False, 'jolly_used': 0, ...}, {'created_at': '', 'current_week_points': 0, 'is_current_user': False, 'jolly_used': 0, ...}, ...], 'league_id': 'f1373417-43aa-4043-b6a2-125873181c95', 'league_name': 'Lega Nazionale FantaPronostic', ...}, list)</failure></testcase><testcase classname="backend.tests.test_api_league_fixtures_import.TestAPILeagueCreation" name="test_api_league_created_correctly" time="0.166" /><testcase classname="backend.tests.test_api_league_fixtures_import.TestAPILeagueCreation" name="test_api_league_has_owner" time="0.170" /><testcase classname="backend.tests.test_api_league_fixtures_import.TestFixturesLeaguesEndpoint" name="test_owner_can_access_fixtures_leagues" time="0.889" /><testcase classname="backend.tests.test_api_league_fixtures_import.TestFixturesLeaguesEndpoint" name="test_non_owner_can_access_fixtures_leagues" time="0.491" /><testcase classname="backend.tests.test_api_league_fixtures_import.TestFixturesSearchEndpoint" name="test_owner_can_search_fixtures" time="0.379" /><testcase classname="backend.tests.test_api_league_fixtures_import.TestFixturesSearchEndpoint" name="test_non_owner_can_search_fixtures" time="0.147" /><testcase classname="backend.tests.test_api_league_fixtures_import.TestOwnerCanImport" name="test_owner_can_import_into_own_api_league" time="0.413" /><testcase classname="backend.tests.test_api_league_fixtures_import.TestNonOwnerCannotImport" name="test_non_owner_cannot_import" time="0.139" /><testcase classname="backend.tests.test_api_league_fixtures_import.TestNonAdminCannotImportNational" name="test_non_admin_cannot_import_national" time="0.247" /><testcase classname="backend.tests.test_api_league_fixtures_import.TestSuperAdminCanImportAnywhere" name="test_admin_can_import_into_api_league" time="0.565" /><testcase classname="backend.tests.test_api_league_fixtures_import.TestAdminV3LeaguesEndpoint" name="test_admin_v3_shows_api_leagues_for_owner" time="0.111" /><testcase classname="backend.tests.test_api_league_fixtures_import.TestAdminV3LeaguesEndpoint" name="test_admin_v3_super_admin_sees_all" time="0.159" /><testcase classname="backend.tests.test_api_league_fixtures_import.TestMatchSourceTypeOptions" name="test_create_national_source_league" time="0.119" /><testcase classname="backend.tests.test_api_league_fixtures_import.TestMatchSourceTypeOptions" name="test_create_custom_source_league" time="0.191" /></testsuite></testsuites>