<?xml version="1.0" encoding="utf-8"?><testsuites name="pytest tests"><testsuite name="pytest" errors="0" failures="0" skipped="6" tests="23" time="4.524" timestamp="2026-02-21T18:04:18.533994+00:00" hostname="agent-env-3b0e80cb-4d19-4e03-87a2-d38ce1d4a4b7"><testcase classname="backend.tests.test_apifootball_integration.TestGetLeagues" name="test_leagues_endpoint_returns_200" time="1.306" /><testcase classname="backend.tests.test_apifootball_integration.TestGetLeagues" name="test_leagues_returns_5_leagues_when_api_active" time="0.060"><skipped type="pytest.skip" message="API-Football account appears suspended - cannot validate league count">/app/backend/tests/test_apifootball_integration.py:144: API-Football account appears suspended - cannot validate league count</skipped></testcase><testcase classname="backend.tests.test_apifootball_integration.TestGetLeagues" name="test_leagues_have_required_fields" time="0.061"><skipped type="pytest.skip" message="API-Football returned empty response - cannot validate fields">/app/backend/tests/test_apifootball_integration.py:155: API-Football returned empty response - cannot validate fields</skipped></testcase><testcase classname="backend.tests.test_apifootball_integration.TestGetLeagues" name="test_leagues_include_serie_a" time="0.067"><skipped type="pytest.skip" message="API-Football returned empty response - cannot validate Serie A">/app/backend/tests/test_apifootball_integration.py:175: API-Football returned empty response - cannot validate Serie A</skipped></testcase><testcase classname="backend.tests.test_apifootball_integration.TestGetLeagues" name="test_leagues_caching" time="0.114" /><testcase classname="backend.tests.test_apifootball_integration.TestGetLeagues" name="test_leagues_requires_admin_auth" time="0.490" /><testcase classname="backend.tests.test_apifootball_integration.TestGetLeagues" name="test_leagues_requires_auth" time="0.105" /><testcase classname="backend.tests.test_apifootball_integration.TestSearchFixtures" name="test_search_fixtures_serie_a" time="0.270" /><testcase classname="backend.tests.test_apifootball_integration.TestSearchFixtures" name="test_search_fixtures_have_required_fields" time="0.067" /><testcase classname="backend.tests.test_apifootball_integration.TestSearchFixtures" name="test_search_fixtures_require_league_param" time="0.080" /><testcase classname="backend.tests.test_apifootball_integration.TestSearchFixtures" name="test_search_fixtures_require_season_param" time="0.068" /><testcase classname="backend.tests.test_apifootball_integration.TestSearchFixtures" name="test_search_fixtures_requires_admin_auth" time="0.072" /><testcase classname="backend.tests.test_apifootball_integration.TestSearchFixtures" name="test_search_fixtures_requires_auth" time="0.096" /><testcase classname="backend.tests.test_apifootball_integration.TestImportFixtures" name="test_import_fixtures_success" time="0.320"><skipped type="pytest.skip" message="No fixtures found in date range to import">/app/backend/tests/test_apifootball_integration.py:315: No fixtures found in date range to import</skipped></testcase><testcase classname="backend.tests.test_apifootball_integration.TestImportFixtures" name="test_import_skips_duplicates" time="0.288"><skipped type="pytest.skip" message="No fixtures found in date range">/app/backend/tests/test_apifootball_integration.py:360: No fixtures found in date range</skipped></testcase><testcase classname="backend.tests.test_apifootball_integration.TestImportFixtures" name="test_import_enforces_max_10_matches" time="0.068" /><testcase classname="backend.tests.test_apifootball_integration.TestImportFixtures" name="test_import_requires_league_id" time="0.075" /><testcase classname="backend.tests.test_apifootball_integration.TestImportFixtures" name="test_import_requires_matchday_id" time="0.091" /><testcase classname="backend.tests.test_apifootball_integration.TestImportFixtures" name="test_import_requires_admin_auth" time="0.066" /><testcase classname="backend.tests.test_apifootball_integration.TestImportFixtures" name="test_import_requires_auth" time="0.115" /><testcase classname="backend.tests.test_apifootball_integration.TestImportFixtures" name="test_import_with_nonexistent_league" time="0.064" /><testcase classname="backend.tests.test_apifootball_integration.TestImportFixtures" name="test_import_with_nonexistent_matchday" time="0.070" /><testcase classname="backend.tests.test_apifootball_integration.TestImportedMatchData" name="test_imported_match_has_all_fields" time="0.427"><skipped type="pytest.skip" message="No fixtures found">/app/backend/tests/test_apifootball_integration.py:505: No fixtures found</skipped></testcase></testsuite></testsuites>