<?xml version="1.0" encoding="utf-8"?><testsuites name="pytest tests"><testsuite name="pytest" errors="0" failures="2" skipped="3" tests="22" time="4.798" timestamp="2026-02-21T18:02:33.169062+00:00" hostname="agent-env-3b0e80cb-4d19-4e03-87a2-d38ce1d4a4b7"><testcase classname="backend.tests.test_apifootball_integration.TestGetLeagues" name="test_leagues_returns_5_leagues" time="1.846"><failure message="AssertionError: Expected 5 leagues, got 0&#10;assert 0 == 5&#10; +  where 0 = len([])">backend/tests/test_apifootball_integration.py:134: in test_leagues_returns_5_leagues
    assert len(leagues) == 5, f"Expected 5 leagues, got {len(leagues)}"
E   AssertionError: Expected 5 leagues, got 0
E   assert 0 == 5
E    +  where 0 = len([])</failure></testcase><testcase classname="backend.tests.test_apifootball_integration.TestGetLeagues" name="test_leagues_have_required_fields" time="0.085" /><testcase classname="backend.tests.test_apifootball_integration.TestGetLeagues" name="test_leagues_include_serie_a" time="0.049"><failure message="AssertionError: Serie A (league_id=135) should be in top 5 leagues&#10;assert None is not None">backend/tests/test_apifootball_integration.py:161: in test_leagues_include_serie_a
    assert serie_a is not None, "Serie A (league_id=135) should be in top 5 leagues"
E   AssertionError: Serie A (league_id=135) should be in top 5 leagues
E   assert None is not None</failure></testcase><testcase classname="backend.tests.test_apifootball_integration.TestGetLeagues" name="test_leagues_caching" time="0.103" /><testcase classname="backend.tests.test_apifootball_integration.TestGetLeagues" name="test_leagues_requires_admin_auth" time="0.433" /><testcase classname="backend.tests.test_apifootball_integration.TestGetLeagues" name="test_leagues_requires_auth" time="0.126" /><testcase classname="backend.tests.test_apifootball_integration.TestSearchFixtures" name="test_search_fixtures_serie_a" time="0.234" /><testcase classname="backend.tests.test_apifootball_integration.TestSearchFixtures" name="test_search_fixtures_have_required_fields" time="0.053" /><testcase classname="backend.tests.test_apifootball_integration.TestSearchFixtures" name="test_search_fixtures_require_league_param" time="0.062" /><testcase classname="backend.tests.test_apifootball_integration.TestSearchFixtures" name="test_search_fixtures_require_season_param" time="0.055" /><testcase classname="backend.tests.test_apifootball_integration.TestSearchFixtures" name="test_search_fixtures_requires_admin_auth" time="0.061" /><testcase classname="backend.tests.test_apifootball_integration.TestSearchFixtures" name="test_search_fixtures_requires_auth" time="0.109" /><testcase classname="backend.tests.test_apifootball_integration.TestImportFixtures" name="test_import_fixtures_success" time="0.332"><skipped type="pytest.skip" message="No fixtures found in date range to import">/app/backend/tests/test_apifootball_integration.py:297: No fixtures found in date range to import</skipped></testcase><testcase classname="backend.tests.test_apifootball_integration.TestImportFixtures" name="test_import_skips_duplicates" time="0.185"><skipped type="pytest.skip" message="No fixtures found in date range">/app/backend/tests/test_apifootball_integration.py:342: No fixtures found in date range</skipped></testcase><testcase classname="backend.tests.test_apifootball_integration.TestImportFixtures" name="test_import_enforces_max_10_matches" time="0.080" /><testcase classname="backend.tests.test_apifootball_integration.TestImportFixtures" name="test_import_requires_league_id" time="0.051" /><testcase classname="backend.tests.test_apifootball_integration.TestImportFixtures" name="test_import_requires_matchday_id" time="0.065" /><testcase classname="backend.tests.test_apifootball_integration.TestImportFixtures" name="test_import_requires_admin_auth" time="0.084" /><testcase classname="backend.tests.test_apifootball_integration.TestImportFixtures" name="test_import_requires_auth" time="0.139" /><testcase classname="backend.tests.test_apifootball_integration.TestImportFixtures" name="test_import_with_nonexistent_league" time="0.049" /><testcase classname="backend.tests.test_apifootball_integration.TestImportFixtures" name="test_import_with_nonexistent_matchday" time="0.056" /><testcase classname="backend.tests.test_apifootball_integration.TestImportedMatchData" name="test_imported_match_has_all_fields" time="0.391"><skipped type="pytest.skip" message="No fixtures found">/app/backend/tests/test_apifootball_integration.py:487: No fixtures found</skipped></testcase></testsuite></testsuites>