<?xml version="1.0" encoding="utf-8"?><testsuites name="pytest tests"><testsuite name="pytest" errors="0" failures="0" skipped="0" tests="12" time="2.408" timestamp="2026-02-18T12:04:45.714473+00:00" hostname="agent-env-9eb9e09c-1e64-4e23-a2e7-3c932a423001"><testcase classname="tests.test_auth_flow.TestAuthRegister" name="test_register_success_with_all_fields" time="0.411" /><testcase classname="tests.test_auth_flow.TestAuthRegister" name="test_register_under_18_returns_400" time="0.110" /><testcase classname="tests.test_auth_flow.TestAuthRegister" name="test_register_without_privacy_returns_400" time="0.100" /><testcase classname="tests.test_auth_flow.TestAuthRegister" name="test_register_without_terms_returns_400" time="0.115" /><testcase classname="tests.test_auth_flow.TestAuthForgotPassword" name="test_forgot_password_returns_200_with_italian_message" time="0.098" /><testcase classname="tests.test_auth_flow.TestAuthForgotPassword" name="test_forgot_password_with_nonexistent_email" time="0.113" /><testcase classname="tests.test_auth_flow.TestAuthForgotPassword" name="test_forgot_password_with_existing_email" time="0.116" /><testcase classname="tests.test_auth_flow.TestAuthLogin" name="test_login_returns_profile_completed_field" time="0.327" /><testcase classname="tests.test_auth_flow.TestAuthLogin" name="test_login_admin_user" time="0.336" /><testcase classname="tests.test_auth_flow.TestAuthLogin" name="test_login_marco_user" time="0.330" /><testcase classname="tests.test_auth_flow.TestAuthLogin" name="test_login_invalid_credentials" time="0.123" /><testcase classname="tests.test_auth_flow.TestCompleteProfile" name="test_complete_profile_requires_auth" time="0.116" /></testsuite></testsuites>