<?xml version="1.0" encoding="utf-8"?><testsuites name="pytest tests"><testsuite name="pytest" errors="0" failures="0" skipped="0" tests="13" time="4.474" timestamp="2026-02-18T14:51:55.205921+00:00" hostname="agent-env-6e3eee83-a9a4-4b7d-a27f-3d5af1a49eea"><testcase classname="test_auth_verify_join.TestUserRegistrationWithUsername" name="test_register_with_custom_username" time="0.349" /><testcase classname="test_auth_verify_join.TestUserRegistrationWithUsername" name="test_register_username_validation_format" time="0.125" /><testcase classname="test_auth_verify_join.TestUsernameAvailability" name="test_username_available_true" time="0.114" /><testcase classname="test_auth_verify_join.TestUsernameAvailability" name="test_username_available_false_existing" time="0.446" /><testcase classname="test_auth_verify_join.TestUsernameAvailability" name="test_username_too_short" time="0.121" /><testcase classname="test_auth_verify_join.TestEmailVerification" name="test_resend_verification_existing_user" time="0.458" /><testcase classname="test_auth_verify_join.TestEmailVerification" name="test_resend_verification_nonexistent_email" time="0.124" /><testcase classname="test_auth_verify_join.TestLoginFlow" name="test_login_marco_user" time="0.342" /><testcase classname="test_auth_verify_join.TestLoginFlow" name="test_login_invalid_credentials" time="0.372" /><testcase classname="test_auth_verify_join.TestNationalLeagueJoin" name="test_get_national_leagues" time="0.130" /><testcase classname="test_auth_verify_join.TestNationalLeagueJoin" name="test_join_direct_national_league" time="0.739" /><testcase classname="test_auth_verify_join.TestNationalLeagueJoin" name="test_join_direct_already_member" time="0.583" /><testcase classname="test_auth_verify_join.TestHomeAfterJoin" name="test_home_shows_user_leagues" time="0.516" /></testsuite></testsuites>