<?xml version="1.0" encoding="utf-8"?><testsuites name="pytest tests"><testsuite name="pytest" errors="0" failures="0" skipped="1" tests="22" time="14.743" timestamp="2026-03-01T23:05:46.316124+00:00" hostname="agent-env-c1c75d93-d695-4a9b-975d-9417eb7d1405"><testcase classname="backend.tests.test_dark_theme_backend_regression.TestAuthEndpoints" name="test_login_standard_user" time="0.554" /><testcase classname="backend.tests.test_dark_theme_backend_regression.TestAuthEndpoints" name="test_login_admin_user" time="0.333" /><testcase classname="backend.tests.test_dark_theme_backend_regression.TestAuthEndpoints" name="test_login_league_owner" time="0.371"><skipped type="pytest.skip" message="League owner credentials not configured in this environment">/app/backend/tests/test_dark_theme_backend_regression.py:82: League owner credentials not configured in this environment</skipped></testcase><testcase classname="backend.tests.test_dark_theme_backend_regression.TestAuthEndpoints" name="test_login_invalid_credentials" time="0.113" /><testcase classname="backend.tests.test_dark_theme_backend_regression.TestHomeEndpoint" name="test_home_endpoint_returns_200" time="0.480" /><testcase classname="backend.tests.test_dark_theme_backend_regression.TestHomeEndpoint" name="test_home_returns_complete_structure" time="0.513" /><testcase classname="backend.tests.test_dark_theme_backend_regression.TestHomeEndpoint" name="test_home_matchday_data" time="0.559" /><testcase classname="backend.tests.test_dark_theme_backend_regression.TestHomeEndpoint" name="test_home_league_data" time="0.492" /><testcase classname="backend.tests.test_dark_theme_backend_regression.TestHomeEndpoint" name="test_home_user_leagues_list" time="0.567" /><testcase classname="backend.tests.test_dark_theme_backend_regression.TestPredictionsEndpoint" name="test_predictions_endpoint_returns_data" time="0.639" /><testcase classname="backend.tests.test_dark_theme_backend_regression.TestPredictionsEndpoint" name="test_predictions_requires_auth" time="4.359" /><testcase classname="backend.tests.test_dark_theme_backend_regression.TestStandingsEndpoints" name="test_standings_total_endpoint" time="0.544" /><testcase classname="backend.tests.test_dark_theme_backend_regression.TestStandingsEndpoints" name="test_standings_matchdays_endpoint" time="0.477" /><testcase classname="backend.tests.test_dark_theme_backend_regression.TestStandingsEndpoints" name="test_standings_user_profile" time="0.843" /><testcase classname="backend.tests.test_dark_theme_backend_regression.TestLiveEndpoint" name="test_live_endpoint_returns_data" time="0.619" /><testcase classname="backend.tests.test_dark_theme_backend_regression.TestLiveEndpoint" name="test_live_matchday_endpoint" time="0.598" /><testcase classname="backend.tests.test_dark_theme_backend_regression.TestLeaguesEndpoints" name="test_get_my_leagues" time="0.455" /><testcase classname="backend.tests.test_dark_theme_backend_regression.TestLeaguesEndpoints" name="test_get_league_members" time="0.486" /><testcase classname="backend.tests.test_dark_theme_backend_regression.TestProfileEndpoint" name="test_profile_returns_user_data" time="0.459" /><testcase classname="backend.tests.test_dark_theme_backend_regression.TestProfileEndpoint" name="test_profile_requires_auth" time="0.133" /><testcase classname="backend.tests.test_dark_theme_backend_regression.TestAPIHealth" name="test_api_health" time="0.715" /><testcase classname="backend.tests.test_dark_theme_backend_regression.TestAPIHealth" name="test_admin_ui_accessible" time="0.246" /></testsuite></testsuites>