<?xml version="1.0" encoding="utf-8"?><testsuites name="pytest tests"><testsuite name="pytest" errors="0" failures="0" skipped="0" tests="15" time="6.179" timestamp="2026-03-12T00:29:24.905137+00:00" hostname="agent-env-5d466e8a-cb24-43e6-801d-2ac9ec45e81e"><testcase classname="backend.tests.test_champion_picks.TestChampionPicksAuth" name="test_get_teams_requires_auth" time="0.144" /><testcase classname="backend.tests.test_champion_picks.TestChampionPicksAuth" name="test_get_my_pick_requires_auth" time="0.135" /><testcase classname="backend.tests.test_champion_picks.TestChampionPicksAuth" name="test_get_league_picks_requires_auth" time="0.140" /><testcase classname="backend.tests.test_champion_picks.TestChampionPicksAuth" name="test_post_pick_requires_auth" time="0.132" /><testcase classname="backend.tests.test_champion_picks.TestChampionPicksTeams" name="test_get_teams_for_national_league" time="0.452" /><testcase classname="backend.tests.test_champion_picks.TestChampionPicksTeams" name="test_get_teams_for_custom_league" time="0.482" /><testcase classname="backend.tests.test_champion_picks.TestChampionPicksTeams" name="test_get_teams_missing_league_id" time="0.583" /><testcase classname="backend.tests.test_champion_picks.TestChampionPicksTeams" name="test_get_teams_invalid_league_id" time="0.454" /><testcase classname="backend.tests.test_champion_picks.TestChampionPicksSaveAndRetrieve" name="test_save_champion_pick_creates_new" time="0.457" /><testcase classname="backend.tests.test_champion_picks.TestChampionPicksSaveAndRetrieve" name="test_update_champion_pick" time="0.555" /><testcase classname="backend.tests.test_champion_picks.TestChampionPicksSaveAndRetrieve" name="test_get_my_champion_pick" time="0.575" /><testcase classname="backend.tests.test_champion_picks.TestChampionPicksSaveAndRetrieve" name="test_get_my_pick_no_pick_yet" time="0.460" /><testcase classname="backend.tests.test_champion_picks.TestChampionPicksLeague" name="test_get_league_picks" time="0.597" /><testcase classname="backend.tests.test_champion_picks.TestChampionPicksLeague" name="test_league_picks_marks_current_user" time="0.500" /><testcase classname="backend.tests.test_champion_picks.TestChampionPicksMembership" name="test_cannot_save_pick_without_membership" time="0.457" /></testsuite></testsuites>