<?xml version="1.0" encoding="utf-8"?><testsuites name="pytest tests"><testsuite name="pytest" errors="0" failures="0" skipped="0" tests="20" time="4.772" timestamp="2026-03-13T17:16:42.727203+00:00" hostname="agent-env-e944c108-c873-4314-bc50-59ea77787b77"><testcase classname="backend.tests.test_control_room_matches.TestGetMatchesForMatchday" name="test_get_matches_returns_array" time="0.661" /><testcase classname="backend.tests.test_control_room_matches.TestGetMatchesForMatchday" name="test_matches_have_required_fields" time="0.137" /><testcase classname="backend.tests.test_control_room_matches.TestUpdateMatchFields" name="test_update_home_team" time="0.274" /><testcase classname="backend.tests.test_control_room_matches.TestUpdateMatchFields" name="test_update_away_team" time="0.232" /><testcase classname="backend.tests.test_control_room_matches.TestUpdateMatchFields" name="test_update_competition" time="0.282" /><testcase classname="backend.tests.test_control_room_matches.TestUpdateMatchFields" name="test_update_market_type" time="0.282" /><testcase classname="backend.tests.test_control_room_matches.TestUpdateMatchFields" name="test_update_kickoff_maps_to_start_time" time="0.196" /><testcase classname="backend.tests.test_control_room_matches.TestUpdateMatchFields" name="test_update_scores" time="0.231" /><testcase classname="backend.tests.test_control_room_matches.TestMatchStatusValues" name="test_valid_status_accepted[scheduled]" time="0.191" /><testcase classname="backend.tests.test_control_room_matches.TestMatchStatusValues" name="test_valid_status_accepted[live]" time="0.199" /><testcase classname="backend.tests.test_control_room_matches.TestMatchStatusValues" name="test_valid_status_accepted[finished]" time="0.176" /><testcase classname="backend.tests.test_control_room_matches.TestMatchStatusValues" name="test_valid_status_accepted[suspended]" time="0.182" /><testcase classname="backend.tests.test_control_room_matches.TestMatchStatusValues" name="test_valid_status_accepted[postponed]" time="0.170" /><testcase classname="backend.tests.test_control_room_matches.TestMatchStatusValues" name="test_valid_status_accepted[cancelled]" time="0.181" /><testcase classname="backend.tests.test_control_room_matches.TestMatchStatusValues" name="test_valid_status_accepted[void]" time="0.172" /><testcase classname="backend.tests.test_control_room_matches.TestMatchStatusValues" name="test_invalid_status_rejected" time="0.214" /><testcase classname="backend.tests.test_control_room_matches.TestMatchStatusValues" name="test_revert_to_finished" time="0.185" /><testcase classname="backend.tests.test_control_room_matches.TestSpecialMatchToggle" name="test_toggle_special_on" time="0.193" /><testcase classname="backend.tests.test_control_room_matches.TestLiveUpdate" name="test_live_update_scores" time="0.191" /><testcase classname="backend.tests.test_control_room_matches.TestAllFieldsUpdate" name="test_full_match_update" time="0.287" /></testsuite></testsuites>