<?xml version="1.0" encoding="utf-8"?><testsuites name="pytest tests"><testsuite name="pytest" errors="0" failures="1" skipped="0" tests="22" time="15.599" timestamp="2026-03-01T18:39:45.530008+00:00" hostname="agent-env-c1c75d93-d695-4a9b-975d-9417eb7d1405"><testcase classname="backend.tests.test_dark_theme_backend_regression.TestAuthEndpoints" name="test_login_standard_user" time="0.511" /><testcase classname="backend.tests.test_dark_theme_backend_regression.TestAuthEndpoints" name="test_login_admin_user" time="0.396" /><testcase classname="backend.tests.test_dark_theme_backend_regression.TestAuthEndpoints" name="test_login_league_owner" time="0.383"><failure message="AssertionError: League owner login failed: 401&#10;assert 401 == 200&#10; +  where 401 = &lt;Response [401]&gt;.status_code">backend/tests/test_dark_theme_backend_regression.py:76: in test_login_league_owner
    assert response.status_code == 200, f"League owner login failed: {response.status_code}"
E   AssertionError: League owner login failed: 401
E   assert 401 == 200
E    +  where 401 = &lt;Response [401]&gt;.status_code</failure></testcase><testcase classname="backend.tests.test_dark_theme_backend_regression.TestAuthEndpoints" name="test_login_invalid_credentials" time="0.118" /><testcase classname="backend.tests.test_dark_theme_backend_regression.TestHomeEndpoint" name="test_home_endpoint_returns_200" time="0.565" /><testcase classname="backend.tests.test_dark_theme_backend_regression.TestHomeEndpoint" name="test_home_returns_complete_structure" time="0.453" /><testcase classname="backend.tests.test_dark_theme_backend_regression.TestHomeEndpoint" name="test_home_matchday_data" time="0.442" /><testcase classname="backend.tests.test_dark_theme_backend_regression.TestHomeEndpoint" name="test_home_league_data" time="0.453" /><testcase classname="backend.tests.test_dark_theme_backend_regression.TestHomeEndpoint" name="test_home_user_leagues_list" time="0.476" /><testcase classname="backend.tests.test_dark_theme_backend_regression.TestPredictionsEndpoint" name="test_predictions_endpoint_returns_data" time="0.635" /><testcase classname="backend.tests.test_dark_theme_backend_regression.TestPredictionsEndpoint" name="test_predictions_requires_auth" time="0.825" /><testcase classname="backend.tests.test_dark_theme_backend_regression.TestStandingsEndpoints" name="test_standings_total_endpoint" time="0.460" /><testcase classname="backend.tests.test_dark_theme_backend_regression.TestStandingsEndpoints" name="test_standings_matchdays_endpoint" time="0.448" /><testcase classname="backend.tests.test_dark_theme_backend_regression.TestStandingsEndpoints" name="test_standings_user_profile" time="0.765" /><testcase classname="backend.tests.test_dark_theme_backend_regression.TestLiveEndpoint" name="test_live_endpoint_returns_data" time="0.564" /><testcase classname="backend.tests.test_dark_theme_backend_regression.TestLiveEndpoint" name="test_live_matchday_endpoint" time="0.650" /><testcase classname="backend.tests.test_dark_theme_backend_regression.TestLeaguesEndpoints" name="test_get_my_leagues" time="0.460" /><testcase classname="backend.tests.test_dark_theme_backend_regression.TestLeaguesEndpoints" name="test_get_league_members" time="0.453" /><testcase classname="backend.tests.test_dark_theme_backend_regression.TestProfileEndpoint" name="test_profile_returns_user_data" time="0.443" /><testcase classname="backend.tests.test_dark_theme_backend_regression.TestProfileEndpoint" name="test_profile_requires_auth" time="0.123" /><testcase classname="backend.tests.test_dark_theme_backend_regression.TestAPIHealth" name="test_api_health" time="5.653" /><testcase classname="backend.tests.test_dark_theme_backend_regression.TestAPIHealth" name="test_admin_ui_accessible" time="0.163" /></testsuite></testsuites>