<?xml version="1.0" encoding="utf-8"?><testsuites name="pytest tests"><testsuite name="pytest" errors="0" failures="0" skipped="0" tests="14" time="2.906" timestamp="2026-02-28T14:12:39.879106+00:00" hostname="agent-env-1de247bb-77d8-444d-9655-42beaf45e64e"><testcase classname="backend.tests.test_dashboard_stats.TestDashboardStatsEndpoint" name="test_dashboard_stats_requires_auth" time="0.216" /><testcase classname="backend.tests.test_dashboard_stats.TestDashboardStatsEndpoint" name="test_dashboard_stats_success" time="0.469" /><testcase classname="backend.tests.test_dashboard_stats.TestDashboardStatsEndpoint" name="test_dashboard_stats_users_section" time="0.141" /><testcase classname="backend.tests.test_dashboard_stats.TestDashboardStatsEndpoint" name="test_dashboard_stats_leagues_section" time="0.133" /><testcase classname="backend.tests.test_dashboard_stats.TestDashboardStatsEndpoint" name="test_dashboard_stats_matchdays_section" time="0.120" /><testcase classname="backend.tests.test_dashboard_stats.TestDashboardStatsEndpoint" name="test_dashboard_stats_payments_section" time="0.127" /><testcase classname="backend.tests.test_dashboard_stats.TestDashboardStatsEndpoint" name="test_dashboard_stats_audit_section" time="0.122" /><testcase classname="backend.tests.test_dashboard_stats.TestDashboardStatsRBAC" name="test_admin_with_dashboard_view_can_access" time="0.264" /><testcase classname="backend.tests.test_dashboard_stats.TestDashboardStatsRBAC" name="test_regular_user_cannot_access" time="0.443" /><testcase classname="backend.tests.test_dashboard_stats.TestAtRiskLeagues" name="test_at_risk_includes_leagues_without_owner" time="0.191" /><testcase classname="backend.tests.test_dashboard_stats.TestAtRiskLeagues" name="test_at_risk_includes_test_leagues_without_admin" time="0.155" /><testcase classname="backend.tests.test_dashboard_stats.TestDashboardStatsDataIntegrity" name="test_users_total_greater_than_disabled" time="0.131" /><testcase classname="backend.tests.test_dashboard_stats.TestDashboardStatsDataIntegrity" name="test_recent_logins_reasonable" time="0.137" /><testcase classname="backend.tests.test_dashboard_stats.TestDashboardStatsDataIntegrity" name="test_audit_ordered_by_date_descending" time="0.131" /></testsuite></testsuites>