<?xml version="1.0" encoding="utf-8"?><testsuites name="pytest tests"><testsuite name="pytest" errors="0" failures="0" skipped="0" tests="22" time="10.403" timestamp="2026-02-21T14:54:42.322037+00:00" hostname="agent-env-71c2fb10-fd7c-41a7-abe6-f980c11ec0c3"><testcase classname="backend.tests.test_e2e_comprehensive.TestAuthFlows" name="test_login_national_league_user" time="0.466" /><testcase classname="backend.tests.test_e2e_comprehensive.TestAuthFlows" name="test_login_manual_league_user" time="0.342" /><testcase classname="backend.tests.test_e2e_comprehensive.TestAuthFlows" name="test_login_super_admin" time="0.335" /><testcase classname="backend.tests.test_e2e_comprehensive.TestAuthFlows" name="test_login_private_member" time="0.350" /><testcase classname="backend.tests.test_e2e_comprehensive.TestAuthFlows" name="test_login_invalid_credentials" time="0.336" /><testcase classname="backend.tests.test_e2e_comprehensive.TestHomeEndpoint" name="test_home_returns_matchday_data" time="0.483" /><testcase classname="backend.tests.test_e2e_comprehensive.TestHomeEndpoint" name="test_home_last_5_performance_not_zero_for_national_league" time="0.520" /><testcase classname="backend.tests.test_e2e_comprehensive.TestHomeEndpoint" name="test_home_user_summary_contains_rank" time="0.462" /><testcase classname="backend.tests.test_e2e_comprehensive.TestHomeEndpoint" name="test_home_rankings_preview" time="0.458" /><testcase classname="backend.tests.test_e2e_comprehensive.TestWeeklyStandings" name="test_weekly_standings_returns_total_correct" time="0.589" /><testcase classname="backend.tests.test_e2e_comprehensive.TestWeeklyStandings" name="test_total_standings_returns_data" time="0.491" /><testcase classname="backend.tests.test_e2e_comprehensive.TestAdminConsole" name="test_admin_v3_leagues_endpoint" time="0.548" /><testcase classname="backend.tests.test_e2e_comprehensive.TestAdminConsole" name="test_admin_v3_matchdays_endpoint" time="0.500" /><testcase classname="backend.tests.test_e2e_comprehensive.TestAdminConsole" name="test_admin_matchday_status_transitions" time="0.559" /><testcase classname="backend.tests.test_e2e_comprehensive.TestAdminConsole" name="test_league_owner_sees_only_owned_leagues" time="0.481" /><testcase classname="backend.tests.test_e2e_comprehensive.TestMatchCreation" name="test_match_creation_without_market_type_selector" time="0.482" /><testcase classname="backend.tests.test_e2e_comprehensive.TestPredictions" name="test_get_predictions_page_matches" time="0.577" /><testcase classname="backend.tests.test_e2e_comprehensive.TestLiveView" name="test_live_matchday_endpoint" time="0.487" /><testcase classname="backend.tests.test_e2e_comprehensive.TestScoring" name="test_scoring_engine_accepts_live_status" time="0.449" /><testcase classname="backend.tests.test_e2e_comprehensive.TestProfile" name="test_profile_endpoint" time="0.454" /><testcase classname="backend.tests.test_e2e_comprehensive.TestProfile" name="test_admin_role_in_profile" time="0.459" /><testcase classname="backend.tests.test_e2e_comprehensive.TestLeagueFixtures" name="test_league_fixtures_endpoint" time="0.489" /></testsuite></testsuites>