<?xml version="1.0" encoding="utf-8"?><testsuites name="pytest tests"><testsuite name="pytest" errors="0" failures="0" skipped="0" tests="11" time="5.063" timestamp="2026-02-18T16:18:42.148681+00:00" hostname="agent-env-6e3eee83-a9a4-4b7d-a27f-3d5af1a49eea"><testcase classname="backend.tests.test_email_gate_flow.TestEmailVerifiedFieldInLogin" name="test_login_marco_returns_email_verified_true" time="0.562" /><testcase classname="backend.tests.test_email_gate_flow.TestEmailVerifiedFieldInLogin" name="test_login_admin_returns_email_verified_true" time="0.370" /><testcase classname="backend.tests.test_email_gate_flow.TestNewUserRegistrationEmailVerified" name="test_register_new_user_email_verified_false" time="0.437" /><testcase classname="backend.tests.test_email_gate_flow.TestLoginUnverifiedUserReturnsEmailVerifiedFalse" name="test_login_unverified_user_returns_email_verified_false" time="0.731" /><testcase classname="backend.tests.test_email_gate_flow.TestEmailVerificationEndpoint" name="test_verify_email_invalid_token" time="0.301" /><testcase classname="backend.tests.test_email_gate_flow.TestEmailVerificationEndpoint" name="test_verify_email_missing_token" time="0.112" /><testcase classname="backend.tests.test_email_gate_flow.TestResendVerificationEndpoint" name="test_resend_verification_for_unverified_user" time="0.536" /><testcase classname="backend.tests.test_email_gate_flow.TestResendVerificationEndpoint" name="test_resend_verification_nonexistent_email" time="0.225" /><testcase classname="backend.tests.test_email_gate_flow.TestVerifiedUserAccessHome" name="test_verified_user_marco_can_access_home" time="0.551" /><testcase classname="backend.tests.test_email_gate_flow.TestVerifiedUserAccessHome" name="test_admin_can_access_home" time="0.644" /><testcase classname="backend.tests.test_email_gate_flow.TestUnverifiedUserCannotBypassGate" name="test_unverified_user_can_call_api_home" time="0.482" /></testsuite></testsuites>