<?xml version="1.0" encoding="utf-8"?><testsuites name="pytest tests"><testsuite name="pytest" errors="0" failures="0" skipped="0" tests="9" time="6.108" timestamp="2026-03-10T19:12:36.126459+00:00" hostname="agent-env-52e19b83-264e-48b6-9bca-340b9a0feb06"><testcase classname="backend.tests.test_fixture_detail.TestFixtureDetailEndpoint" name="test_fixture_detail_requires_authentication" time="0.191" /><testcase classname="backend.tests.test_fixture_detail.TestFixtureDetailEndpoint" name="test_fixture_detail_returns_correct_structure" time="1.086" /><testcase classname="backend.tests.test_fixture_detail.TestFixtureDetailEndpoint" name="test_fixture_detail_fixture_info_content" time="0.488" /><testcase classname="backend.tests.test_fixture_detail.TestFixtureDetailEndpoint" name="test_fixture_detail_invalid_fixture_id" time="0.994" /><testcase classname="backend.tests.test_fixture_detail.TestStandingsUserEndpointFix" name="test_user_standings_with_national_league" time="0.456" /><testcase classname="backend.tests.test_fixture_detail.TestStandingsUserEndpointFix" name="test_user_standings_returns_items_for_national_league" time="0.467" /><testcase classname="backend.tests.test_fixture_detail.TestStatisticsAPIEndpoints" name="test_stats_leagues_endpoint" time="1.102" /><testcase classname="backend.tests.test_fixture_detail.TestStatisticsAPIEndpoints" name="test_stats_results_endpoint" time="0.675" /><testcase classname="backend.tests.test_fixture_detail.TestStatisticsAPIEndpoints" name="test_stats_upcoming_endpoint" time="0.577" /></testsuite></testsuites>