<?xml version="1.0" encoding="utf-8"?><testsuites name="pytest tests"><testsuite name="pytest" errors="0" failures="0" skipped="0" tests="4" time="3.067" timestamp="2026-02-17T21:46:02.418856+00:00" hostname="agent-env-9eb9e09c-1e64-4e23-a2e7-3c932a423001"><testcase classname="tests.test_giornate_count.TestGiornateCountFix" name="test_admin_matchdays_played_equals_completed_matchdays" time="0.756" /><testcase classname="tests.test_giornate_count.TestGiornateCountFix" name="test_marco_matchdays_played_equals_completed_matchdays" time="0.616" /><testcase classname="tests.test_giornate_count.TestGiornateCountFix" name="test_coherence_check_matchdays_played_vs_last5" time="1.122" /><testcase classname="tests.test_giornate_count.TestGiornateCountFix" name="test_api_response_structure" time="0.516" /></testsuite></testsuites>