<?xml version="1.0" encoding="utf-8"?><testsuites name="pytest tests"><testsuite name="pytest" errors="0" failures="0" skipped="0" tests="16" time="3.421" timestamp="2026-03-28T13:40:48.606606+00:00" hostname="agent-env-e944c108-c873-4314-bc50-59ea77787b77"><testcase classname="backend.tests.test_google_oauth_and_auth.TestGoogleOAuthVerifyToken" name="test_verify_token_missing_id_token" time="0.168" /><testcase classname="backend.tests.test_google_oauth_and_auth.TestGoogleOAuthVerifyToken" name="test_verify_token_empty_id_token" time="0.102" /><testcase classname="backend.tests.test_google_oauth_and_auth.TestGoogleOAuthVerifyToken" name="test_verify_token_invalid_token" time="0.155" /><testcase classname="backend.tests.test_google_oauth_and_auth.TestGoogleOAuthVerifyToken" name="test_verify_token_expired_format_token" time="0.145" /><testcase classname="backend.tests.test_google_oauth_and_auth.TestStandardLogin" name="test_login_admin_success" time="0.342" /><testcase classname="backend.tests.test_google_oauth_and_auth.TestStandardLogin" name="test_login_standard_user_success" time="0.325" /><testcase classname="backend.tests.test_google_oauth_and_auth.TestStandardLogin" name="test_login_invalid_credentials" time="0.329" /><testcase classname="backend.tests.test_google_oauth_and_auth.TestStandardLogin" name="test_login_nonexistent_user" time="0.121" /><testcase classname="backend.tests.test_google_oauth_and_auth.TestRegistration" name="test_register_missing_required_fields" time="0.097" /><testcase classname="backend.tests.test_google_oauth_and_auth.TestRegistration" name="test_register_duplicate_email" time="0.103" /><testcase classname="backend.tests.test_google_oauth_and_auth.TestRegistration" name="test_register_underage_user" time="0.106" /><testcase classname="backend.tests.test_google_oauth_and_auth.TestDeleteAccount" name="test_delete_account_unauthenticated" time="0.100" /><testcase classname="backend.tests.test_google_oauth_and_auth.TestDeleteAccount" name="test_delete_account_authenticated" time="0.437" /><testcase classname="backend.tests.test_google_oauth_and_auth.TestHomeEndpoint" name="test_home_unauthenticated" time="0.108" /><testcase classname="backend.tests.test_google_oauth_and_auth.TestHomeEndpoint" name="test_home_authenticated" time="0.530" /><testcase classname="backend.tests.test_google_oauth_and_auth.TestGoogleOAuthLegacySession" name="test_google_session_missing_session_id" time="0.176" /></testsuite></testsuites>