<?xml version="1.0" encoding="utf-8"?><testsuites name="pytest tests"><testsuite name="pytest" errors="0" failures="0" skipped="0" tests="7" time="1.823" timestamp="2026-02-21T14:02:32.295205+00:00" hostname="agent-env-71c2fb10-fd7c-41a7-abe6-f980c11ec0c3"><testcase classname="backend.tests.test_home_matchday_priority.TestHomeMatchdayPriority" name="test_desiree_login_success" time="0.341" /><testcase classname="backend.tests.test_home_matchday_priority.TestHomeMatchdayPriority" name="test_home_returns_live_matchday_not_locked" time="0.105" /><testcase classname="backend.tests.test_home_matchday_priority.TestHomeMatchdayPriority" name="test_home_matchday_has_required_fields" time="0.111" /><testcase classname="backend.tests.test_home_matchday_priority.TestHomeMatchdayPriority" name="test_home_league_is_national_type" time="0.113" /><testcase classname="backend.tests.test_home_matchday_priority.TestHomeMatchdayPriority" name="test_admin_home_also_shows_live_matchday" time="0.452" /><testcase classname="backend.tests.test_home_matchday_priority.TestHomeMatchdayPriority" name="test_live_endpoint_accessible_for_matchday" time="0.208" /><testcase classname="backend.tests.test_home_matchday_priority.TestHomeWithDifferentLeagueTypes" name="test_manual_league_user_home" time="0.441" /></testsuite></testsuites>