<?xml version="1.0" encoding="utf-8"?><testsuites name="pytest tests"><testsuite name="pytest" errors="0" failures="0" skipped="0" tests="7" time="3.535" timestamp="2026-03-13T22:00:27.551924+00:00" hostname="agent-env-e944c108-c873-4314-bc50-59ea77787b77"><testcase classname="backend.tests.test_impersonate_auth_badge.TestImpersonateUser" name="test_impersonate_user_success" time="0.593" /><testcase classname="backend.tests.test_impersonate_auth_badge.TestImpersonateUser" name="test_impersonate_user_invalid_user_id" time="0.502" /><testcase classname="backend.tests.test_impersonate_auth_badge.TestImpersonateUser" name="test_impersonate_super_admin_blocked" time="0.455" /><testcase classname="backend.tests.test_impersonate_auth_badge.TestImpersonateUser" name="test_impersonate_requires_super_admin" time="0.547" /><testcase classname="backend.tests.test_impersonate_auth_badge.TestImpersonateAuditLog" name="test_impersonate_creates_audit_log" time="0.510" /><testcase classname="backend.tests.test_impersonate_auth_badge.TestAuthProviderAPI" name="test_rbac_users_includes_auth_provider" time="0.406" /><testcase classname="backend.tests.test_impersonate_auth_badge.TestAuthProviderAPI" name="test_my_permissions_returns_username" time="0.390" /></testsuite></testsuites>