<?xml version="1.0" encoding="utf-8"?><testsuites name="pytest tests"><testsuite name="pytest" errors="0" failures="0" skipped="0" tests="9" time="2.716" timestamp="2026-03-12T21:47:20.764384+00:00" hostname="agent-env-e944c108-c873-4314-bc50-59ea77787b77"><testcase classname="backend.tests.test_integer_points_formatting.TestStandingsTotalIntegerPoints" name="test_total_standings_national_league" time="0.695" /><testcase classname="backend.tests.test_integer_points_formatting.TestStandingsTotalIntegerPoints" name="test_total_standings_liga2" time="0.126" /><testcase classname="backend.tests.test_integer_points_formatting.TestHomeApiIntegerPoints" name="test_home_user_summary_integer_points" time="0.135" /><testcase classname="backend.tests.test_integer_points_formatting.TestHomeApiIntegerPoints" name="test_home_last_5_performance_integer_points" time="0.222" /><testcase classname="backend.tests.test_integer_points_formatting.TestHomeApiIntegerPoints" name="test_home_rankings_preview_integer_points" time="0.163" /><testcase classname="backend.tests.test_integer_points_formatting.TestPredictionsApiIntegerPoints" name="test_predictions_points_are_integers" time="0.255" /><testcase classname="backend.tests.test_integer_points_formatting.TestLiveApiIntegerPoints" name="test_live_points_are_integers" time="0.313" /><testcase classname="backend.tests.test_integer_points_formatting.TestWeeklyStandingsIntegerPoints" name="test_weekly_standings_integer_points" time="0.322" /><testcase classname="backend.tests.test_integer_points_formatting.TestUserStandingsProfileIntegerPoints" name="test_user_standings_profile_integer_points" time="0.371" /></testsuite></testsuites>