<?xml version="1.0" encoding="utf-8"?><testsuites name="pytest tests"><testsuite name="pytest" errors="0" failures="0" skipped="0" tests="15" time="10.789" timestamp="2026-02-28T17:46:05.763350+00:00" hostname="agent-env-b07768c9-9575-4bcb-8028-87c7cf053a0f"><testcase classname="backend.tests.test_l1_l2_league_control_room.TestDashboardLeagueKPIs" name="test_dashboard_stats_returns_league_counts" time="0.707" /><testcase classname="backend.tests.test_l1_l2_league_control_room.TestDashboardLeagueKPIs" name="test_dashboard_kpi_totals_add_up" time="0.549" /><testcase classname="backend.tests.test_l1_l2_league_control_room.TestDashboardLeagueKPIs" name="test_leagues_list_has_type_fields" time="0.638" /><testcase classname="backend.tests.test_l1_l2_league_control_room.TestLeagueControlRoom" name="test_league_has_control_room_data" time="0.616" /><testcase classname="backend.tests.test_l1_l2_league_control_room.TestLeagueControlRoom" name="test_league_members_endpoint" time="0.777" /><testcase classname="backend.tests.test_l1_l2_league_control_room.TestEditLeagueRulesAPI" name="test_edit_rules_requires_confirm" time="0.683" /><testcase classname="backend.tests.test_l1_l2_league_control_room.TestEditLeagueRulesAPI" name="test_edit_rules_accepts_name_field" time="0.867" /><testcase classname="backend.tests.test_l1_l2_league_control_room.TestEditLeagueRulesAPI" name="test_edit_rules_name_validation_min_length" time="0.696" /><testcase classname="backend.tests.test_l1_l2_league_control_room.TestEditLeagueRulesAPI" name="test_edit_rules_name_validation_max_length" time="0.686" /><testcase classname="backend.tests.test_l1_l2_league_control_room.TestEditLeagueRulesAPI" name="test_edit_rules_updates_scoring_config" time="0.711" /><testcase classname="backend.tests.test_l1_l2_league_control_room.TestEditLeagueRulesAPI" name="test_edit_rules_updates_matchday_range" time="0.764" /><testcase classname="backend.tests.test_l1_l2_league_control_room.TestEditLeagueRulesAPI" name="test_edit_rules_updates_deadline_and_championship" time="0.711" /><testcase classname="backend.tests.test_l1_l2_league_control_room.TestEditLeagueRulesAPI" name="test_edit_national_league_forbidden" time="0.746" /><testcase classname="backend.tests.test_l1_l2_league_control_room.TestControlRoomAccessControl" name="test_non_admin_cannot_access_dashboard_stats" time="0.520" /><testcase classname="backend.tests.test_l1_l2_league_control_room.TestControlRoomAccessControl" name="test_non_super_admin_cannot_edit_rules" time="1.030" /></testsuite></testsuites>