<?xml version="1.0" encoding="utf-8"?><testsuites name="pytest tests"><testsuite name="pytest" errors="0" failures="0" skipped="0" tests="17" time="5.089" timestamp="2026-02-28T17:33:02.705703+00:00" hostname="agent-env-b07768c9-9575-4bcb-8028-87c7cf053a0f"><testcase classname="backend.tests.test_league_fixes.TestFix2NationalLeagueNotAtRisk" name="test_dashboard_stats_returns_at_risk_list" time="0.775" /><testcase classname="backend.tests.test_league_fixes.TestFix2NationalLeagueNotAtRisk" name="test_national_league_not_in_at_risk" time="0.181" /><testcase classname="backend.tests.test_league_fixes.TestFix2NationalLeagueNotAtRisk" name="test_only_private_custom_leagues_in_at_risk" time="0.340" /><testcase classname="backend.tests.test_league_fixes.TestFix3LeagueTypeBadgesAndFiltering" name="test_leagues_endpoint_returns_type_fields" time="0.214" /><testcase classname="backend.tests.test_league_fixes.TestFix3LeagueTypeBadgesAndFiltering" name="test_three_league_types_exist" time="0.274" /><testcase classname="backend.tests.test_league_fixes.TestFix3LeagueTypeBadgesAndFiltering" name="test_national_league_exists_with_correct_type" time="0.215" /><testcase classname="backend.tests.test_league_fixes.TestFix4LeagueRulesDisplay" name="test_leagues_return_scoring_config" time="0.248" /><testcase classname="backend.tests.test_league_fixes.TestFix4LeagueRulesDisplay" name="test_leagues_return_matchday_range" time="0.261" /><testcase classname="backend.tests.test_league_fixes.TestFix4LeagueRulesDisplay" name="test_leagues_return_deadline_and_championship" time="0.223" /><testcase classname="backend.tests.test_league_fixes.TestFix5SuperAdminEditRules" name="test_edit_rules_requires_confirm_field" time="0.108" /><testcase classname="backend.tests.test_league_fixes.TestFix5SuperAdminEditRules" name="test_edit_rules_rejects_non_super_admin" time="0.472" /><testcase classname="backend.tests.test_league_fixes.TestFix5SuperAdminEditRules" name="test_edit_rules_updates_scoring_config" time="0.392" /><testcase classname="backend.tests.test_league_fixes.TestFix5SuperAdminEditRules" name="test_edit_rules_updates_other_fields" time="0.373" /><testcase classname="backend.tests.test_league_fixes.TestFix1AdminCountFromMemberships" name="test_leagues_return_admins_array" time="0.243" /><testcase classname="backend.tests.test_league_fixes.TestFix1AdminCountFromMemberships" name="test_national_league_owner_shown_as_sistema" time="0.237" /><testcase classname="backend.tests.test_league_fixes.TestIntegrationAdminPanelFlow" name="test_admin_can_view_all_leagues" time="0.238" /><testcase classname="backend.tests.test_league_fixes.TestIntegrationAdminPanelFlow" name="test_dashboard_stats_complete" time="0.151" /></testsuite></testsuites>