<?xml version="1.0" encoding="utf-8"?><testsuites name="pytest tests"><testsuite name="pytest" errors="0" failures="0" skipped="0" tests="7" time="4.682" timestamp="2026-02-19T16:56:27.503483+00:00" hostname="agent-env-27e86486-f37f-492b-b111-bb08c8ba09e7"><testcase classname="backend.tests.test_league_creation.TestLeagueCreation" name="test_get_active_seasons" time="0.720" /><testcase classname="backend.tests.test_league_creation.TestLeagueCreation" name="test_create_league_with_full_config" time="0.371" /><testcase classname="backend.tests.test_league_creation.TestLeagueCreation" name="test_get_league_detail" time="0.509" /><testcase classname="backend.tests.test_league_creation.TestLeagueCreation" name="test_update_league_when_rules_unlocked" time="0.615" /><testcase classname="backend.tests.test_league_creation.TestLeagueCreation" name="test_join_league_and_rules_lock" time="1.516" /><testcase classname="backend.tests.test_league_creation.TestLeagueCreation" name="test_update_fails_when_rules_locked" time="0.615" /><testcase classname="backend.tests.test_league_creation.TestLeagueCreation" name="test_join_with_invalid_code" time="0.154" /></testsuite></testsuites>