<?xml version="1.0" encoding="utf-8"?><testsuites name="pytest tests"><testsuite name="pytest" errors="0" failures="0" skipped="0" tests="14" time="4.247" timestamp="2026-02-20T20:28:55.233680+00:00" hostname="agent-env-fe9a4cb7-03af-471a-89ab-587f15c22863"><testcase classname="backend.tests.test_league_id_in_predictions.TestDesylegaStartsFromZero" name="test_standings_matchdays_empty_for_new_league" time="0.649" /><testcase classname="backend.tests.test_league_id_in_predictions.TestDesylegaStartsFromZero" name="test_standings_total_zero_points_no_predictions" time="0.531" /><testcase classname="backend.tests.test_league_id_in_predictions.TestDesylegaStartsFromZero" name="test_home_last_5_empty_no_predictions" time="0.131" /><testcase classname="backend.tests.test_league_id_in_predictions.TestSavePredictionWithLeagueId" name="test_save_prediction_returns_200" time="0.500" /><testcase classname="backend.tests.test_league_id_in_predictions.TestSavePredictionWithLeagueId" name="test_prediction_has_league_id_in_db" time="0.204" /><testcase classname="backend.tests.test_league_id_in_predictions.TestSavePredictionWithLeagueId" name="test_standings_matchdays_shows_matchday_after_prediction" time="0.140" /><testcase classname="backend.tests.test_league_id_in_predictions.TestSavePredictionWithLeagueId" name="test_weekly_standings_only_users_with_predictions" time="0.303" /><testcase classname="backend.tests.test_league_id_in_predictions.TestSavePredictionWithLeagueId" name="test_cleanup_predictions_and_standings_empty" time="0.155" /><testcase classname="backend.tests.test_league_id_in_predictions.TestSavePredictionWithLeagueId" name="test_standings_total_still_zero_after_cleanup" time="0.145" /><testcase classname="backend.tests.test_league_id_in_predictions.TestIlioManualLeagueRegression" name="test_home_returns_200" time="0.626" /><testcase classname="backend.tests.test_league_id_in_predictions.TestIlioManualLeagueRegression" name="test_last_5_total_is_6_points" time="0.149" /><testcase classname="backend.tests.test_league_id_in_predictions.TestIlioManualLeagueRegression" name="test_last_5_individual_matchday_points" time="0.192" /><testcase classname="backend.tests.test_league_id_in_predictions.TestIlioManualLeagueRegression" name="test_standings_total_ilio_6_points" time="0.261" /><testcase classname="backend.tests.test_league_id_in_predictions.TestIlioManualLeagueRegression" name="test_standings_matchdays_returns_ilio_matchdays" time="0.106" /></testsuite></testsuites>