<?xml version="1.0" encoding="utf-8"?><testsuites name="pytest tests"><testsuite name="pytest" errors="0" failures="0" skipped="0" tests="13" time="5.725" timestamp="2026-02-19T23:06:20.890636+00:00" hostname="agent-env-dd171ee7-c747-446a-b661-100843a37f63"><testcase classname="backend.tests.test_league_admin_console.TestLeagueAdminConsole" name="test_01_home_returns_owned_leagues" time="0.753" /><testcase classname="backend.tests.test_league_admin_console.TestLeagueAdminConsole" name="test_02_owner_can_get_league_details" time="0.301" /><testcase classname="backend.tests.test_league_admin_console.TestLeagueAdminConsole" name="test_03_owner_can_get_league_matchdays" time="0.159" /><testcase classname="backend.tests.test_league_admin_console.TestLeagueAdminConsole" name="test_04_owner_can_create_matchday" time="0.551" /><testcase classname="backend.tests.test_league_admin_console.TestLeagueAdminConsole" name="test_05_owner_can_create_match" time="0.426" /><testcase classname="backend.tests.test_league_admin_console.TestLeagueAdminConsole" name="test_06_owner_can_update_matchday_status" time="0.237" /><testcase classname="backend.tests.test_league_admin_console.TestLeagueAdminConsole" name="test_07_owner_can_update_match_result" time="0.415" /><testcase classname="backend.tests.test_league_admin_console.TestLeagueAdminConsole" name="test_08_non_owner_cannot_create_matchday" time="0.650" /><testcase classname="backend.tests.test_league_admin_console.TestLeagueAdminConsole" name="test_09_non_owner_cannot_create_match" time="0.319" /><testcase classname="backend.tests.test_league_admin_console.TestLeagueAdminConsole" name="test_10_non_owner_cannot_update_match" time="0.393" /><testcase classname="backend.tests.test_league_admin_console.TestLeagueAdminConsole" name="test_11_national_league_blocks_management" time="0.310" /><testcase classname="backend.tests.test_league_admin_console.TestProfileOwnedLeagues" name="test_profile_contains_league_count" time="0.533" /><testcase classname="backend.tests.test_league_admin_console.TestProfileOwnedLeagues" name="test_home_user_leagues_have_ownership_info" time="0.601" /></testsuite></testsuites>