<?xml version="1.0" encoding="utf-8"?><testsuites name="pytest tests"><testsuite name="pytest" errors="0" failures="0" skipped="1" tests="11" time="3.807" timestamp="2026-03-13T16:29:17.580887+00:00" hostname="agent-env-e944c108-c873-4314-bc50-59ea77787b77"><testcase classname="backend.tests.test_lifecycle_management.TestSeasonLifecycle" name="test_get_seasons_returns_status_field" time="0.595" /><testcase classname="backend.tests.test_lifecycle_management.TestSeasonLifecycle" name="test_archive_active_season_should_fail" time="0.117" /><testcase classname="backend.tests.test_lifecycle_management.TestSeasonLifecycle" name="test_complete_season_endpoint_exists" time="0.172" /><testcase classname="backend.tests.test_lifecycle_management.TestLeagueMatchdayRange" name="test_get_league_matchday_range_returns_correct_values" time="0.487" /><testcase classname="backend.tests.test_lifecycle_management.TestLeagueMatchdayRange" name="test_create_league_with_invalid_start_matchday_fails" time="0.148" /><testcase classname="backend.tests.test_lifecycle_management.TestLeagueMatchdayRange" name="test_create_league_with_valid_matchday_range_succeeds" time="0.133" /><testcase classname="backend.tests.test_lifecycle_management.TestLeagueStatusField" name="test_get_leagues_includes_status_field" time="0.567" /><testcase classname="backend.tests.test_lifecycle_management.TestSeasonLifecycleValidation" name="test_activate_endpoint_exists" time="0.506" /><testcase classname="backend.tests.test_lifecycle_management.TestSeasonLifecycleValidation" name="test_unauthenticated_access_denied" time="0.236" /><testcase classname="backend.tests.test_lifecycle_management.TestLeagueCompleteEndpoint" name="test_complete_league_endpoint_exists" time="0.475" /><testcase classname="backend.tests.test_lifecycle_management.TestLeagueCompleteEndpoint" name="test_complete_already_completed_league_fails" time="0.255"><skipped type="pytest.skip" message="No completed leagues to test">/app/backend/tests/test_lifecycle_management.py:244: No completed leagues to test</skipped></testcase></testsuite></testsuites>