<?xml version="1.0" encoding="utf-8"?><testsuites name="pytest tests"><testsuite name="pytest" errors="0" failures="0" skipped="0" tests="9" time="4.603" timestamp="2026-02-22T11:30:04.844102+00:00" hostname="agent-env-cc8ea54a-ecfe-4aee-82e8-6b404b76c22e"><testcase classname="tests.test_live_classifica.TestHomeLiveClassifica" name="test_home_returns_live_rank_and_points" time="0.595" /><testcase classname="tests.test_live_classifica.TestHomeLiveClassifica" name="test_home_multi_league_isolation" time="0.536" /><testcase classname="tests.test_live_classifica.TestWeeklyStandingsLive" name="test_live_matchday_shows_all_members" time="0.458" /><testcase classname="tests.test_live_classifica.TestWeeklyStandingsLive" name="test_matchday_status_in_response" time="0.444" /><testcase classname="tests.test_live_classifica.TestAvailableMatchdays" name="test_includes_live_matchdays" time="0.432" /><testcase classname="tests.test_live_classifica.TestUserPredictionsEmptyState" name="test_user_without_predictions" time="0.545" /><testcase classname="tests.test_live_classifica.TestRegressionTotalStandings" name="test_total_standings_still_works" time="0.451" /><testcase classname="tests.test_live_classifica.TestCompletedMatchdayRegression" name="test_completed_matchday_shows_only_players" time="0.533" /><testcase classname="tests.test_live_classifica.TestMultiLeagueIsolation" name="test_weekly_standings_isolated_by_league" time="0.541" /></testsuite></testsuites>