<?xml version="1.0" encoding="utf-8"?><testsuites name="pytest tests"><testsuite name="pytest" errors="0" failures="0" skipped="0" tests="11" time="2.389" timestamp="2026-03-21T20:53:55.937116+00:00" hostname="agent-env-e944c108-c873-4314-bc50-59ea77787b77"><testcase classname="backend.tests.test_live_refresh_endpoints.TestLiveStatusEndpoint" name="test_live_status_admin_success" time="0.511" /><testcase classname="backend.tests.test_live_refresh_endpoints.TestLiveStatusEndpoint" name="test_live_status_unauthenticated" time="0.108" /><testcase classname="backend.tests.test_live_refresh_endpoints.TestLiveStatusEndpoint" name="test_live_status_standard_user_rejected" time="0.432" /><testcase classname="backend.tests.test_live_refresh_endpoints.TestRefreshLiveEndpoint" name="test_refresh_live_admin_success" time="0.114" /><testcase classname="backend.tests.test_live_refresh_endpoints.TestRefreshLiveEndpoint" name="test_refresh_live_unauthenticated" time="0.100" /><testcase classname="backend.tests.test_live_refresh_endpoints.TestRefreshLiveEndpoint" name="test_refresh_live_standard_user_rejected" time="0.118" /><testcase classname="backend.tests.test_live_refresh_endpoints.TestResetCircuitBreakerEndpoint" name="test_reset_circuit_breaker_admin_success" time="0.125" /><testcase classname="backend.tests.test_live_refresh_endpoints.TestResetCircuitBreakerEndpoint" name="test_reset_circuit_breaker_unauthenticated" time="0.113" /><testcase classname="backend.tests.test_live_refresh_endpoints.TestResetCircuitBreakerEndpoint" name="test_reset_circuit_breaker_standard_user_rejected" time="0.136" /><testcase classname="backend.tests.test_live_refresh_endpoints.TestLiveRefreshIntegration" name="test_refresh_then_check_status" time="0.237" /><testcase classname="backend.tests.test_live_refresh_endpoints.TestLiveRefreshIntegration" name="test_reset_then_check_status" time="0.255" /></testsuite></testsuites>