<?xml version="1.0" encoding="utf-8"?><testsuites name="pytest tests"><testsuite name="pytest" errors="0" failures="0" skipped="0" tests="9" time="7.432" timestamp="2026-03-20T20:20:50.224505+00:00" hostname="agent-env-e944c108-c873-4314-bc50-59ea77787b77"><testcase classname="backend.tests.test_match_detail_sheet_apis.TestMatchDetailSheetAPIs" name="test_fixture_detail_completed_match" time="1.352" /><testcase classname="backend.tests.test_match_detail_sheet_apis.TestMatchDetailSheetAPIs" name="test_fixture_detail_upcoming_match" time="1.530" /><testcase classname="backend.tests.test_match_detail_sheet_apis.TestMatchDetailSheetAPIs" name="test_fixture_detail_invalid_id" time="1.116" /><testcase classname="backend.tests.test_match_detail_sheet_apis.TestMatchDetailSheetAPIs" name="test_fixture_detail_requires_auth" time="0.529" /><testcase classname="backend.tests.test_match_detail_sheet_apis.TestMatchDetailSheetAPIs" name="test_results_endpoint" time="0.620" /><testcase classname="backend.tests.test_match_detail_sheet_apis.TestMatchDetailSheetAPIs" name="test_upcoming_endpoint" time="0.621" /><testcase classname="backend.tests.test_match_detail_sheet_apis.TestMatchDetailSheetAPIs" name="test_event_data_structure" time="0.472" /><testcase classname="backend.tests.test_match_detail_sheet_apis.TestMatchDetailSheetAPIs" name="test_statistics_data_structure" time="0.477" /><testcase classname="backend.tests.test_match_detail_sheet_apis.TestMatchDetailSheetAPIs" name="test_lineups_data_structure" time="0.466" /></testsuite></testsuites>