<?xml version="1.0" encoding="utf-8"?><testsuites name="pytest tests"><testsuite name="pytest" errors="0" failures="2" skipped="1" tests="14" time="3.470" timestamp="2026-02-28T19:01:22.083530+00:00" hostname="agent-env-b07768c9-9575-4bcb-8028-87c7cf053a0f"><testcase classname="backend.tests.test_matchdays_giornate.TestMatchdaysAPI" name="test_list_matchdays_default_national" time="0.673" /><testcase classname="backend.tests.test_matchdays_giornate.TestMatchdaysAPI" name="test_list_matchdays_with_league_id" time="0.163" /><testcase classname="backend.tests.test_matchdays_giornate.TestMatchdaysAPI" name="test_matchday_has_required_fields" time="0.120" /><testcase classname="backend.tests.test_matchdays_giornate.TestMatchdaysAPI" name="test_matchday_sorted_by_number" time="0.127" /><testcase classname="backend.tests.test_matchdays_giornate.TestMatchdaysAPI" name="test_create_matchday_with_league_id" time="0.277" /><testcase classname="backend.tests.test_matchdays_giornate.TestMatchdaysAPI" name="test_delete_draft_matchday_without_data" time="0.119" /><testcase classname="backend.tests.test_matchdays_giornate.TestMatchdaysAPI" name="test_dashboard_stats_matchday_counts" time="0.161"><failure message="AssertionError: Missing matchday status count: LIVE&#10;assert 'LIVE' in {'COMPLETED': 45, 'DRAFT': 6, 'LOCKED': 10, 'OPEN': 2}">backend/tests/test_matchdays_giornate.py:179: in test_dashboard_stats_matchday_counts
    assert status in md_stats, f"Missing matchday status count: {status}"
E   AssertionError: Missing matchday status count: LIVE
E   assert 'LIVE' in {'COMPLETED': 45, 'DRAFT': 6, 'LOCKED': 10, 'OPEN': 2}</failure></testcase><testcase classname="backend.tests.test_matchdays_giornate.TestMatchdaysAPI" name="test_leagues_list_for_selector" time="0.257" /><testcase classname="backend.tests.test_matchdays_giornate.TestMatchdaysAPI" name="test_national_league_match_source" time="0.263"><failure message="AssertionError: National league should have match_source_type='national'&#10;assert ('' == 'national'&#10;  &#10;  - national or '' is None)&#10; +  where '' = &lt;built-in method get of dict object at 0xf9e94a799b00&gt;('match_source_type')&#10; +    where &lt;built-in method get of dict object at 0xf9e94a799b00&gt; = {'admins': [{'email': 'admin@fantapronostic.com', 'id': 'f0a01bb1-4b0c-4f6f-9c8e-a7b33b445651', 'role': 'admin', 'username': 'admin'}], 'bet_deadline_minutes': 5, 'competition_name': '', 'created_at': '2026-02-15T20:10:49.881868+00:00', ...}.get">backend/tests/test_matchdays_giornate.py:219: in test_national_league_match_source
    assert national.get("match_source_type") == "national" or national.get("match_source_type") is None, \
E   AssertionError: National league should have match_source_type='national'
E   assert ('' == 'national'
E     
E     - national or '' is None)
E    +  where '' = &lt;built-in method get of dict object at 0xf9e94a799b00&gt;('match_source_type')
E    +    where &lt;built-in method get of dict object at 0xf9e94a799b00&gt; = {'admins': [{'email': 'admin@fantapronostic.com', 'id': 'f0a01bb1-4b0c-4f6f-9c8e-a7b33b445651', 'role': 'admin', 'username': 'admin'}], 'bet_deadline_minutes': 5, 'competition_name': '', 'created_at': '2026-02-15T20:10:49.881868+00:00', ...}.get</failure></testcase><testcase classname="backend.tests.test_matchdays_giornate.TestMatchdaysAPI" name="test_private_national_league_readonly" time="0.285" /><testcase classname="backend.tests.test_matchdays_giornate.TestMatchdaysAPI" name="test_get_matches_for_matchday" time="0.268" /><testcase classname="backend.tests.test_matchdays_giornate.TestMatchdayStateMachine" name="test_matchday_status_values" time="0.535" /><testcase classname="backend.tests.test_matchdays_giornate.TestMatchdayStateMachine" name="test_update_matchday_status" time="0.110"><skipped type="pytest.skip" message="No DRAFT matchday available to test status update">/app/backend/tests/test_matchdays_giornate.py:312: No DRAFT matchday available to test status update</skipped></testcase><testcase classname="backend.tests.test_matchdays_giornate.TestMenuItems" name="test_sidebar_no_partite_nav" time="0.000" /></testsuite></testsuites>