<?xml version="1.0" encoding="utf-8"?><testsuites name="pytest tests"><testsuite name="pytest" errors="0" failures="0" skipped="1" tests="14" time="3.104" timestamp="2026-02-28T19:01:44.657520+00:00" hostname="agent-env-b07768c9-9575-4bcb-8028-87c7cf053a0f"><testcase classname="backend.tests.test_matchdays_giornate.TestMatchdaysAPI" name="test_list_matchdays_default_national" time="0.535" /><testcase classname="backend.tests.test_matchdays_giornate.TestMatchdaysAPI" name="test_list_matchdays_with_league_id" time="0.104" /><testcase classname="backend.tests.test_matchdays_giornate.TestMatchdaysAPI" name="test_matchday_has_required_fields" time="0.114" /><testcase classname="backend.tests.test_matchdays_giornate.TestMatchdaysAPI" name="test_matchday_sorted_by_number" time="0.141" /><testcase classname="backend.tests.test_matchdays_giornate.TestMatchdaysAPI" name="test_create_matchday_with_league_id" time="0.234" /><testcase classname="backend.tests.test_matchdays_giornate.TestMatchdaysAPI" name="test_delete_draft_matchday_without_data" time="0.125" /><testcase classname="backend.tests.test_matchdays_giornate.TestMatchdaysAPI" name="test_dashboard_stats_matchday_counts" time="0.156" /><testcase classname="backend.tests.test_matchdays_giornate.TestMatchdaysAPI" name="test_leagues_list_for_selector" time="0.263" /><testcase classname="backend.tests.test_matchdays_giornate.TestMatchdaysAPI" name="test_national_league_match_source" time="0.283" /><testcase classname="backend.tests.test_matchdays_giornate.TestMatchdaysAPI" name="test_private_national_league_readonly" time="0.260" /><testcase classname="backend.tests.test_matchdays_giornate.TestMatchdaysAPI" name="test_get_matches_for_matchday" time="0.233" /><testcase classname="backend.tests.test_matchdays_giornate.TestMatchdayStateMachine" name="test_matchday_status_values" time="0.444" /><testcase classname="backend.tests.test_matchdays_giornate.TestMatchdayStateMachine" name="test_update_matchday_status" time="0.130"><skipped type="pytest.skip" message="No DRAFT matchday available to test status update">/app/backend/tests/test_matchdays_giornate.py:314: No DRAFT matchday available to test status update</skipped></testcase><testcase classname="backend.tests.test_matchdays_giornate.TestMenuItems" name="test_sidebar_no_partite_nav" time="0.000" /></testsuite></testsuites>