<?xml version="1.0" encoding="utf-8"?><testsuites name="pytest tests"><testsuite name="pytest" errors="0" failures="0" skipped="1" tests="7" time="7.168" timestamp="2026-02-23T22:11:17.227771+00:00" hostname="agent-env-aa7b40fe-cff6-4d6c-a047-d23e0fa4bc7a"><testcase classname="tests.test_match_preview.TestMatchPreviewAPI" name="test_match_preview_success" time="1.685" /><testcase classname="tests.test_match_preview.TestMatchPreviewAPI" name="test_match_preview_manual_match_returns_400" time="1.072"><skipped type="pytest.skip" message="No manual league found for testing">/app/backend/tests/test_match_preview.py:106: No manual league found for testing</skipped></testcase><testcase classname="tests.test_match_preview.TestMatchPreviewAPI" name="test_match_preview_invalid_match_returns_404" time="1.296" /><testcase classname="tests.test_match_preview.TestMatchPreviewAPI" name="test_match_preview_requires_auth" time="0.166" /><testcase classname="tests.test_match_preview.TestMatchPreviewDataStructure" name="test_home_form_structure" time="0.896" /><testcase classname="tests.test_match_preview.TestMatchPreviewDataStructure" name="test_h2h_structure" time="0.992" /><testcase classname="tests.test_match_preview.TestMatchPreviewDataStructure" name="test_standings_structure" time="0.947" /></testsuite></testsuites>