<?xml version="1.0" encoding="utf-8"?><testsuites name="pytest tests"><testsuite name="pytest" errors="0" failures="0" skipped="3" tests="9" time="4.849" timestamp="2026-02-22T01:43:30.034387+00:00" hostname="agent-env-40436de6-c4e1-4c96-96f5-3f4fd60f6f1a"><testcase classname="tests.test_matchday_state_machine.TestMatchdayCreation" name="test_create_matchday_draft_status_super_admin" time="0.663" /><testcase classname="tests.test_matchday_state_machine.TestTransitionDraftToOpen" name="test_transition_draft_to_open_with_matches" time="0.423"><skipped type="pytest.skip" message="No DRAFT matchday with at least 1 match available">/app/backend/tests/test_matchday_state_machine.py:114: No DRAFT matchday with at least 1 match available</skipped></testcase><testcase classname="tests.test_matchday_state_machine.TestTransitionDraftToOpen" name="test_transition_draft_to_open_fails_without_matches" time="0.545" /><testcase classname="tests.test_matchday_state_machine.TestAutoTransitionsBlocked" name="test_open_to_live_transition_blocked" time="0.440"><skipped type="pytest.skip" message="No OPEN matchday available">/app/backend/tests/test_matchday_state_machine.py:192: No OPEN matchday available</skipped></testcase><testcase classname="tests.test_matchday_state_machine.TestAutoTransitionsBlocked" name="test_live_to_completed_transition_blocked" time="0.406"><skipped type="pytest.skip" message="No LIVE matchday available">/app/backend/tests/test_matchday_state_machine.py:215: No LIVE matchday available</skipped></testcase><testcase classname="tests.test_matchday_state_machine.TestSuperAdminOverride" name="test_override_works_for_super_admin" time="0.699" /><testcase classname="tests.test_matchday_state_machine.TestSuperAdminOverride" name="test_override_fails_for_league_owner" time="0.511" /><testcase classname="tests.test_matchday_state_machine.TestAdminV3MatchdaysEndpoint" name="test_matchdays_returns_effective_status" time="0.493" /><testcase classname="tests.test_matchday_state_machine.TestValidTransitionsConfig" name="test_only_draft_to_open_is_manual" time="0.564" /></testsuite></testsuites>