<?xml version="1.0" encoding="utf-8"?><testsuites name="pytest tests"><testsuite name="pytest" errors="0" failures="0" skipped="0" tests="6" time="2.976" timestamp="2026-03-13T16:46:05.090622+00:00" hostname="agent-env-e944c108-c873-4314-bc50-59ea77787b77"><testcase classname="backend.tests.test_matchday_range_bug.TestMatchdayRangeAPIs" name="test_user_matchday_range_returns_26_38" time="0.735" /><testcase classname="backend.tests.test_matchday_range_bug.TestMatchdayRangeAPIs" name="test_admin_matchday_range_returns_26_38" time="0.488" /><testcase classname="backend.tests.test_matchday_range_bug.TestLeagueCreationValidation" name="test_league_creation_retroactive_fails" time="0.506" /><testcase classname="backend.tests.test_matchday_range_bug.TestLeagueCreationValidation" name="test_league_creation_valid_range_succeeds" time="0.125" /><testcase classname="backend.tests.test_matchday_range_bug.TestSeasonConfigurationFields" name="test_admin_seasons_returns_matchday_fields" time="0.518" /><testcase classname="backend.tests.test_matchday_range_bug.TestSeasonConfigurationFields" name="test_admin_update_season_matchday_fields" time="0.474" /></testsuite></testsuites>