<?xml version="1.0" encoding="utf-8"?><testsuites name="pytest tests"><testsuite name="pytest" errors="0" failures="0" skipped="0" tests="5" time="2.663" timestamp="2026-03-12T23:29:33.656962+00:00" hostname="agent-env-e944c108-c873-4314-bc50-59ea77787b77"><testcase classname="backend.tests.test_mini_ranking_last5_pills.TestHomeApiRankingsPreview" name="test_home_returns_rankings_preview_with_current_user_id" time="0.608" /><testcase classname="backend.tests.test_mini_ranking_last5_pills.TestHomeApiRankingsPreview" name="test_home_returns_last_5_performance" time="0.483" /><testcase classname="backend.tests.test_mini_ranking_last5_pills.TestTournamentGroupsEndpoint" name="test_tournament_groups_endpoint_exists" time="0.510" /><testcase classname="backend.tests.test_mini_ranking_last5_pills.TestTournamentGroupsEndpoint" name="test_admin_group_c_has_standings" time="0.502" /><testcase classname="backend.tests.test_mini_ranking_last5_pills.TestTournamentMyMatchups" name="test_tournament_my_matchups_returns_data" time="0.503" /></testsuite></testsuites>