<?xml version="1.0" encoding="utf-8"?><testsuites name="pytest tests"><testsuite name="pytest" errors="0" failures="0" skipped="0" tests="29" time="12.115" timestamp="2026-03-10T15:56:06.420464+00:00" hostname="agent-env-7d6b9dd7-ef6d-435f-a56e-f1a7f9fb17f7"><testcase classname="backend.tests.test_modular_routes_refactor.TestAPIRoot" name="test_api_root" time="0.240" /><testcase classname="backend.tests.test_modular_routes_refactor.TestAPIRoot" name="test_admin_ui_accessible" time="0.167" /><testcase classname="backend.tests.test_modular_routes_refactor.TestAPIRoot" name="test_reset_password_page" time="0.119" /><testcase classname="backend.tests.test_modular_routes_refactor.TestAuthEndpoints" name="test_login_standard_user" time="0.415" /><testcase classname="backend.tests.test_modular_routes_refactor.TestAuthEndpoints" name="test_login_admin_user" time="0.338" /><testcase classname="backend.tests.test_modular_routes_refactor.TestAuthEndpoints" name="test_login_invalid_credentials" time="0.120" /><testcase classname="backend.tests.test_modular_routes_refactor.TestAuthEndpoints" name="test_register_duplicate_email" time="0.137" /><testcase classname="backend.tests.test_modular_routes_refactor.TestAuthEndpoints" name="test_username_available" time="0.169" /><testcase classname="backend.tests.test_modular_routes_refactor.TestAuthEndpoints" name="test_get_me_with_token" time="0.475" /><testcase classname="backend.tests.test_modular_routes_refactor.TestAuthEndpoints" name="test_get_me_without_token" time="0.115" /><testcase classname="backend.tests.test_modular_routes_refactor.TestProfileEndpoints" name="test_get_profile" time="0.495" /><testcase classname="backend.tests.test_modular_routes_refactor.TestProfileEndpoints" name="test_update_profile" time="0.490" /><testcase classname="backend.tests.test_modular_routes_refactor.TestHomeEndpoint" name="test_get_home" time="0.482" /><testcase classname="backend.tests.test_modular_routes_refactor.TestLeaguesEndpoints" name="test_get_my_leagues" time="0.460" /><testcase classname="backend.tests.test_modular_routes_refactor.TestLeaguesEndpoints" name="test_get_national_leagues" time="0.479" /><testcase classname="backend.tests.test_modular_routes_refactor.TestStandingsEndpoints" name="test_get_total_standings" time="0.627" /><testcase classname="backend.tests.test_modular_routes_refactor.TestStandingsEndpoints" name="test_get_matchdays" time="0.570" /><testcase classname="backend.tests.test_modular_routes_refactor.TestNotificationsEndpoints" name="test_get_notifications" time="0.470" /><testcase classname="backend.tests.test_modular_routes_refactor.TestNotificationsEndpoints" name="test_get_unread_count" time="0.451" /><testcase classname="backend.tests.test_modular_routes_refactor.TestNewsEndpoints" name="test_get_news" time="0.528" /><testcase classname="backend.tests.test_modular_routes_refactor.TestRBACEndpoints" name="test_get_my_permissions" time="0.465" /><testcase classname="backend.tests.test_modular_routes_refactor.TestRBACEndpoints" name="test_get_dashboard_stats" time="0.470" /><testcase classname="backend.tests.test_modular_routes_refactor.TestRBACEndpoints" name="test_get_users_list" time="0.467" /><testcase classname="backend.tests.test_modular_routes_refactor.TestRBACEndpoints" name="test_get_roles_list" time="0.466" /><testcase classname="backend.tests.test_modular_routes_refactor.TestRBACEndpoints" name="test_get_rbac_leagues_list" time="0.648" /><testcase classname="backend.tests.test_modular_routes_refactor.TestAdminEndpoints" name="test_get_admin_seasons" time="0.508" /><testcase classname="backend.tests.test_modular_routes_refactor.TestAdminEndpoints" name="test_get_admin_matchdays" time="0.469" /><testcase classname="backend.tests.test_modular_routes_refactor.TestLiveEndpoints" name="test_get_live_data" time="0.572" /><testcase classname="backend.tests.test_modular_routes_refactor.TestPredictionsEndpoints" name="test_get_predictions" time="0.554" /></testsuite></testsuites>