<?xml version="1.0" encoding="utf-8"?><testsuites name="pytest tests"><testsuite name="pytest" errors="0" failures="0" skipped="0" tests="9" time="2.516" timestamp="2026-02-19T21:37:38.337723+00:00" hostname="agent-env-dd171ee7-c747-446a-b661-100843a37f63"><testcase classname="tests.test_multi_league_bugs.TestP1OwnerIdInHomeResponse" name="test_home_returns_owner_id_for_manual_league" time="0.908" /><testcase classname="tests.test_multi_league_bugs.TestP1OwnerIdInHomeResponse" name="test_home_owner_id_equals_user_id_for_league_creator" time="0.246" /><testcase classname="tests.test_multi_league_bugs.TestP0ManualLeaguePredictions" name="test_predictions_with_league_id_returns_only_manual_matches" time="0.140" /><testcase classname="tests.test_multi_league_bugs.TestP0ManualLeaguePredictions" name="test_manual_matches_have_expected_teams" time="0.121" /><testcase classname="tests.test_multi_league_bugs.TestP0ManualLeaguePredictions" name="test_no_national_fixtures_in_manual_league_predictions" time="0.134" /><testcase classname="tests.test_multi_league_bugs.TestCreatorConsoleAccess" name="test_league_detail_for_owner" time="0.146" /><testcase classname="tests.test_multi_league_bugs.TestCreatorConsoleAccess" name="test_league_matchdays_accessible_for_owner" time="0.146" /><testcase classname="tests.test_multi_league_bugs.TestLeagueSwitcher" name="test_home_returns_user_leagues_list" time="0.283" /><testcase classname="tests.test_multi_league_bugs.TestLeagueSwitcher" name="test_league_switch_via_home_endpoint" time="0.273" /></testsuite></testsuites>