<?xml version="1.0" encoding="utf-8"?><testsuites name="pytest tests"><testsuite name="pytest" errors="0" failures="0" skipped="0" tests="8" time="2.667" timestamp="2026-02-19T18:38:25.863235+00:00" hostname="agent-env-27e86486-f37f-492b-b111-bb08c8ba09e7"><testcase classname="tests.test_multi_league_fixtures.TestNationalLeagueFixtures" name="test_national_league_exists" time="0.647" /><testcase classname="tests.test_multi_league_fixtures.TestNationalLeagueFixtures" name="test_national_league_fixtures_returns_matchdays" time="0.081" /><testcase classname="tests.test_multi_league_fixtures.TestNationalLeagueFixtures" name="test_create_private_national_source_league" time="0.274" /><testcase classname="tests.test_multi_league_fixtures.TestManualLeagueFixtures" name="test_create_manual_league_and_add_fixtures" time="0.412" /><testcase classname="tests.test_multi_league_fixtures.TestCurrentLeaguePersistence" name="test_set_current_league" time="0.223" /><testcase classname="tests.test_multi_league_fixtures.TestHomeLeagueSwitch" name="test_home_returns_user_leagues" time="0.089" /><testcase classname="tests.test_multi_league_fixtures.TestHomeLeagueSwitch" name="test_home_with_league_id_param" time="0.201" /><testcase classname="tests.test_multi_league_fixtures.TestNonOwnerCannotAddFixtures" name="test_non_owner_cannot_create_matchday" time="0.540" /></testsuite></testsuites>