<?xml version="1.0" encoding="utf-8"?><testsuites name="pytest tests"><testsuite name="pytest" errors="0" failures="2" skipped="0" tests="13" time="4.337" timestamp="2026-02-22T10:25:21.410174+00:00" hostname="agent-env-c2823906-508a-4888-9d9c-faa17083b530"><testcase classname="backend.tests.test_multi_league_predictions_isolation.TestMultiLeaguePredictionsIsolation" name="test_live_endpoint_returns_predictions_only_for_specified_league" time="0.638" /><testcase classname="backend.tests.test_multi_league_predictions_isolation.TestMultiLeaguePredictionsIsolation" name="test_live_endpoint_returns_different_points_per_league" time="0.208" /><testcase classname="backend.tests.test_multi_league_predictions_isolation.TestMultiLeaguePredictionsIsolation" name="test_home_endpoint_returns_correct_predictions_count_per_league" time="0.225" /><testcase classname="backend.tests.test_multi_league_predictions_isolation.TestMultiLeaguePredictionsIsolation" name="test_home_endpoint_user_summary_is_league_specific" time="0.525" /><testcase classname="backend.tests.test_multi_league_predictions_isolation.TestMultiLeaguePredictionsIsolation" name="test_standings_total_shows_only_league_specific_points" time="0.231" /><testcase classname="backend.tests.test_multi_league_predictions_isolation.TestMultiLeaguePredictionsIsolation" name="test_user_standings_returns_league_specific_matchday_breakdown" time="0.291" /><testcase classname="backend.tests.test_multi_league_predictions_isolation.TestMultiLeaguePredictionsIsolation" name="test_predictions_get_returns_only_league_specific_predictions" time="0.248" /><testcase classname="backend.tests.test_multi_league_predictions_isolation.TestMultiLeaguePredictionsIsolation" name="test_save_predictions_creates_separate_prediction_per_league" time="0.212" /><testcase classname="backend.tests.test_multi_league_predictions_isolation.TestMultiLeaguePredictionsIsolation" name="test_save_predictions_without_league_id_returns_400" time="0.098"><failure message="AssertionError: Expected 400, got 422: {&quot;detail&quot;:[{&quot;type&quot;:&quot;missing&quot;,&quot;loc&quot;:[&quot;body&quot;,&quot;league_id&quot;],&quot;msg&quot;:&quot;Field required&quot;,&quot;input&quot;:{&quot;predictions&quot;:[]},&quot;url&quot;:&quot;https://errors.pydantic.dev/2.12/v/missing&quot;}]}&#10;assert 422 == 400&#10; +  where 422 = &lt;Response [422]&gt;.status_code">backend/tests/test_multi_league_predictions_isolation.py:371: in test_save_predictions_without_league_id_returns_400
    assert response.status_code == 400, f"Expected 400, got {response.status_code}: {response.text}"
E   AssertionError: Expected 400, got 422: {"detail":[{"type":"missing","loc":["body","league_id"],"msg":"Field required","input":{"predictions":[]},"url":"https://errors.pydantic.dev/2.12/v/missing"}]}
E   assert 422 == 400
E    +  where 422 = &lt;Response [422]&gt;.status_code</failure></testcase><testcase classname="backend.tests.test_multi_league_predictions_isolation.TestMultiLeaguePredictionsIsolation" name="test_save_predictions_for_non_member_league_returns_403" time="0.543"><failure message="AssertionError: Expected 403, got 400: {&quot;detail&quot;:&quot;Matchday is completed, cannot modify predictions&quot;}&#10;assert 400 == 403&#10; +  where 400 = &lt;Response [400]&gt;.status_code">backend/tests/test_multi_league_predictions_isolation.py:414: in test_save_predictions_for_non_member_league_returns_403
    assert response.status_code == 403, f"Expected 403, got {response.status_code}: {response.text}"
E   AssertionError: Expected 403, got 400: {"detail":"Matchday is completed, cannot modify predictions"}
E   assert 400 == 403
E    +  where 400 = &lt;Response [400]&gt;.status_code</failure></testcase><testcase classname="backend.tests.test_multi_league_predictions_isolation.TestMultiLeaguePredictionsIsolation" name="test_database_has_unique_compound_index" time="0.210" /><testcase classname="backend.tests.test_multi_league_predictions_isolation.TestCrossLeagueIsolation" name="test_no_cross_contamination_between_leagues" time="0.534" /><testcase classname="backend.tests.test_multi_league_predictions_isolation.TestCrossLeagueIsolation" name="test_rankings_are_league_specific" time="0.238" /></testsuite></testsuites>