<?xml version="1.0" encoding="utf-8"?><testsuites name="pytest tests"><testsuite name="pytest" errors="0" failures="0" skipped="0" tests="15" time="3.908" timestamp="2026-02-19T22:06:55.214690+00:00" hostname="agent-env-dd171ee7-c747-446a-b661-100843a37f63"><testcase classname="tests.test_multi_league_isolation.TestFixtureIsolationLeagueA" name="test_league_a_fixtures_only_show_league_a_matches" time="0.572" /><testcase classname="tests.test_multi_league_isolation.TestFixtureIsolationLeagueA" name="test_league_a_predictions_only_show_league_a_matches" time="0.282" /><testcase classname="tests.test_multi_league_isolation.TestFixtureIsolationLeagueB" name="test_league_b_fixtures_only_show_league_b_matches" time="0.147" /><testcase classname="tests.test_multi_league_isolation.TestFixtureIsolationLeagueB" name="test_league_b_predictions_only_show_league_b_matches" time="0.318" /><testcase classname="tests.test_multi_league_isolation.TestCreatorConsoleOwnerVisibility" name="test_home_returns_is_owner_true_for_owner" time="0.248" /><testcase classname="tests.test_multi_league_isolation.TestCreatorConsoleOwnerVisibility" name="test_home_returns_my_role_admin_for_owner" time="0.184" /><testcase classname="tests.test_multi_league_isolation.TestCreatorConsoleNonOwnerVisibility" name="test_home_returns_is_owner_false_for_non_owner" time="0.647" /><testcase classname="tests.test_multi_league_isolation.TestCreatorConsoleNonOwnerVisibility" name="test_home_returns_my_role_member_for_non_owner" time="0.145" /><testcase classname="tests.test_multi_league_isolation.TestCreatorConsolePermissions" name="test_non_owner_cannot_create_matchday" time="0.142" /><testcase classname="tests.test_multi_league_isolation.TestCreatorConsolePermissions" name="test_non_owner_cannot_create_match" time="0.146" /><testcase classname="tests.test_multi_league_isolation.TestCreatorConsolePermissions" name="test_non_owner_cannot_delete_matchday" time="0.157" /><testcase classname="tests.test_multi_league_isolation.TestHomeEndpointMatchdaySpecificity" name="test_home_returns_league_specific_matchday_for_manual_league" time="0.258" /><testcase classname="tests.test_multi_league_isolation.TestHomeEndpointMatchdaySpecificity" name="test_home_league_a_vs_league_b_different_matchdays" time="0.305" /><testcase classname="tests.test_multi_league_isolation.TestCrossLeagueIsolation" name="test_league_a_fixtures_do_not_contain_league_b_matches" time="0.135" /><testcase classname="tests.test_multi_league_isolation.TestCrossLeagueIsolation" name="test_league_b_fixtures_do_not_contain_league_a_matches" time="0.130" /></testsuite></testsuites>