<?xml version="1.0" encoding="utf-8"?><testsuites name="pytest tests"><testsuite name="pytest" errors="0" failures="0" skipped="0" tests="13" time="4.297" timestamp="2026-02-22T10:26:15.156675+00:00" hostname="agent-env-c2823906-508a-4888-9d9c-faa17083b530"><testcase classname="backend.tests.test_multi_league_predictions_isolation.TestMultiLeaguePredictionsIsolation" name="test_live_endpoint_returns_predictions_only_for_specified_league" time="0.613" /><testcase classname="backend.tests.test_multi_league_predictions_isolation.TestMultiLeaguePredictionsIsolation" name="test_live_endpoint_returns_different_points_per_league" time="0.237" /><testcase classname="backend.tests.test_multi_league_predictions_isolation.TestMultiLeaguePredictionsIsolation" name="test_home_endpoint_returns_correct_predictions_count_per_league" time="0.212" /><testcase classname="backend.tests.test_multi_league_predictions_isolation.TestMultiLeaguePredictionsIsolation" name="test_home_endpoint_user_summary_is_league_specific" time="0.547" /><testcase classname="backend.tests.test_multi_league_predictions_isolation.TestMultiLeaguePredictionsIsolation" name="test_standings_total_shows_only_league_specific_points" time="0.219" /><testcase classname="backend.tests.test_multi_league_predictions_isolation.TestMultiLeaguePredictionsIsolation" name="test_user_standings_returns_league_specific_matchday_breakdown" time="0.306" /><testcase classname="backend.tests.test_multi_league_predictions_isolation.TestMultiLeaguePredictionsIsolation" name="test_predictions_get_returns_only_league_specific_predictions" time="0.188" /><testcase classname="backend.tests.test_multi_league_predictions_isolation.TestMultiLeaguePredictionsIsolation" name="test_save_predictions_creates_separate_prediction_per_league" time="0.219" /><testcase classname="backend.tests.test_multi_league_predictions_isolation.TestMultiLeaguePredictionsIsolation" name="test_save_predictions_without_league_id_returns_422" time="0.090" /><testcase classname="backend.tests.test_multi_league_predictions_isolation.TestMultiLeaguePredictionsIsolation" name="test_save_predictions_for_non_member_league_returns_403_or_400" time="0.560" /><testcase classname="backend.tests.test_multi_league_predictions_isolation.TestMultiLeaguePredictionsIsolation" name="test_database_has_unique_compound_index" time="0.203" /><testcase classname="backend.tests.test_multi_league_predictions_isolation.TestCrossLeagueIsolation" name="test_no_cross_contamination_between_leagues" time="0.611" /><testcase classname="backend.tests.test_multi_league_predictions_isolation.TestCrossLeagueIsolation" name="test_rankings_are_league_specific" time="0.213" /></testsuite></testsuites>