<?xml version="1.0" encoding="utf-8"?><testsuites name="pytest tests"><testsuite name="pytest" errors="0" failures="1" skipped="1" tests="8" time="3.199" timestamp="2026-03-14T16:33:36.628580+00:00" hostname="agent-env-e944c108-c873-4314-bc50-59ea77787b77"><testcase classname="backend.tests.test_national_league_admin_fields.TestNationalLeagueAdminFields" name="test_get_leagues_returns_entry_fee_and_is_system" time="0.659" /><testcase classname="backend.tests.test_national_league_admin_fields.TestNationalLeagueAdminFields" name="test_edit_league_rules_with_new_fields" time="0.416" /><testcase classname="backend.tests.test_national_league_admin_fields.TestNationalLeagueAdminFields" name="test_edit_league_league_type_field" time="0.331" /><testcase classname="backend.tests.test_national_league_admin_fields.TestNationalLeagueAdminFields" name="test_edit_league_is_system_field" time="0.408" /><testcase classname="backend.tests.test_national_league_admin_fields.TestNationalLeagueAdminFields" name="test_get_seasons_for_league_creation" time="0.120"><failure message="AssertionError: Failed to get seasons: {&quot;detail&quot;:&quot;Not Found&quot;}&#10;assert 404 == 200&#10; +  where 404 = &lt;Response [404]&gt;.status_code">backend/tests/test_national_league_admin_fields.py:189: in test_get_seasons_for_league_creation
    assert response.status_code == 200, f"Failed to get seasons: {response.text}"
E   AssertionError: Failed to get seasons: {"detail":"Not Found"}
E   assert 404 == 200
E    +  where 404 = &lt;Response [404]&gt;.status_code</failure></testcase><testcase classname="backend.tests.test_national_league_admin_fields.TestAdminLeagueCreationFields" name="test_create_league_accepts_entry_fee_league_type_is_system" time="0.443"><skipped type="pytest.skip" message="Cannot get seasons">/app/backend/tests/test_national_league_admin_fields.py:224: Cannot get seasons</skipped></testcase><testcase classname="backend.tests.test_national_league_admin_fields.TestAdminUIAPIEndpoints" name="test_rbac_my_permissions" time="0.482" /><testcase classname="backend.tests.test_national_league_admin_fields.TestAdminUIAPIEndpoints" name="test_rbac_dashboard_stats" time="0.141" /></testsuite></testsuites>