<?xml version="1.0" encoding="utf-8"?><testsuites name="pytest tests"><testsuite name="pytest" errors="0" failures="0" skipped="0" tests="15" time="4.127" timestamp="2026-02-20T19:39:52.631329+00:00" hostname="agent-env-fe9a4cb7-03af-471a-89ab-587f15c22863"><testcase classname="backend.tests.test_national_league_home_standings.TestDesyleganNationalTypeHome" name="test_home_returns_200" time="0.695" /><testcase classname="backend.tests.test_national_league_home_standings.TestDesyleganNationalTypeHome" name="test_last_5_performance_is_empty_with_no_predictions" time="0.138" /><testcase classname="backend.tests.test_national_league_home_standings.TestDesyleganNationalTypeHome" name="test_home_league_is_desylega" time="0.115" /><testcase classname="backend.tests.test_national_league_home_standings.TestDesyleganNationalTypeHome" name="test_user_summary_reflects_zero_matchdays_played" time="0.117" /><testcase classname="backend.tests.test_national_league_home_standings.TestDesyleganNationalTypeStandings" name="test_standings_total_returns_200" time="0.499" /><testcase classname="backend.tests.test_national_league_home_standings.TestDesyleganNationalTypeStandings" name="test_standings_shows_only_desylega_members" time="0.160" /><testcase classname="backend.tests.test_national_league_home_standings.TestDesyleganNationalTypeStandings" name="test_standings_user_has_zero_points_no_predictions" time="0.292" /><testcase classname="backend.tests.test_national_league_home_standings.TestDesyleganNationalTypeStandings" name="test_standings_matchdays_played_zero_for_no_predictions" time="0.313" /><testcase classname="backend.tests.test_national_league_home_standings.TestIlioManualLeagueRegression" name="test_home_returns_200" time="0.479" /><testcase classname="backend.tests.test_national_league_home_standings.TestIlioManualLeagueRegression" name="test_home_league_is_manual" time="0.132" /><testcase classname="backend.tests.test_national_league_home_standings.TestIlioManualLeagueRegression" name="test_last_5_performance_has_correct_data" time="0.123" /><testcase classname="backend.tests.test_national_league_home_standings.TestIlioManualLeagueRegression" name="test_last_5_matchday_points_correct" time="0.108" /><testcase classname="backend.tests.test_national_league_home_standings.TestIlioManualLeagueRegression" name="test_standings_total_returns_200" time="0.177" /><testcase classname="backend.tests.test_national_league_home_standings.TestIlioManualLeagueRegression" name="test_standings_total_ilio_has_6_points" time="0.254" /><testcase classname="backend.tests.test_national_league_home_standings.TestIlioManualLeagueRegression" name="test_standings_total_ilio_matchdays_played" time="0.408" /></testsuite></testsuites>