<?xml version="1.0" encoding="utf-8"?><testsuites name="pytest tests"><testsuite name="pytest" errors="0" failures="0" skipped="0" tests="15" time="3.116" timestamp="2026-03-10T16:56:37.367079+00:00" hostname="agent-env-7d6b9dd7-ef6d-435f-a56e-f1a7f9fb17f7"><testcase classname="backend.tests.test_new_features.TestPushNotificationEndpoints" name="test_push_broadcast_all_users" time="0.562" /><testcase classname="backend.tests.test_new_features.TestPushNotificationEndpoints" name="test_push_broadcast_specific_league" time="0.338" /><testcase classname="backend.tests.test_new_features.TestPushNotificationEndpoints" name="test_push_to_specific_user" time="0.478" /><testcase classname="backend.tests.test_new_features.TestPushNotificationEndpoints" name="test_push_broadcast_missing_title" time="0.108" /><testcase classname="backend.tests.test_new_features.TestPushNotificationEndpoints" name="test_push_to_nonexistent_user" time="0.117" /><testcase classname="backend.tests.test_new_features.TestCompleteProfileEndpoint" name="test_complete_profile_post_with_username" time="0.116" /><testcase classname="backend.tests.test_new_features.TestCompleteProfileEndpoint" name="test_complete_profile_patch_with_username" time="0.112" /><testcase classname="backend.tests.test_new_features.TestCompleteProfileEndpoint" name="test_complete_profile_without_username" time="0.175" /><testcase classname="backend.tests.test_new_features.TestCompleteProfileEndpoint" name="test_complete_profile_duplicate_username" time="0.111" /><testcase classname="backend.tests.test_new_features.TestCompleteProfileEndpoint" name="test_complete_profile_invalid_username" time="0.138" /><testcase classname="backend.tests.test_new_features.TestNationalLeagueFreeJoin" name="test_get_national_leagues" time="0.117" /><testcase classname="backend.tests.test_new_features.TestNationalLeagueFreeJoin" name="test_join_national_league_direct_free" time="0.262" /><testcase classname="backend.tests.test_new_features.TestAdminUI" name="test_admin_ui_returns_html" time="0.174" /><testcase classname="backend.tests.test_new_features.TestAdminUI" name="test_reset_password_page_returns_html" time="0.112" /><testcase classname="backend.tests.test_new_features.TestSendGridEmailService" name="test_admin_generate_reset_link_triggers_email" time="0.127" /></testsuite></testsuites>