<?xml version="1.0" encoding="utf-8"?><testsuites name="pytest tests"><testsuite name="pytest" errors="0" failures="0" skipped="0" tests="7" time="4.349" timestamp="2026-02-24T17:18:40.839696+00:00" hostname="agent-env-74ff9dc2-a765-4bd6-9491-fe458612d4c6"><testcase classname="backend.tests.test_notifications_api.TestNotificationAPIs" name="test_get_notifications_list" time="0.500" /><testcase classname="backend.tests.test_notifications_api.TestNotificationAPIs" name="test_get_unread_count" time="0.513" /><testcase classname="backend.tests.test_notifications_api.TestNotificationAPIs" name="test_mark_all_notifications_read" time="0.763" /><testcase classname="backend.tests.test_notifications_api.TestNotificationAPIs" name="test_mark_single_notification_read" time="0.739" /><testcase classname="backend.tests.test_notifications_api.TestNotificationAPIs" name="test_notifications_require_auth" time="0.745" /><testcase classname="backend.tests.test_notifications_api.TestNotificationDataIntegrity" name="test_notification_has_required_fields" time="0.522" /><testcase classname="backend.tests.test_notifications_api.TestNotificationDataIntegrity" name="test_notifications_sorted_by_date" time="0.463" /></testsuite></testsuites>