<?xml version="1.0" encoding="utf-8"?><testsuites name="pytest tests"><testsuite name="pytest" errors="0" failures="0" skipped="0" tests="11" time="7.213" timestamp="2026-02-15T20:44:24.777013+00:00" hostname="agent-env-7b8eea37-9493-4519-833c-247901115828"><testcase classname="tests.test_onboarding_leagues.TestNewUserOnboarding" name="test_register_new_user_returns_tokens" time="0.446" /><testcase classname="tests.test_onboarding_leagues.TestNewUserOnboarding" name="test_new_user_has_empty_leagues" time="0.554" /><testcase classname="tests.test_onboarding_leagues.TestLeagueCreation" name="test_create_private_league" time="1.531" /><testcase classname="tests.test_onboarding_leagues.TestLeagueJoin" name="test_join_private_league_with_code" time="0.714" /><testcase classname="tests.test_onboarding_leagues.TestLeagueJoin" name="test_join_invalid_code_returns_404" time="0.473" /><testcase classname="tests.test_onboarding_leagues.TestLeaguesList" name="test_get_user_leagues_with_member_count" time="0.523" /><testcase classname="tests.test_onboarding_leagues.TestLeaguesList" name="test_get_national_leagues" time="0.140" /><testcase classname="tests.test_onboarding_leagues.TestLeaguesList" name="test_get_active_seasons" time="0.166" /><testcase classname="tests.test_onboarding_leagues.TestAdminMatchdaysMatches" name="test_admin_get_matchdays" time="0.555" /><testcase classname="tests.test_onboarding_leagues.TestAdminMatchdaysMatches" name="test_admin_get_matches_for_seeded_matchday" time="0.646" /><testcase classname="tests.test_onboarding_leagues.TestLeagueIntegrationFlow" name="test_complete_league_flow" time="1.375" /></testsuite></testsuites>