<?xml version="1.0" encoding="utf-8"?><testsuites name="pytest tests"><testsuite name="pytest" errors="0" failures="0" skipped="0" tests="8" time="6.152" timestamp="2026-02-19T22:47:19.145387+00:00" hostname="agent-env-dd171ee7-c747-446a-b661-100843a37f63"><testcase classname="backend.tests.test_owner_role_empty_state.TestOwnerRoleFix" name="test_A1_create_manual_league_membership_role_is_owner" time="1.027" /><testcase classname="backend.tests.test_owner_role_empty_state.TestOwnerRoleFix" name="test_A2_home_returns_is_owner_and_my_role_for_creator" time="0.161" /><testcase classname="backend.tests.test_owner_role_empty_state.TestOwnerRoleFix" name="test_A3_non_owner_sees_is_owner_false" time="2.931" /><testcase classname="backend.tests.test_owner_role_empty_state.TestOwnerRoleFix" name="test_A4_auto_repair_membership_role" time="0.299" /><testcase classname="backend.tests.test_owner_role_empty_state.TestEmptyStateFix" name="test_B1_fixtures_empty_for_empty_manual_league" time="0.684" /><testcase classname="backend.tests.test_owner_role_empty_state.TestEmptyStateFix" name="test_B2_home_provides_ownership_info_for_empty_state" time="0.197" /><testcase classname="backend.tests.test_owner_role_empty_state.TestEmptyStateFix" name="test_B3_league_detail_includes_all_needed_fields" time="0.145" /><testcase classname="backend.tests.test_owner_role_empty_state.TestSettingsIconVisibility" name="test_settings_icon_conditions" time="0.625" /></testsuite></testsuites>