<?xml version="1.0" encoding="utf-8"?><testsuites name="pytest tests"><testsuite name="pytest" errors="0" failures="0" skipped="0" tests="10" time="1.268" timestamp="2026-02-22T03:35:39.953440+00:00" hostname="agent-env-f1ea7f1e-7c7e-400f-b3e1-83ad6abef74b"><testcase classname="tests.test_p0_bugfixes.TestP03HomeLastFivePerformance" name="test_home_returns_last_5_performance_with_5_matchdays" time="0.533" /><testcase classname="tests.test_p0_bugfixes.TestP03HomeLastFivePerformance" name="test_home_user_summary_total_points_and_matchdays_played" time="0.145" /><testcase classname="tests.test_p0_bugfixes.TestP03HomeLastFivePerformance" name="test_home_last_5_from_completed_national_matchdays" time="0.061" /><testcase classname="tests.test_p0_bugfixes.TestP02LivePredictionsVisibility" name="test_live_endpoint_returns_predictions_for_completed_matchday_g15" time="0.062" /><testcase classname="tests.test_p0_bugfixes.TestP02LivePredictionsVisibility" name="test_live_endpoint_returns_predictions_for_completed_matchday_g17" time="0.061" /><testcase classname="tests.test_p0_bugfixes.TestP02LivePredictionsVisibility" name="test_live_endpoint_returns_match_details_with_scores" time="0.065" /><testcase classname="tests.test_p0_bugfixes.TestP01ImportFixturesDuplicateCheck" name="test_import_already_imported_fixture_returns_skipped_details" time="0.085" /><testcase classname="tests.test_p0_bugfixes.TestP01ImportFixturesDuplicateCheck" name="test_import_response_structure" time="0.059" /><testcase classname="tests.test_p0_bugfixes.TestCompletedMatchdaysDiscovery" name="test_home_endpoint_national_league_context" time="0.065" /><testcase classname="tests.test_p0_bugfixes.TestCompletedMatchdaysDiscovery" name="test_matchday_info_in_home_response" time="0.071" /></testsuite></testsuites>