<?xml version="1.0" encoding="utf-8"?><testsuites name="pytest tests"><testsuite name="pytest" errors="0" failures="0" skipped="0" tests="16" time="3.593" timestamp="2026-02-22T05:11:38.477661+00:00" hostname="agent-env-c2823906-508a-4888-9d9c-faa17083b530"><testcase classname="backend.tests.test_p0_league_isolation.TestHomeEndpointLeagueIsolation" name="test_desiree_home_desylega_vs_national_different_data" time="0.708" /><testcase classname="backend.tests.test_p0_league_isolation.TestHomeEndpointLeagueIsolation" name="test_desiree_desylega_should_have_14_points" time="0.107" /><testcase classname="backend.tests.test_p0_league_isolation.TestStandingsTotalLeagueIsolation" name="test_standings_total_desylega_only_desylega_members" time="0.111" /><testcase classname="backend.tests.test_p0_league_isolation.TestStandingsTotalLeagueIsolation" name="test_standings_total_national_only_national_members" time="0.121" /><testcase classname="backend.tests.test_p0_league_isolation.TestStandingsTotalLeagueIsolation" name="test_standings_total_different_members_between_leagues" time="0.220" /><testcase classname="backend.tests.test_p0_league_isolation.TestUserStandingsProfileLeagueIsolation" name="test_user_standings_profile_desylega_isolation" time="0.104" /><testcase classname="backend.tests.test_p0_league_isolation.TestUserStandingsProfileLeagueIsolation" name="test_user_standings_profile_national_isolation" time="0.113" /><testcase classname="backend.tests.test_p0_league_isolation.TestUserStandingsProfileLeagueIsolation" name="test_user_profile_different_points_between_leagues" time="0.207" /><testcase classname="backend.tests.test_p0_league_isolation.TestWeeklyStandingsLeagueIsolation" name="test_weekly_standings_requires_league_id" time="0.216" /><testcase classname="backend.tests.test_p0_league_isolation.TestPredictionsSaveLeagueValidation" name="test_predictions_post_requires_league_id" time="0.213" /><testcase classname="backend.tests.test_p0_league_isolation.TestPredictionsSaveLeagueValidation" name="test_predictions_post_validates_league_membership" time="0.211" /><testcase classname="backend.tests.test_p0_league_isolation.TestStandingsMatchdaysLeagueFilter" name="test_matchdays_filtered_for_national_league" time="0.102" /><testcase classname="backend.tests.test_p0_league_isolation.TestStandingsMatchdaysLeagueFilter" name="test_matchdays_filtered_for_manual_league" time="0.103" /><testcase classname="backend.tests.test_p0_league_isolation.TestCrossLeagueContamination" name="test_no_points_leakage_between_leagues" time="0.223" /><testcase classname="backend.tests.test_p0_league_isolation.TestCrossLeagueContamination" name="test_different_users_have_different_isolated_views" time="0.578" /><testcase classname="backend.tests.test_p0_league_isolation.TestLiveDataLeagueIsolation" name="test_live_data_with_league_id" time="0.197" /></testsuite></testsuites>