<?xml version="1.0" encoding="utf-8"?><testsuites name="pytest tests"><testsuite name="pytest" errors="0" failures="0" skipped="0" tests="7" time="1.460" timestamp="2026-02-22T04:43:51.095592+00:00" hostname="agent-env-f1ea7f1e-7c7e-400f-b3e1-83ad6abef74b"><testcase classname="tests.test_p0_points_kickoff_bugs.TestBug1KickoffAfterImport" name="test_g20_has_first_kickoff_set" time="0.608" /><testcase classname="tests.test_p0_points_kickoff_bugs.TestBug1KickoffAfterImport" name="test_g20_has_matches_with_start_time" time="0.120" /><testcase classname="tests.test_p0_points_kickoff_bugs.TestBug2StandingsPointsMismatch" name="test_standings_total_admin_points" time="0.110" /><testcase classname="tests.test_p0_points_kickoff_bugs.TestBug2StandingsPointsMismatch" name="test_home_user_summary_matches_standings" time="0.125" /><testcase classname="tests.test_p0_points_kickoff_bugs.TestBug2StandingsPointsMismatch" name="test_standings_matchdays_returns_all_national" time="0.114" /><testcase classname="tests.test_p0_points_kickoff_bugs.TestPointsConsistency" name="test_home_standings_points_match" time="0.214" /><testcase classname="tests.test_p0_points_kickoff_bugs.TestPointsConsistency" name="test_last_5_performance_sum_reasonable" time="0.116" /></testsuite></testsuites>