<?xml version="1.0" encoding="utf-8"?><testsuites name="pytest tests"><testsuite name="pytest" errors="0" failures="0" skipped="0" tests="10" time="4.639" timestamp="2026-02-22T04:01:48.589026+00:00" hostname="agent-env-f1ea7f1e-7c7e-400f-b3e1-83ad6abef74b"><testcase classname="backend.tests.test_p0_sprint_fixes.TestAuthLogin" name="test_admin_login" time="0.454" /><testcase classname="backend.tests.test_p0_sprint_fixes.TestP0_1_HomePredictionsCount" name="test_home_predictions_count_not_zero" time="0.524" /><testcase classname="backend.tests.test_p0_sprint_fixes.TestP0_1_HomePredictionsCount" name="test_home_completed_matchday_has_points" time="0.464" /><testcase classname="backend.tests.test_p0_sprint_fixes.TestP0_1_LiveEndpointMultiplier" name="test_live_endpoint_returns_is_special_multiplier" time="0.516" /><testcase classname="backend.tests.test_p0_sprint_fixes.TestP0_1_LiveEndpointMultiplier" name="test_g18_live_special_match" time="0.439" /><testcase classname="backend.tests.test_p0_sprint_fixes.TestP0_2_G16Deleted" name="test_g16_matchday_deleted" time="0.443" /><testcase classname="backend.tests.test_p0_sprint_fixes.TestP0_2_G16Deleted" name="test_g16_not_in_fixtures_list" time="0.438" /><testcase classname="backend.tests.test_p0_sprint_fixes.TestP0_3_SpecialMatchFields" name="test_fixtures_endpoint_has_special_fields" time="0.440" /><testcase classname="backend.tests.test_p0_sprint_fixes.TestP0_3_SpecialMatchFields" name="test_predictions_endpoint_has_special_fields" time="0.426" /><testcase classname="backend.tests.test_p0_sprint_fixes.TestScoringWithMultiplier" name="test_live_points_calculation_with_multiplier" time="0.426" /></testsuite></testsuites>