<?xml version="1.0" encoding="utf-8"?><testsuites name="pytest tests"><testsuite name="pytest" errors="0" failures="0" skipped="0" tests="7" time="2.504" timestamp="2026-03-14T10:25:05.601429+00:00" hostname="agent-env-e944c108-c873-4314-bc50-59ea77787b77"><testcase classname="backend.tests.test_pre_store_audit.TestBackendAuth" name="test_login_returns_email_verified_field" time="0.392" /><testcase classname="backend.tests.test_pre_store_audit.TestBackendAuth" name="test_login_standard_user_success" time="0.345" /><testcase classname="backend.tests.test_pre_store_audit.TestBackendAuth" name="test_login_admin_user_success" time="0.356" /><testcase classname="backend.tests.test_pre_store_audit.TestBackendAuth" name="test_user_has_profile_completed_field" time="0.352" /><testcase classname="backend.tests.test_pre_store_audit.TestHealthAndBasicAPI" name="test_api_health" time="0.121" /><testcase classname="backend.tests.test_pre_store_audit.TestHealthAndBasicAPI" name="test_leagues_endpoint_with_auth" time="0.434" /><testcase classname="backend.tests.test_pre_store_audit.TestEmailVerificationGateLogic" name="test_backend_returns_email_verified_false_for_unverified_user" time="0.327" /></testsuite></testsuites>