<?xml version="1.0" encoding="utf-8"?><testsuites name="pytest tests"><testsuite name="pytest" errors="0" failures="0" skipped="0" tests="8" time="3.744" timestamp="2026-02-20T16:46:34.766857+00:00" hostname="agent-env-fe9a4cb7-03af-471a-89ab-587f15c22863"><testcase classname="backend.tests.test_predictions_completeness.TestPredictionsCompletenessValidation" name="test_01_partial_predictions_returns_422" time="1.601" /><testcase classname="backend.tests.test_predictions_completeness.TestPredictionsCompletenessValidation" name="test_02_two_of_three_predictions_returns_422" time="0.166" /><testcase classname="backend.tests.test_predictions_completeness.TestPredictionsCompletenessValidation" name="test_03_all_predictions_returns_200" time="0.151" /><testcase classname="backend.tests.test_predictions_completeness.TestPredictionsCompletenessValidation" name="test_04_empty_predictions_payload_returns_422" time="0.195" /><testcase classname="backend.tests.test_predictions_completeness.TestPredictionsCompletenessValidation" name="test_05_check_matchday_created_successfully" time="0.202" /><testcase classname="backend.tests.test_predictions_completeness.TestPredictionsCompletenessValidation" name="test_06_error_response_has_required_fields" time="0.232" /><testcase classname="backend.tests.test_predictions_completeness.TestPredictionsCompletenessAuthentication" name="test_07_unauthenticated_request_returns_401" time="0.124" /><testcase classname="backend.tests.test_predictions_completeness.TestPredictionsCompletenessAuthentication" name="test_08_invalid_matchday_returns_404" time="0.889" /></testsuite></testsuites>