<?xml version="1.0" encoding="utf-8"?><testsuites name="pytest tests"><testsuite name="pytest" errors="0" failures="0" skipped="0" tests="13" time="12.822" timestamp="2026-02-15T21:03:10.345024+00:00" hostname="agent-env-7b8eea37-9493-4519-833c-247901115828"><testcase classname="tests.test_predictions_joker.TestPredictionsUserChosenMarket" name="test_save_prediction_with_1X2_market" time="1.082" /><testcase classname="tests.test_predictions_joker.TestPredictionsUserChosenMarket" name="test_save_prediction_with_EXACT_SCORE_market" time="0.883" /><testcase classname="tests.test_predictions_joker.TestPredictionsUserChosenMarket" name="test_save_prediction_with_GOAL_NOGOL_market" time="0.736" /><testcase classname="tests.test_predictions_joker.TestPredictionsUserChosenMarket" name="test_save_prediction_with_OVER_UNDER_market" time="0.755" /><testcase classname="tests.test_predictions_joker.TestPredictionValidation" name="test_duplicate_match_id_returns_400" time="0.740" /><testcase classname="tests.test_predictions_joker.TestPredictionValidation" name="test_invalid_EXACT_SCORE_format_abc" time="0.767" /><testcase classname="tests.test_predictions_joker.TestPredictionValidation" name="test_invalid_EXACT_SCORE_format_no_dash" time="0.704" /><testcase classname="tests.test_predictions_joker.TestPredictionValidation" name="test_valid_EXACT_SCORE_formats" time="0.938" /><testcase classname="tests.test_predictions_joker.TestMatchLock" name="test_cannot_save_for_locked_match" time="1.377" /><testcase classname="tests.test_predictions_joker.TestJokerEndpoints" name="test_set_joker_for_match" time="0.795" /><testcase classname="tests.test_predictions_joker.TestJokerEndpoints" name="test_delete_joker" time="0.898" /><testcase classname="tests.test_predictions_joker.TestJokerEndpoints" name="test_switch_joker_to_another_match" time="0.878" /><testcase classname="tests.test_predictions_joker.TestJokerLimit" name="test_joker_limit_per_half" time="2.199" /></testsuite></testsuites>