<?xml version="1.0" encoding="utf-8"?><testsuites name="pytest tests"><testsuite name="pytest" errors="0" failures="0" skipped="0" tests="10" time="7.025" timestamp="2026-02-26T21:21:18.116714+00:00" hostname="agent-env-74ff9dc2-a765-4bd6-9491-fe458612d4c6"><testcase classname="backend.tests.test_profile_email_change.TestEmailChangeEndpoint" name="test_email_change_no_auth_returns_401" time="0.277" /><testcase classname="backend.tests.test_profile_email_change.TestEmailChangeEndpoint" name="test_email_change_wrong_password_returns_400" time="0.804" /><testcase classname="backend.tests.test_profile_email_change.TestEmailChangeEndpoint" name="test_email_change_same_email_returns_400" time="0.207" /><testcase classname="backend.tests.test_profile_email_change.TestEmailChangeEndpoint" name="test_email_change_duplicate_email_returns_400" time="0.699" /><testcase classname="backend.tests.test_profile_email_change.TestEmailChangeEndpoint" name="test_email_change_success_and_revert" time="1.043" /><testcase classname="backend.tests.test_profile_email_change.TestPasswordChangeEndpoint" name="test_password_change_no_auth_returns_401" time="0.117" /><testcase classname="backend.tests.test_profile_email_change.TestPasswordChangeEndpoint" name="test_password_change_wrong_current_password_returns_400" time="0.793" /><testcase classname="backend.tests.test_profile_email_change.TestPasswordChangeEndpoint" name="test_password_change_success_and_revert" time="2.395" /><testcase classname="backend.tests.test_profile_email_change.TestPasswordChangeEndpoint" name="test_password_change_too_short_returns_400" time="0.373" /><testcase classname="backend.tests.test_profile_email_change.TestInvalidEmailFormats" name="test_email_change_invalid_format_returns_400" time="0.134" /></testsuite></testsuites>