<?xml version="1.0" encoding="utf-8"?><testsuites name="pytest tests"><testsuite name="pytest" errors="0" failures="0" skipped="0" tests="9" time="1.968" timestamp="2026-03-12T19:59:30.138855+00:00" hostname="agent-env-e944c108-c873-4314-bc50-59ea77787b77"><testcase classname="backend.tests.test_pronostici_tab_routing.TestLoginFlow" name="test_login_with_standard_user" time="0.405" /><testcase classname="backend.tests.test_pronostici_tab_routing.TestHomeAPI" name="test_home_returns_league_id" time="0.513" /><testcase classname="backend.tests.test_pronostici_tab_routing.TestHomeAPI" name="test_home_returns_matchday_with_live_status" time="0.129" /><testcase classname="backend.tests.test_pronostici_tab_routing.TestHomeAPI" name="test_home_matchday_id_for_live_routing" time="0.137" /><testcase classname="backend.tests.test_pronostici_tab_routing.TestTournamentsAPI" name="test_tournaments_list" time="0.149" /><testcase classname="backend.tests.test_pronostici_tab_routing.TestTournamentsAPI" name="test_user_not_registered_for_tournaments" time="0.126" /><testcase classname="backend.tests.test_pronostici_tab_routing.TestTournamentDetailAPI" name="test_tournament_detail" time="0.135" /><testcase classname="backend.tests.test_pronostici_tab_routing.TestTournamentDetailAPI" name="test_tournament_current_round_info_null_when_not_registered" time="0.121" /><testcase classname="backend.tests.test_pronostici_tab_routing.TestLiveScreenAPI" name="test_live_endpoint_exists" time="0.142" /></testsuite></testsuites>