<?xml version="1.0" encoding="utf-8"?><testsuites name="pytest tests"><testsuite name="pytest" errors="0" failures="0" skipped="0" tests="8" time="4.981" timestamp="2026-02-26T19:23:07.171084+00:00" hostname="agent-env-74ff9dc2-a765-4bd6-9491-fe458612d4c6"><testcase classname="backend.tests.test_push_token_api.TestPushTokenAPIs" name="test_register_valid_push_token" time="0.712" /><testcase classname="backend.tests.test_push_token_api.TestPushTokenAPIs" name="test_reject_invalid_push_token_no_prefix" time="0.483" /><testcase classname="backend.tests.test_push_token_api.TestPushTokenAPIs" name="test_reject_push_token_wrong_format" time="1.028" /><testcase classname="backend.tests.test_push_token_api.TestPushTokenAPIs" name="test_delete_push_token" time="0.616" /><testcase classname="backend.tests.test_push_token_api.TestPushTokenAPIs" name="test_push_token_requires_auth" time="0.617" /><testcase classname="backend.tests.test_push_token_api.TestExistingNotificationAPIs" name="test_get_notifications" time="0.443" /><testcase classname="backend.tests.test_push_token_api.TestExistingNotificationAPIs" name="test_get_unread_count" time="0.486" /><testcase classname="backend.tests.test_push_token_api.TestExistingNotificationAPIs" name="test_mark_all_read" time="0.494" /></testsuite></testsuites>