<?xml version="1.0" encoding="utf-8"?><testsuites name="pytest tests"><testsuite name="pytest" errors="0" failures="0" skipped="0" tests="17" time="8.222" timestamp="2026-02-15T20:21:03.413815+00:00" hostname="agent-env-7b8eea37-9493-4519-833c-247901115828"><testcase classname="tests.test_fantapronostic.TestHealth" name="test_api_health" time="0.289" /><testcase classname="tests.test_fantapronostic.TestAuth" name="test_login_seeded_user_marco" time="0.377" /><testcase classname="tests.test_fantapronostic.TestAuth" name="test_login_admin" time="0.360" /><testcase classname="tests.test_fantapronostic.TestAuth" name="test_login_invalid_credentials" time="0.155" /><testcase classname="tests.test_fantapronostic.TestAuth" name="test_register_new_user" time="0.353" /><testcase classname="tests.test_fantapronostic.TestHome" name="test_home_with_auth" time="0.521" /><testcase classname="tests.test_fantapronostic.TestHome" name="test_home_without_auth" time="0.136" /><testcase classname="tests.test_fantapronostic.TestPredictions" name="test_get_predictions_for_matchday" time="0.883" /><testcase classname="tests.test_fantapronostic.TestPredictions" name="test_save_predictions_batch" time="1.167" /><testcase classname="tests.test_fantapronostic.TestLeagues" name="test_get_my_leagues" time="0.481" /><testcase classname="tests.test_fantapronostic.TestLeagues" name="test_join_league_with_code" time="0.618" /><testcase classname="tests.test_fantapronostic.TestLeagues" name="test_get_national_leagues" time="0.174" /><testcase classname="tests.test_fantapronostic.TestAdmin" name="test_admin_get_seasons" time="0.478" /><testcase classname="tests.test_fantapronostic.TestAdmin" name="test_admin_get_matchdays" time="0.498" /><testcase classname="tests.test_fantapronostic.TestAdmin" name="test_admin_get_matches" time="0.506" /><testcase classname="tests.test_fantapronostic.TestAdmin" name="test_admin_live_update_match" time="0.637" /><testcase classname="tests.test_fantapronostic.TestAdminAuth" name="test_admin_endpoint_requires_admin_role" time="0.524" /></testsuite></testsuites>