<?xml version="1.0" encoding="utf-8"?><testsuites name="pytest tests"><testsuite name="pytest" errors="0" failures="1" skipped="0" tests="20" time="13.888" timestamp="2026-02-28T12:01:52.268601+00:00" hostname="agent-env-1de247bb-77d8-444d-9655-42beaf45e64e"><testcase classname="backend.tests.test_rbac_step1.TestLogin" name="test_super_admin_login" time="0.401" /><testcase classname="backend.tests.test_rbac_step1.TestLogin" name="test_regular_user_login" time="0.370" /><testcase classname="backend.tests.test_rbac_step1.TestMyPermissions" name="test_super_admin_has_all_permissions" time="0.529" /><testcase classname="backend.tests.test_rbac_step1.TestMyPermissions" name="test_regular_user_permissions" time="0.512" /><testcase classname="backend.tests.test_rbac_step1.TestRolesEndpoints" name="test_list_roles_returns_4_system_roles" time="0.510" /><testcase classname="backend.tests.test_rbac_step1.TestRolesEndpoints" name="test_create_custom_role" time="0.802" /><testcase classname="backend.tests.test_rbac_step1.TestRolesEndpoints" name="test_edit_role_updates_permissions" time="0.818" /><testcase classname="backend.tests.test_rbac_step1.TestRolesEndpoints" name="test_delete_custom_role" time="0.655" /><testcase classname="backend.tests.test_rbac_step1.TestRolesEndpoints" name="test_cannot_delete_system_role" time="0.682" /><testcase classname="backend.tests.test_rbac_step1.TestUsersEndpoints" name="test_list_users_with_roles" time="0.523" /><testcase classname="backend.tests.test_rbac_step1.TestUsersEndpoints" name="test_assign_roles_to_user" time="1.466" /><testcase classname="backend.tests.test_rbac_step1.TestDisableEnableUser" name="test_toggle_user_status_disable" time="0.950" /><testcase classname="backend.tests.test_rbac_step1.TestDisableEnableUser" name="test_disabled_user_gets_403" time="1.495" /><testcase classname="backend.tests.test_rbac_step1.TestDisableEnableUser" name="test_cannot_disable_yourself" time="0.687" /><testcase classname="backend.tests.test_rbac_step1.TestLastSuperAdminProtection" name="test_cannot_remove_last_super_admin" time="0.654" /><testcase classname="backend.tests.test_rbac_step1.TestAuditLogging" name="test_role_actions_logged" time="0.656"><failure message="assert None is not None">backend/tests/test_rbac_step1.py:457: in test_role_actions_logged
    assert create_log is not None
E   assert None is not None</failure></testcase><testcase classname="backend.tests.test_rbac_step1.TestExistingAdminEndpoints" name="test_admin_seasons_works" time="0.519" /><testcase classname="backend.tests.test_rbac_step1.TestExistingAdminEndpoints" name="test_admin_matchdays_works" time="0.518" /><testcase classname="backend.tests.test_rbac_step1.TestPermissionsEndpoint" name="test_permissions_list" time="0.518" /><testcase classname="backend.tests.test_rbac_step1.TestSuperAdminEnvVar" name="test_admin_is_super_admin" time="0.513" /></testsuite></testsuites>