<?xml version="1.0" encoding="utf-8"?><testsuites name="pytest tests"><testsuite name="pytest" errors="0" failures="0" skipped="0" tests="30" time="9.191" timestamp="2026-02-28T12:34:43.740316+00:00" hostname="agent-env-1de247bb-77d8-444d-9655-42beaf45e64e"><testcase classname="backend.tests.test_rbac_user_league_governance.TestSetup" name="test_super_admin_login" time="0.499" /><testcase classname="backend.tests.test_rbac_user_league_governance.TestSetup" name="test_standard_user_login" time="0.392" /><testcase classname="backend.tests.test_rbac_user_league_governance.TestRBACUsersEndpoint" name="test_users_list_returns_enriched_fields" time="0.578" /><testcase classname="backend.tests.test_rbac_user_league_governance.TestRBACUsersEndpoint" name="test_users_list_leagues_counts_are_integers" time="0.166" /><testcase classname="backend.tests.test_rbac_user_league_governance.TestRBACUsersEndpoint" name="test_users_list_last_login_format" time="0.172" /><testcase classname="backend.tests.test_rbac_user_league_governance.TestRBACUsersEndpoint" name="test_users_list_is_deleted_boolean" time="0.163" /><testcase classname="backend.tests.test_rbac_user_league_governance.TestRBACUserLeaguesEndpoint" name="test_get_user_leagues_returns_list" time="0.336" /><testcase classname="backend.tests.test_rbac_user_league_governance.TestRBACUserLeaguesEndpoint" name="test_get_user_leagues_membership_role_values" time="0.169" /><testcase classname="backend.tests.test_rbac_user_league_governance.TestRBACUserLeaguesEndpoint" name="test_get_user_leagues_is_owner_is_creator_booleans" time="0.150" /><testcase classname="backend.tests.test_rbac_user_league_governance.TestRBACUserLeaguesEndpoint" name="test_get_nonexistent_user_leagues_404" time="0.149" /><testcase classname="backend.tests.test_rbac_user_league_governance.TestRBACLeaguesEndpoint" name="test_leagues_list_returns_all_leagues" time="0.221" /><testcase classname="backend.tests.test_rbac_user_league_governance.TestRBACLeaguesEndpoint" name="test_leagues_have_required_fields" time="0.238" /><testcase classname="backend.tests.test_rbac_user_league_governance.TestRBACLeaguesEndpoint" name="test_leagues_owner_has_user_info" time="0.229" /><testcase classname="backend.tests.test_rbac_user_league_governance.TestRBACLeaguesEndpoint" name="test_leagues_admins_list_structure" time="0.223" /><testcase classname="backend.tests.test_rbac_user_league_governance.TestRBACLeagueMembersEndpoint" name="test_get_league_members" time="0.355" /><testcase classname="backend.tests.test_rbac_user_league_governance.TestRBACLeagueMembersEndpoint" name="test_get_nonexistent_league_members_404" time="0.165" /><testcase classname="backend.tests.test_rbac_user_league_governance.TestSoftDelete" name="test_soft_delete_blocks_super_admin" time="0.302" /><testcase classname="backend.tests.test_rbac_user_league_governance.TestSoftDelete" name="test_soft_delete_blocks_self_delete" time="0.293" /><testcase classname="backend.tests.test_rbac_user_league_governance.TestSoftDelete" name="test_soft_delete_nonexistent_user_404" time="0.164" /><testcase classname="backend.tests.test_rbac_user_league_governance.TestSoftDeleteOrphanProtection" name="test_soft_delete_with_orphan_leagues_check" time="0.481" /><testcase classname="backend.tests.test_rbac_user_league_governance.TestTransferOwnership" name="test_transfer_owner_requires_valid_member" time="0.370" /><testcase classname="backend.tests.test_rbac_user_league_governance.TestTransferOwnership" name="test_transfer_owner_nonexistent_league_404" time="0.153" /><testcase classname="backend.tests.test_rbac_user_league_governance.TestLeagueAdminManagement" name="test_admin_add_requires_valid_action" time="0.479" /><testcase classname="backend.tests.test_rbac_user_league_governance.TestLeagueAdminManagement" name="test_admin_add_requires_user_to_be_member" time="0.378" /><testcase classname="backend.tests.test_rbac_user_league_governance.TestLeagueAdminManagement" name="test_cannot_change_owner_role_via_admins_endpoint" time="0.367" /><testcase classname="backend.tests.test_rbac_user_league_governance.TestLoginLastLoginUpdate" name="test_login_updates_last_login" time="0.159" /><testcase classname="backend.tests.test_rbac_user_league_governance.TestLoginLastLoginUpdate" name="test_standard_user_last_login_after_login" time="0.916" /><testcase classname="backend.tests.test_rbac_user_league_governance.TestAuditLogging" name="test_audit_log_access" time="0.148" /><testcase classname="backend.tests.test_rbac_user_league_governance.TestAuditLogging" name="test_audit_logs_have_before_after_for_rbac_actions" time="0.143" /><testcase classname="backend.tests.test_rbac_user_league_governance.TestUnauthorizedAccess" name="test_standard_user_cannot_access_rbac_users" time="0.531" /></testsuite></testsuites>