<?xml version="1.0" encoding="utf-8"?><testsuites name="pytest tests"><testsuite name="pytest" errors="0" failures="0" skipped="0" tests="28" time="8.835" timestamp="2026-02-28T11:43:56.577950+00:00" hostname="agent-env-1de247bb-77d8-444d-9655-42beaf45e64e"><testcase classname="tests.test_rbac_apis.TestBootstrap" name="test_bootstrap_four_default_roles" time="0.623" /><testcase classname="tests.test_rbac_apis.TestBootstrap" name="test_admin_is_super_admin" time="0.152" /><testcase classname="tests.test_rbac_apis.TestPermissionsEndpoint" name="test_permissions_returns_12_permissions" time="0.148" /><testcase classname="tests.test_rbac_apis.TestPermissionsEndpoint" name="test_permissions_requires_auth" time="0.141" /><testcase classname="tests.test_rbac_apis.TestPermissionsEndpoint" name="test_permissions_denied_for_regular_user" time="0.540" /><testcase classname="tests.test_rbac_apis.TestMyPermissionsEndpoint" name="test_my_permissions_super_admin" time="0.157" /><testcase classname="tests.test_rbac_apis.TestMyPermissionsEndpoint" name="test_my_permissions_regular_user" time="0.149" /><testcase classname="tests.test_rbac_apis.TestRolesEndpoint" name="test_roles_list_requires_permission" time="0.149" /><testcase classname="tests.test_rbac_apis.TestRolesEndpoint" name="test_roles_list_success" time="0.148" /><testcase classname="tests.test_rbac_apis.TestCreateRole" name="test_create_role_success" time="0.310" /><testcase classname="tests.test_rbac_apis.TestCreateRole" name="test_create_role_invalid_permissions" time="0.157" /><testcase classname="tests.test_rbac_apis.TestCreateRole" name="test_create_role_duplicate_name" time="0.436" /><testcase classname="tests.test_rbac_apis.TestUpdateRole" name="test_update_role_success" time="0.458" /><testcase classname="tests.test_rbac_apis.TestUpdateRole" name="test_update_role_not_found" time="0.149" /><testcase classname="tests.test_rbac_apis.TestDeleteRole" name="test_delete_custom_role_success" time="0.300" /><testcase classname="tests.test_rbac_apis.TestDeleteRole" name="test_delete_system_role_forbidden" time="0.299" /><testcase classname="tests.test_rbac_apis.TestUsersEndpoint" name="test_list_users_success" time="0.156" /><testcase classname="tests.test_rbac_apis.TestUsersEndpoint" name="test_list_users_requires_permission" time="0.135" /><testcase classname="tests.test_rbac_apis.TestAssignRoles" name="test_assign_roles_success" time="0.614" /><testcase classname="tests.test_rbac_apis.TestAssignRoles" name="test_assign_nonexistent_role" time="0.152" /><testcase classname="tests.test_rbac_apis.TestSuperAdminFlag" name="test_set_super_admin_requires_super_admin" time="0.284" /><testcase classname="tests.test_rbac_apis.TestSuperAdminFlag" name="test_cannot_remove_own_super_admin" time="0.155" /><testcase classname="tests.test_rbac_apis.TestPermissionEnforcement" name="test_regular_user_no_roles_gets_403" time="0.436" /><testcase classname="tests.test_rbac_apis.TestPermissionEnforcement" name="test_user_with_role_can_access_permitted" time="1.134" /><testcase classname="tests.test_rbac_apis.TestPermissionEnforcement" name="test_super_admin_bypasses_all_checks" time="0.581" /><testcase classname="tests.test_rbac_apis.TestAuditLogsWithRBAC" name="test_audit_log_includes_rbac_fields" time="0.454" /><testcase classname="tests.test_rbac_apis.TestExistingAdminEndpoints" name="test_admin_audit_logs_still_works" time="0.144" /><testcase classname="tests.test_rbac_apis.TestExistingAdminEndpoints" name="test_admin_seasons_still_works" time="0.144" /></testsuite></testsuites>