<?xml version="1.0" encoding="utf-8"?><testsuites name="pytest tests"><testsuite name="pytest" errors="0" failures="3" skipped="0" tests="20" time="52.017" timestamp="2026-02-28T12:00:25.615268+00:00" hostname="agent-env-1de247bb-77d8-444d-9655-42beaf45e64e"><testcase classname="backend.tests.test_rbac_step1.TestLogin" name="test_super_admin_login" time="0.426" /><testcase classname="backend.tests.test_rbac_step1.TestLogin" name="test_regular_user_login" time="0.374" /><testcase classname="backend.tests.test_rbac_step1.TestMyPermissions" name="test_super_admin_has_all_permissions" time="0.528" /><testcase classname="backend.tests.test_rbac_step1.TestMyPermissions" name="test_regular_user_permissions" time="0.533" /><testcase classname="backend.tests.test_rbac_step1.TestRolesEndpoints" name="test_list_roles_returns_4_system_roles" time="0.538" /><testcase classname="backend.tests.test_rbac_step1.TestRolesEndpoints" name="test_create_custom_role" time="0.982" /><testcase classname="backend.tests.test_rbac_step1.TestRolesEndpoints" name="test_edit_role_updates_permissions" time="0.503"><failure message="assert 409 in [200, 201]&#10; +  where 409 = &lt;Response [409]&gt;.status_code">backend/tests/test_rbac_step1.py:150: in test_edit_role_updates_permissions
    assert create_resp.status_code in [200, 201]
E   assert 409 in [200, 201]
E    +  where 409 = &lt;Response [409]&gt;.status_code</failure></testcase><testcase classname="backend.tests.test_rbac_step1.TestRolesEndpoints" name="test_delete_custom_role" time="0.514"><failure message="assert 409 in [200, 201]&#10; +  where 409 = &lt;Response [409]&gt;.status_code">backend/tests/test_rbac_step1.py:179: in test_delete_custom_role
    assert create_resp.status_code in [200, 201]
E   assert 409 in [200, 201]
E    +  where 409 = &lt;Response [409]&gt;.status_code</failure></testcase><testcase classname="backend.tests.test_rbac_step1.TestRolesEndpoints" name="test_cannot_delete_system_role" time="0.660" /><testcase classname="backend.tests.test_rbac_step1.TestUsersEndpoints" name="test_list_users_with_roles" time="0.563" /><testcase classname="backend.tests.test_rbac_step1.TestUsersEndpoints" name="test_assign_roles_to_user" time="1.526" /><testcase classname="backend.tests.test_rbac_step1.TestDisableEnableUser" name="test_toggle_user_status_disable" time="0.976" /><testcase classname="backend.tests.test_rbac_step1.TestDisableEnableUser" name="test_disabled_user_gets_403" time="1.488" /><testcase classname="backend.tests.test_rbac_step1.TestDisableEnableUser" name="test_cannot_disable_yourself" time="0.687" /><testcase classname="backend.tests.test_rbac_step1.TestLastSuperAdminProtection" name="test_cannot_remove_last_super_admin" time="0.664" /><testcase classname="backend.tests.test_rbac_step1.TestAuditLogging" name="test_role_actions_logged" time="0.550"><failure message="assert 409 in [200, 201]&#10; +  where 409 = &lt;Response [409]&gt;.status_code">backend/tests/test_rbac_step1.py:436: in test_role_actions_logged
    assert create_resp.status_code in [200, 201]
E   assert 409 in [200, 201]
E    +  where 409 = &lt;Response [409]&gt;.status_code</failure></testcase><testcase classname="backend.tests.test_rbac_step1.TestExistingAdminEndpoints" name="test_admin_seasons_works" time="36.626" /><testcase classname="backend.tests.test_rbac_step1.TestExistingAdminEndpoints" name="test_admin_matchdays_works" time="0.561" /><testcase classname="backend.tests.test_rbac_step1.TestPermissionsEndpoint" name="test_permissions_list" time="2.676" /><testcase classname="backend.tests.test_rbac_step1.TestSuperAdminEnvVar" name="test_admin_is_super_admin" time="0.528" /></testsuite></testsuites>