<?xml version="1.0" encoding="utf-8"?><testsuites name="pytest tests"><testsuite name="pytest" errors="0" failures="0" skipped="0" tests="33" time="9.572" timestamp="2026-02-28T12:24:28.652969+00:00" hostname="agent-env-1de247bb-77d8-444d-9655-42beaf45e64e"><testcase classname="backend.tests.test_rbac_step2a.TestSuperAdminAccessAll" name="test_super_admin_seasons_get" time="0.544" /><testcase classname="backend.tests.test_rbac_step2a.TestSuperAdminAccessAll" name="test_super_admin_matchdays_get" time="0.076" /><testcase classname="backend.tests.test_rbac_step2a.TestSuperAdminAccessAll" name="test_super_admin_matches_get" time="0.076" /><testcase classname="backend.tests.test_rbac_step2a.TestSuperAdminAccessAll" name="test_super_admin_leagues_get" time="0.096" /><testcase classname="backend.tests.test_rbac_step2a.TestSuperAdminAccessAll" name="test_super_admin_payments_get" time="0.073" /><testcase classname="backend.tests.test_rbac_step2a.TestSuperAdminAccessAll" name="test_super_admin_audit_logs_get" time="0.071" /><testcase classname="backend.tests.test_rbac_step2a.TestSuperAdminAccessAll" name="test_super_admin_score_summaries_get" time="0.156" /><testcase classname="backend.tests.test_rbac_step2a.TestOsservatoreRole" name="test_osservatore_seasons_403" time="0.660" /><testcase classname="backend.tests.test_rbac_step2a.TestOsservatoreRole" name="test_osservatore_matchdays_403" time="0.310" /><testcase classname="backend.tests.test_rbac_step2a.TestOsservatoreRole" name="test_osservatore_matches_403" time="0.285" /><testcase classname="backend.tests.test_rbac_step2a.TestOsservatoreRole" name="test_osservatore_leagues_403" time="0.288" /><testcase classname="backend.tests.test_rbac_step2a.TestOsservatoreRole" name="test_osservatore_payments_200" time="0.297" /><testcase classname="backend.tests.test_rbac_step2a.TestOsservatoreRole" name="test_osservatore_audit_200" time="0.301" /><testcase classname="backend.tests.test_rbac_step2a.TestOsservatoreRole" name="test_osservatore_score_summaries_200" time="0.359" /><testcase classname="backend.tests.test_rbac_step2a.TestGestoreLegheRole" name="test_gestore_seasons_200" time="0.322" /><testcase classname="backend.tests.test_rbac_step2a.TestGestoreLegheRole" name="test_gestore_matchdays_200" time="0.326" /><testcase classname="backend.tests.test_rbac_step2a.TestGestoreLegheRole" name="test_gestore_matches_200" time="0.296" /><testcase classname="backend.tests.test_rbac_step2a.TestGestoreLegheRole" name="test_gestore_leagues_200" time="0.312" /><testcase classname="backend.tests.test_rbac_step2a.TestGestoreLegheRole" name="test_gestore_payments_403" time="0.302" /><testcase classname="backend.tests.test_rbac_step2a.TestGestoreLegheRole" name="test_gestore_audit_403" time="0.286" /><testcase classname="backend.tests.test_rbac_step2a.TestNoRoleUser" name="test_no_role_seasons_403" time="0.140" /><testcase classname="backend.tests.test_rbac_step2a.TestNoRoleUser" name="test_no_role_matchdays_403" time="0.148" /><testcase classname="backend.tests.test_rbac_step2a.TestNoRoleUser" name="test_no_role_matches_403" time="0.146" /><testcase classname="backend.tests.test_rbac_step2a.TestNoRoleUser" name="test_no_role_leagues_403" time="0.139" /><testcase classname="backend.tests.test_rbac_step2a.TestNoRoleUser" name="test_no_role_payments_403" time="0.140" /><testcase classname="backend.tests.test_rbac_step2a.TestNoRoleUser" name="test_no_role_audit_403" time="0.146" /><testcase classname="backend.tests.test_rbac_step2a.TestNoRoleUser" name="test_no_role_score_summaries_403" time="0.140" /><testcase classname="backend.tests.test_rbac_step2a.TestRefreshLiveEndpoint" name="test_super_admin_refresh_live_access" time="1.103" /><testcase classname="backend.tests.test_rbac_step2a.TestRefreshLiveEndpoint" name="test_gestore_refresh_live_access" time="1.199" /><testcase classname="backend.tests.test_rbac_step2a.TestRefreshLiveEndpoint" name="test_osservatore_refresh_live_403" time="0.286" /><testcase classname="backend.tests.test_rbac_step2a.TestNonAdminEndpointsStillWork" name="test_user_login_no_role_required" time="0.300" /><testcase classname="backend.tests.test_rbac_step2a.TestNonAdminEndpointsStillWork" name="test_home_endpoint_no_role_required" time="0.102" /><testcase classname="backend.tests.test_rbac_step2a.TestNonAdminEndpointsStillWork" name="test_profile_no_role_required" time="0.068" /></testsuite></testsuites>