<?xml version="1.0" encoding="utf-8"?><testsuites name="pytest tests"><testsuite name="pytest" errors="0" failures="0" skipped="0" tests="7" time="1.652" timestamp="2026-03-12T21:07:27.710408+00:00" hostname="agent-env-e944c108-c873-4314-bc50-59ea77787b77"><testcase classname="backend.tests.test_scoring_refactor_integer.TestScoringConfig" name="test_league_scoring_config_values" time="0.655" /><testcase classname="backend.tests.test_scoring_refactor_integer.TestScoringConfig" name="test_home_returns_matchday_data" time="0.132" /><testcase classname="backend.tests.test_scoring_refactor_integer.TestStandingsIntegerPoints" name="test_total_standings_integer_points" time="0.129" /><testcase classname="backend.tests.test_scoring_refactor_integer.TestLiveScoringValues" name="test_live_predictions_points" time="0.173" /><testcase classname="backend.tests.test_scoring_refactor_integer.TestX3MultiplierWithNewScoring" name="test_x3_multiplier_values" time="0.145" /><testcase classname="backend.tests.test_scoring_refactor_integer.TestScoringEngineConstants" name="test_scoring_source_of_truth" time="0.115" /><testcase classname="backend.tests.test_scoring_refactor_integer.TestNoOldDecimalScoring" name="test_no_half_point_values" time="0.193" /></testsuite></testsuites>