<?xml version="1.0" encoding="utf-8"?><testsuites name="pytest tests"><testsuite name="pytest" errors="0" failures="0" skipped="0" tests="6" time="3.245" timestamp="2026-03-13T23:42:25.071174+00:00" hostname="agent-env-e944c108-c873-4314-bc50-59ea77787b77"><testcase classname="backend.tests.test_standings_ui_improvement.TestStandingsAPIFields" name="test_total_standings_returns_stats_fields" time="0.610" /><testcase classname="backend.tests.test_standings_ui_improvement.TestStandingsAPIFields" name="test_weekly_standings_returns_stats_fields" time="0.597" /><testcase classname="backend.tests.test_standings_ui_improvement.TestStandingsAPIFields" name="test_total_standings_sorting_by_tiebreak" time="0.485" /><testcase classname="backend.tests.test_standings_ui_improvement.TestStandingsAPIFields" name="test_no_ind_label_in_standings_response" time="0.449" /><testcase classname="backend.tests.test_standings_ui_improvement.TestAdminStandingsColumns" name="test_admin_ui_html_contains_standings_columns" time="0.519" /><testcase classname="backend.tests.test_standings_ui_improvement.TestAdminStandingsColumns" name="test_admin_standings_table_structure" time="0.475" /></testsuite></testsuites>