<?xml version="1.0" encoding="utf-8"?><testsuites name="pytest tests"><testsuite name="pytest" errors="0" failures="0" skipped="0" tests="8" time="1.701" timestamp="2026-03-13T23:52:03.769741+00:00" hostname="agent-env-e944c108-c873-4314-bc50-59ea77787b77"><testcase classname="backend.tests.test_standings_ui_refinement.TestTotalStandingsAPI" name="test_total_standings_returns_total_correct_predictions" time="0.649" /><testcase classname="backend.tests.test_standings_ui_refinement.TestTotalStandingsAPI" name="test_total_standings_entry_does_not_have_old_abbreviated_fields" time="0.128" /><testcase classname="backend.tests.test_standings_ui_refinement.TestTotalStandingsAPI" name="test_total_standings_tiebreak_rules" time="0.113" /><testcase classname="backend.tests.test_standings_ui_refinement.TestUserDetailAPI" name="test_user_detail_returns_tiebreak_fields" time="0.160" /><testcase classname="backend.tests.test_standings_ui_refinement.TestUserDetailAPI" name="test_user_detail_tiebreak_values" time="0.123" /><testcase classname="backend.tests.test_standings_ui_refinement.TestUserDetailAPI" name="test_user_detail_user_info" time="0.117" /><testcase classname="backend.tests.test_standings_ui_refinement.TestAdminPanelStandings" name="test_admin_panel_accessible" time="0.120" /><testcase classname="backend.tests.test_standings_ui_refinement.TestWeeklyStandingsAPI" name="test_weekly_standings_returns_correct_fields" time="0.227" /></testsuite></testsuites>