<?xml version="1.0" encoding="utf-8"?><testsuites name="pytest tests"><testsuite name="pytest" errors="0" failures="0" skipped="0" tests="18" time="4.896" timestamp="2026-02-23T21:12:12.537660+00:00" hostname="agent-env-aa7b40fe-cff6-4d6c-a047-d23e0fa4bc7a"><testcase classname="tests.test_statistics_api.TestStatsLeaguesEndpoint" name="test_leagues_returns_200" time="1.338" /><testcase classname="tests.test_statistics_api.TestStatsLeaguesEndpoint" name="test_leagues_returns_5_leagues" time="0.194" /><testcase classname="tests.test_statistics_api.TestStatsLeaguesEndpoint" name="test_leagues_contains_expected_leagues" time="0.149" /><testcase classname="tests.test_statistics_api.TestStatsLeaguesEndpoint" name="test_leagues_have_required_fields" time="0.164" /><testcase classname="tests.test_statistics_api.TestStatsStandingsEndpoint" name="test_serie_a_standings_returns_200" time="0.372" /><testcase classname="tests.test_statistics_api.TestStatsStandingsEndpoint" name="test_standings_contains_teams" time="0.121" /><testcase classname="tests.test_statistics_api.TestStatsStandingsEndpoint" name="test_standings_team_has_required_fields" time="0.111" /><testcase classname="tests.test_statistics_api.TestStatsResultsEndpoint" name="test_serie_a_results_returns_200" time="0.277" /><testcase classname="tests.test_statistics_api.TestStatsResultsEndpoint" name="test_results_contains_fixtures" time="0.176" /><testcase classname="tests.test_statistics_api.TestStatsResultsEndpoint" name="test_results_fixture_has_required_fields" time="0.174" /><testcase classname="tests.test_statistics_api.TestStatsUpcomingEndpoint" name="test_serie_a_upcoming_returns_200" time="0.271" /><testcase classname="tests.test_statistics_api.TestStatsUpcomingEndpoint" name="test_upcoming_contains_fixtures" time="0.148" /><testcase classname="tests.test_statistics_api.TestStatsAuthRequired" name="test_leagues_requires_auth" time="0.162" /><testcase classname="tests.test_statistics_api.TestStatsAuthRequired" name="test_standings_requires_auth" time="0.126" /><testcase classname="tests.test_statistics_api.TestOtherLeaguesStandings" name="test_other_leagues_standings[39-Premier League]" time="0.251" /><testcase classname="tests.test_statistics_api.TestOtherLeaguesStandings" name="test_other_leagues_standings[140-La Liga]" time="0.256" /><testcase classname="tests.test_statistics_api.TestOtherLeaguesStandings" name="test_other_leagues_standings[78-Bundesliga]" time="0.262" /><testcase classname="tests.test_statistics_api.TestOtherLeaguesStandings" name="test_other_leagues_standings[61-Ligue 1]" time="0.228" /></testsuite></testsuites>