<?xml version="1.0" encoding="utf-8"?><testsuites name="pytest tests"><testsuite name="pytest" errors="0" failures="2" skipped="0" tests="18" time="5.277" timestamp="2026-03-20T19:39:19.629547+00:00" hostname="agent-env-e944c108-c873-4314-bc50-59ea77787b77"><testcase classname="backend.tests.test_statistics_api.TestStatsLeaguesEndpoint" name="test_leagues_returns_200" time="1.788" /><testcase classname="backend.tests.test_statistics_api.TestStatsLeaguesEndpoint" name="test_leagues_returns_5_leagues" time="0.139"><failure message="AssertionError: Expected 5 leagues, got 7&#10;assert 7 == 5&#10; +  where 7 = len([{'country': 'Italy', 'current_season': 2025, 'league_id': 135, 'logo': 'https://media.api-sports.io/football/leagues/135.png', ...}, {'country': 'England', 'current_season': 2025, 'league_id': 39, 'logo': 'https://media.api-sports.io/football/leagues/39.png', ...}, {'country': 'Spain', 'current_season': 2025, 'league_id': 140, 'logo': 'https://media.api-sports.io/football/leagues/140.png', ...}, {'country': 'Germany', 'current_season': 2025, 'league_id': 78, 'logo': 'https://media.api-sports.io/football/leagues/78.png', ...}, {'country': 'France', 'current_season': 2025, 'league_id': 61, 'logo': 'https://media.api-sports.io/football/leagues/61.png', ...}, {'country': 'Europe', 'current_season': 2025, 'league_id': 2, 'logo': 'https://media.api-sports.io/football/leagues/2.png', ...}, ...])">backend/tests/test_statistics_api.py:65: in test_leagues_returns_5_leagues
    assert len(leagues) == 5, f"Expected 5 leagues, got {len(leagues)}"
E   AssertionError: Expected 5 leagues, got 7
E   assert 7 == 5
E    +  where 7 = len([{'country': 'Italy', 'current_season': 2025, 'league_id': 135, 'logo': 'https://media.api-sports.io/football/leagues/135.png', ...}, {'country': 'England', 'current_season': 2025, 'league_id': 39, 'logo': 'https://media.api-sports.io/football/leagues/39.png', ...}, {'country': 'Spain', 'current_season': 2025, 'league_id': 140, 'logo': 'https://media.api-sports.io/football/leagues/140.png', ...}, {'country': 'Germany', 'current_season': 2025, 'league_id': 78, 'logo': 'https://media.api-sports.io/football/leagues/78.png', ...}, {'country': 'France', 'current_season': 2025, 'league_id': 61, 'logo': 'https://media.api-sports.io/football/leagues/61.png', ...}, {'country': 'Europe', 'current_season': 2025, 'league_id': 2, 'logo': 'https://media.api-sports.io/football/leagues/2.png', ...}, ...])</failure></testcase><testcase classname="backend.tests.test_statistics_api.TestStatsLeaguesEndpoint" name="test_leagues_contains_expected_leagues" time="0.203"><failure message="AssertionError: Expected leagues {39, 135, 140, 61, 78}, got {2, 3, 39, 135, 140, 78, 61}&#10;assert {2, 3, 39, 61, 78, 135, ...} == {39, 61, 78, 135, 140}&#10;  &#10;  Extra items in the left set:&#10;  2&#10;  3&#10;  &#10;  Full diff:&#10;    {...&#10;  &#10;  ...Full output truncated (8 lines hidden), use '-vv' to show">backend/tests/test_statistics_api.py:80: in test_leagues_contains_expected_leagues
    assert response_league_ids == expected_league_ids, f"Expected leagues {expected_league_ids}, got {response_league_ids}"
E   AssertionError: Expected leagues {39, 135, 140, 61, 78}, got {2, 3, 39, 135, 140, 78, 61}
E   assert {2, 3, 39, 61, 78, 135, ...} == {39, 61, 78, 135, 140}
E     
E     Extra items in the left set:
E     2
E     3
E     
E     Full diff:
E       {...
E     
E     ...Full output truncated (8 lines hidden), use '-vv' to show</failure></testcase><testcase classname="backend.tests.test_statistics_api.TestStatsLeaguesEndpoint" name="test_leagues_have_required_fields" time="0.146" /><testcase classname="backend.tests.test_statistics_api.TestStatsStandingsEndpoint" name="test_serie_a_standings_returns_200" time="0.266" /><testcase classname="backend.tests.test_statistics_api.TestStatsStandingsEndpoint" name="test_standings_contains_teams" time="0.154" /><testcase classname="backend.tests.test_statistics_api.TestStatsStandingsEndpoint" name="test_standings_team_has_required_fields" time="0.111" /><testcase classname="backend.tests.test_statistics_api.TestStatsResultsEndpoint" name="test_serie_a_results_returns_200" time="0.257" /><testcase classname="backend.tests.test_statistics_api.TestStatsResultsEndpoint" name="test_results_contains_fixtures" time="0.104" /><testcase classname="backend.tests.test_statistics_api.TestStatsResultsEndpoint" name="test_results_fixture_has_required_fields" time="0.160" /><testcase classname="backend.tests.test_statistics_api.TestStatsUpcomingEndpoint" name="test_serie_a_upcoming_returns_200" time="0.251" /><testcase classname="backend.tests.test_statistics_api.TestStatsUpcomingEndpoint" name="test_upcoming_contains_fixtures" time="0.113" /><testcase classname="backend.tests.test_statistics_api.TestStatsAuthRequired" name="test_leagues_requires_auth" time="0.131" /><testcase classname="backend.tests.test_statistics_api.TestStatsAuthRequired" name="test_standings_requires_auth" time="0.105" /><testcase classname="backend.tests.test_statistics_api.TestOtherLeaguesStandings" name="test_other_leagues_standings[39-Premier League]" time="0.286" /><testcase classname="backend.tests.test_statistics_api.TestOtherLeaguesStandings" name="test_other_leagues_standings[140-La Liga]" time="0.281" /><testcase classname="backend.tests.test_statistics_api.TestOtherLeaguesStandings" name="test_other_leagues_standings[78-Bundesliga]" time="0.297" /><testcase classname="backend.tests.test_statistics_api.TestOtherLeaguesStandings" name="test_other_leagues_standings[61-Ligue 1]" time="0.256" /></testsuite></testsuites>