<?xml version="1.0" encoding="utf-8"?><testsuites name="pytest tests"><testsuite name="pytest" errors="0" failures="0" skipped="0" tests="8" time="5.650" timestamp="2026-03-14T17:01:05.849643+00:00" hostname="agent-env-e944c108-c873-4314-bc50-59ea77787b77"><testcase classname="backend.tests.test_stripe_payments.TestStripePayments" name="test_custom_league_checkout_creates_stripe_session" time="1.119" /><testcase classname="backend.tests.test_stripe_payments.TestStripePayments" name="test_custom_league_checkout_without_auth_fails" time="0.592" /><testcase classname="backend.tests.test_stripe_payments.TestStripePayments" name="test_custom_league_checkout_validates_matchdays" time="0.497" /><testcase classname="backend.tests.test_stripe_payments.TestStripePayments" name="test_payment_status_returns_expected_fields" time="1.271" /><testcase classname="backend.tests.test_stripe_payments.TestStripePayments" name="test_payment_status_invalid_session_returns_404" time="0.535" /><testcase classname="backend.tests.test_stripe_payments.TestStripePayments" name="test_payment_status_without_auth_fails" time="0.584" /><testcase classname="backend.tests.test_stripe_payments.TestStripePayments" name="test_national_league_creation_is_free" time="0.563" /><testcase classname="backend.tests.test_stripe_payments.TestSeasonEndpoints" name="test_get_seasons_endpoint" time="0.425" /></testsuite></testsuites>