<?xml version="1.0" encoding="utf-8"?><testsuites name="pytest tests"><testsuite name="pytest" errors="0" failures="0" skipped="1" tests="14" time="3.503" timestamp="2026-03-13T23:22:15.815363+00:00" hostname="agent-env-e944c108-c873-4314-bc50-59ea77787b77"><testcase classname="backend.tests.test_tiebreak_system.TestTotalStandingsTiebreak" name="test_total_standings_returns_tiebreak_fields" time="0.643" /><testcase classname="backend.tests.test_tiebreak_system.TestTotalStandingsTiebreak" name="test_standings_sorting_order" time="0.157" /><testcase classname="backend.tests.test_tiebreak_system.TestTotalStandingsTiebreak" name="test_standings_returns_correct_league_info" time="0.138" /><testcase classname="backend.tests.test_tiebreak_system.TestBackfillTiebreakStats" name="test_backfill_requires_admin" time="0.120" /><testcase classname="backend.tests.test_tiebreak_system.TestBackfillTiebreakStats" name="test_backfill_endpoint_exists" time="0.633" /><testcase classname="backend.tests.test_tiebreak_system.TestBackfillTiebreakStats" name="test_backfill_updates_score_summaries" time="0.246" /><testcase classname="backend.tests.test_tiebreak_system.TestScoreSummariesTiebreakFields" name="test_score_summaries_via_admin_endpoint" time="0.228"><skipped type="pytest.skip" message="No score summaries found for matchday">/app/backend/tests/test_tiebreak_system.py:197: No score summaries found for matchday</skipped></testcase><testcase classname="backend.tests.test_tiebreak_system.TestTournamentTiebreak" name="test_tournament_detail_returns_tiebreak_info" time="0.123" /><testcase classname="backend.tests.test_tiebreak_system.TestTournamentTiebreak" name="test_tournament_all_matchups_includes_tiebreak" time="0.125" /><testcase classname="backend.tests.test_tiebreak_system.TestTournamentTiebreak" name="test_matchup_live_view_returns_scores" time="0.278" /><testcase classname="backend.tests.test_tiebreak_system.TestWeeklyStandingsTiebreak" name="test_weekly_standings_tiebreak_fields" time="0.242" /><testcase classname="backend.tests.test_tiebreak_system.TestAdminUIIntegration" name="test_admin_ui_accessible" time="0.159" /><testcase classname="backend.tests.test_tiebreak_system.TestAdminUIIntegration" name="test_admin_standings_table_columns" time="0.198" /><testcase classname="backend.tests.test_tiebreak_system.TestTiebreakDataIntegrity" name="test_total_correct_predictions_sum_matches" time="0.138" /></testsuite></testsuites>