<?xml version="1.0" encoding="utf-8"?><testsuites name="pytest tests"><testsuite name="pytest" errors="0" failures="0" skipped="0" tests="8" time="3.870" timestamp="2026-03-11T21:14:34.350188+00:00" hostname="agent-env-7fc85160-070f-4cfb-bf0c-d2e50055a9c6"><testcase classname="backend.tests.test_tournament_inline_home.TestAuthAndTournamentList" name="test_login_returns_access_token" time="0.569" /><testcase classname="backend.tests.test_tournament_inline_home.TestAuthAndTournamentList" name="test_list_tournaments_returns_is_registered" time="0.525" /><testcase classname="backend.tests.test_tournament_inline_home.TestAuthAndTournamentList" name="test_tournament_detail" time="0.237" /><testcase classname="backend.tests.test_tournament_inline_home.TestAuthAndTournamentList" name="test_tournament_groups" time="0.150" /><testcase classname="backend.tests.test_tournament_inline_home.TestAuthAndTournamentList" name="test_my_matchups" time="0.123" /><testcase classname="backend.tests.test_tournament_inline_home.TestTournamentWithRegisteredTournaments" name="test_find_registered_tournaments" time="0.538" /><testcase classname="backend.tests.test_tournament_inline_home.TestTournamentBracket" name="test_bracket_endpoint" time="0.495" /><testcase classname="backend.tests.test_tournament_inline_home.TestAllTournamentEndpoints" name="test_all_tournament_endpoints_work" time="1.035" /></testsuite></testsuites>