<?xml version="1.0" encoding="utf-8"?><testsuites name="pytest tests"><testsuite name="pytest" errors="0" failures="0" skipped="0" tests="8" time="3.898" timestamp="2026-03-14T00:04:27.147921+00:00" hostname="agent-env-e944c108-c873-4314-bc50-59ea77787b77"><testcase classname="backend.tests.test_tournament_groups_ui.TestTournamentGroupsAPI" name="test_groups_api_returns_object_with_groups_array" time="0.507" /><testcase classname="backend.tests.test_tournament_groups_ui.TestTournamentGroupsAPI" name="test_groups_api_returns_advance_count" time="0.445" /><testcase classname="backend.tests.test_tournament_groups_ui.TestTournamentGroupsAPI" name="test_groups_api_returns_players_per_group" time="0.451" /><testcase classname="backend.tests.test_tournament_groups_ui.TestTournamentGroupsAPI" name="test_groups_api_returns_groups_count" time="0.477" /><testcase classname="backend.tests.test_tournament_groups_ui.TestTournamentGroupsAPI" name="test_each_group_has_qualifies_field" time="0.448" /><testcase classname="backend.tests.test_tournament_groups_ui.TestTournamentGroupsAPI" name="test_standings_entry_has_tiebreak_stats" time="0.485" /><testcase classname="backend.tests.test_tournament_groups_ui.TestTournamentGroupsAPI" name="test_groups_include_standard_standings_fields" time="0.502" /><testcase classname="backend.tests.test_tournament_groups_ui.TestTournamentGroupsAPI" name="test_tournament_name_in_response" time="0.519" /></testsuite></testsuites>