<?xml version="1.0" encoding="utf-8"?><testsuites name="pytest tests"><testsuite name="pytest" errors="0" failures="1" skipped="0" tests="13" time="7.129" timestamp="2026-03-11T22:14:06.439987+00:00" hostname="agent-env-7fc85160-070f-4cfb-bf0c-d2e50055a9c6"><testcase classname="tests.test_tournament_tabs_integration.TestTournamentFixturesEndpoint" name="test_fixtures_endpoint_exists" time="0.648" /><testcase classname="tests.test_tournament_tabs_integration.TestTournamentFixturesEndpoint" name="test_fixtures_matchday_structure" time="0.547" /><testcase classname="tests.test_tournament_tabs_integration.TestTournamentFixturesEndpoint" name="test_fixtures_404_for_invalid_tournament" time="0.475" /><testcase classname="tests.test_tournament_tabs_integration.TestTournamentGroupsEndpoint" name="test_groups_endpoint_exists" time="0.556" /><testcase classname="tests.test_tournament_tabs_integration.TestTournamentGroupsEndpoint" name="test_groups_structure_for_gironi_tab" time="0.558" /><testcase classname="tests.test_tournament_tabs_integration.TestTournamentGroupsEndpoint" name="test_groups_multiple_groups_exist" time="0.495" /><testcase classname="tests.test_tournament_tabs_integration.TestTournamentBracketEndpoint" name="test_bracket_endpoint_exists" time="0.466" /><testcase classname="tests.test_tournament_tabs_integration.TestTournamentBracketEndpoint" name="test_bracket_structure_for_tabellone_tab" time="0.476" /><testcase classname="tests.test_tournament_tabs_integration.TestTournamentBracketEndpoint" name="test_bracket_404_for_invalid_tournament" time="0.479" /><testcase classname="tests.test_tournament_tabs_integration.TestTournamentDetailEndpoint" name="test_tournament_detail_includes_status" time="0.537" /><testcase classname="tests.test_tournament_tabs_integration.TestTournamentDetailEndpoint" name="test_tournament_detail_includes_rounds" time="0.512" /><testcase classname="tests.test_tournament_tabs_integration.TestPredictionsTabTournamentIntegration" name="test_fixtures_format_matches_league_format" time="0.450" /><testcase classname="tests.test_tournament_tabs_integration.TestPredictionsTabTournamentIntegration" name="test_predictions_endpoint_with_tournament_matchday" time="0.712"><failure message="AssertionError: Predictions endpoint failed: {&quot;detail&quot;:&quot;Matchday not found&quot;}&#10;assert 404 == 200&#10; +  where 404 = &lt;Response [404]&gt;.status_code">tests/test_tournament_tabs_integration.py:322: in test_predictions_endpoint_with_tournament_matchday
    assert preds_resp.status_code == 200, f"Predictions endpoint failed: {preds_resp.text}"
E   AssertionError: Predictions endpoint failed: {"detail":"Matchday not found"}
E   assert 404 == 200
E    +  where 404 = &lt;Response [404]&gt;.status_code</failure></testcase></testsuite></testsuites>