<?xml version="1.0" encoding="utf-8"?><testsuites name="pytest tests"><testsuite name="pytest" errors="0" failures="0" skipped="0" tests="29" time="5.314" timestamp="2026-03-10T20:20:56.458189+00:00" hostname="agent-env-52e19b83-264e-48b6-9bca-340b9a0feb06"><testcase classname="backend.tests.test_tournaments.TestAuthRegression" name="test_login_works_for_admin" time="0.371" /><testcase classname="backend.tests.test_tournaments.TestAuthRegression" name="test_login_works_for_standard_user" time="0.347" /><testcase classname="backend.tests.test_tournaments.TestAdminCreateTournament" name="test_create_tournament_requires_admin" time="0.458" /><testcase classname="backend.tests.test_tournaments.TestAdminCreateTournament" name="test_create_tournament_success" time="0.490" /><testcase classname="backend.tests.test_tournaments.TestAdminCreateTournament" name="test_create_tournament_validation_fails_bad_participant_count" time="0.118" /><testcase classname="backend.tests.test_tournaments.TestAdminCreateTournament" name="test_create_tournament_validation_fails_advance_count" time="0.140" /><testcase classname="backend.tests.test_tournaments.TestAdminOpenRegistration" name="test_open_registration_requires_admin" time="0.108" /><testcase classname="backend.tests.test_tournaments.TestAdminOpenRegistration" name="test_open_registration_success" time="0.251" /><testcase classname="backend.tests.test_tournaments.TestAdminOpenRegistration" name="test_open_registration_fails_if_not_draft" time="0.109" /><testcase classname="backend.tests.test_tournaments.TestListTournaments" name="test_list_tournaments_requires_auth" time="0.114" /><testcase classname="backend.tests.test_tournaments.TestListTournaments" name="test_list_tournaments_excludes_drafts" time="0.120" /><testcase classname="backend.tests.test_tournaments.TestListTournaments" name="test_existing_tournament_in_list" time="0.124" /><testcase classname="backend.tests.test_tournaments.TestTournamentDetail" name="test_get_tournament_detail" time="0.217" /><testcase classname="backend.tests.test_tournaments.TestTournamentDetail" name="test_get_nonexistent_tournament" time="0.128" /><testcase classname="backend.tests.test_tournaments.TestTournamentRegistration" name="test_register_requires_auth" time="0.127" /><testcase classname="backend.tests.test_tournaments.TestTournamentRegistration" name="test_register_for_tournament" time="0.402" /><testcase classname="backend.tests.test_tournaments.TestTournamentRegistration" name="test_duplicate_registration_fails" time="0.121" /><testcase classname="backend.tests.test_tournaments.TestTournamentRegistration" name="test_unregister_from_tournament" time="0.175" /><testcase classname="backend.tests.test_tournaments.TestTournamentRegistration" name="test_unregister_when_not_registered" time="0.125" /><testcase classname="backend.tests.test_tournaments.TestStartTournament" name="test_start_requires_admin" time="0.116" /><testcase classname="backend.tests.test_tournaments.TestStartTournament" name="test_start_requires_enough_participants" time="0.126" /><testcase classname="backend.tests.test_tournaments.TestGroupStandings" name="test_get_groups_requires_auth" time="0.122" /><testcase classname="backend.tests.test_tournaments.TestGroupStandings" name="test_get_groups_empty_for_registration_phase" time="0.110" /><testcase classname="backend.tests.test_tournaments.TestTournamentRounds" name="test_create_round_requires_admin" time="0.123" /><testcase classname="backend.tests.test_tournaments.TestTournamentRounds" name="test_create_round_fails_for_registration_phase" time="0.123" /><testcase classname="backend.tests.test_tournaments.TestOpenRound" name="test_open_round_nonexistent" time="0.180" /><testcase classname="backend.tests.test_tournaments.TestLeagueRegression" name="test_list_leagues_still_works" time="0.123" /><testcase classname="backend.tests.test_tournaments.TestLeagueRegression" name="test_api_root_still_works" time="0.152" /><testcase classname="backend.tests.test_tournaments.TestCleanup" name="test_cleanup_note" time="0.000" /></testsuite></testsuites>