<?xml version="1.0" encoding="utf-8"?><testsuites name="pytest tests"><testsuite name="pytest" errors="0" failures="0" skipped="0" tests="13" time="3.223" timestamp="2026-03-13T21:18:36.899450+00:00" hostname="agent-env-e944c108-c873-4314-bc50-59ea77787b77"><testcase classname="backend.tests.test_tournament_control_room.TestTournamentControlRoomAPIs" name="test_get_tournament_detail" time="0.563" /><testcase classname="backend.tests.test_tournament_control_room.TestTournamentControlRoomAPIs" name="test_get_tournament_rounds" time="0.181" /><testcase classname="backend.tests.test_tournament_control_room.TestParticipantsTab" name="test_get_participants_list" time="0.149" /><testcase classname="backend.tests.test_tournament_control_room.TestParticipantsTab" name="test_participants_count" time="0.138" /><testcase classname="backend.tests.test_tournament_control_room.TestEditTab" name="test_update_tournament_name" time="0.403" /><testcase classname="backend.tests.test_tournament_control_room.TestEditTab" name="test_update_tournament_entry_fee" time="0.433" /><testcase classname="backend.tests.test_tournament_control_room.TestEditTab" name="test_structural_fields_locked_for_started_tournament" time="0.173" /><testcase classname="backend.tests.test_tournament_control_room.TestEditTab" name="test_name_and_fee_still_editable_for_started_tournament" time="0.129" /><testcase classname="backend.tests.test_tournament_control_room.TestZonaPericoloTab" name="test_reset_groups_endpoint_exists" time="0.120" /><testcase classname="backend.tests.test_tournament_control_room.TestZonaPericoloTab" name="test_delete_tournament_endpoint_exists" time="0.154" /><testcase classname="backend.tests.test_tournament_control_room.TestTournamentsList" name="test_get_all_tournaments" time="0.165" /><testcase classname="backend.tests.test_tournament_control_room.TestAddRemoveParticipants" name="test_add_participant_to_non_started_tournament" time="0.207" /><testcase classname="backend.tests.test_tournament_control_room.TestAddRemoveParticipants" name="test_remove_participant_from_started_tournament" time="0.263" /></testsuite></testsuites>