<?xml version="1.0" encoding="utf-8"?><testsuites name="pytest tests"><testsuite name="pytest" errors="0" failures="0" skipped="0" tests="7" time="4.294" timestamp="2026-03-11T21:49:20.170812+00:00" hostname="agent-env-7fc85160-070f-4cfb-bf0c-d2e50055a9c6"><testcase classname="backend.tests.test_tournament_current_round_info.TestCurrentRoundInfoWithAdmin" name="test_tournament_detail_has_current_round_info_field" time="0.526" /><testcase classname="backend.tests.test_tournament_current_round_info.TestCurrentRoundInfoWithAdmin" name="test_current_round_info_status_values" time="0.121" /><testcase classname="backend.tests.test_tournament_current_round_info.TestCurrentRoundInfoWithRegularUser" name="test_registered_tournaments_have_current_round_info" time="0.774" /><testcase classname="backend.tests.test_tournament_current_round_info.TestRegistrationPhaseTournaments" name="test_registration_tournament_has_null_current_round_info" time="0.632" /><testcase classname="backend.tests.test_tournament_current_round_info.TestTournamentRoundsField" name="test_tournament_includes_rounds_array" time="0.460" /><testcase classname="backend.tests.test_tournament_current_round_info.TestEffectiveStatusLogic" name="test_effective_status_is_calculated" time="0.463" /><testcase classname="backend.tests.test_tournament_current_round_info.TestAllTournamentsCurrentRoundInfo" name="test_all_tournaments_have_current_round_info_field" time="1.257" /></testsuite></testsuites>