<?xml version="1.0" encoding="utf-8"?><testsuites name="pytest tests"><testsuite name="pytest" errors="0" failures="0" skipped="0" tests="14" time="6.722" timestamp="2026-03-12T09:16:01.584946+00:00" hostname="agent-env-5d466e8a-cb24-43e6-801d-2ac9ec45e81e"><testcase classname="backend.tests.test_trophies.TestTrophyAPIs" name="test_get_my_trophies_returns_200" time="0.540" /><testcase classname="backend.tests.test_trophies.TestTrophyAPIs" name="test_get_my_trophies_structure" time="0.401" /><testcase classname="backend.tests.test_trophies.TestTrophyAPIs" name="test_get_my_trophies_league_trophy_types" time="0.383" /><testcase classname="backend.tests.test_trophies.TestTrophyAPIs" name="test_get_my_trophies_tournament_trophy_types" time="0.424" /><testcase classname="backend.tests.test_trophies.TestTrophyAPIs" name="test_get_my_trophies_weekly_trophy_types" time="0.378" /><testcase classname="backend.tests.test_trophies.TestTrophyAPIs" name="test_get_my_trophies_total_matches_counts" time="0.408" /><testcase classname="backend.tests.test_trophies.TestTrophyAPIs" name="test_get_my_trophies_array_returned" time="0.445" /><testcase classname="backend.tests.test_trophies.TestTrophyAPIs" name="test_get_user_trophies_returns_200" time="0.372" /><testcase classname="backend.tests.test_trophies.TestTrophyAPIs" name="test_get_user_trophies_same_structure" time="0.416" /><testcase classname="backend.tests.test_trophies.TestTrophyAPIs" name="test_get_user_trophies_other_user" time="0.929" /><testcase classname="backend.tests.test_trophies.TestTrophyAPIs" name="test_trophies_endpoint_requires_auth" time="0.545" /><testcase classname="backend.tests.test_trophies.TestTrophyAPIs" name="test_user_trophies_endpoint_requires_auth" time="0.472" /><testcase classname="backend.tests.test_trophies.TestTrophyCountsZeroByDefault" name="test_all_counts_are_integers" time="0.385" /><testcase classname="backend.tests.test_trophies.TestTrophyCountsZeroByDefault" name="test_total_is_non_negative_integer" time="0.434" /></testsuite></testsuites>