<?xml version="1.0" encoding="utf-8"?><testsuites name="pytest tests"><testsuite name="pytest" errors="0" failures="0" skipped="0" tests="21" time="4.795" timestamp="2026-02-28T16:47:36.348956+00:00" hostname="agent-env-b07768c9-9575-4bcb-8028-87c7cf053a0f"><testcase classname="backend.tests.test_u1_u2_u3_admin_panel.TestU1DashboardKPIs" name="test_dashboard_stats_endpoint_returns_200" time="0.472" /><testcase classname="backend.tests.test_u1_u2_u3_admin_panel.TestU1DashboardKPIs" name="test_dashboard_stats_has_new_7d_count" time="0.091" /><testcase classname="backend.tests.test_u1_u2_u3_admin_panel.TestU1DashboardKPIs" name="test_dashboard_stats_has_recent_logins_24h" time="0.087" /><testcase classname="backend.tests.test_u1_u2_u3_admin_panel.TestU1DashboardKPIs" name="test_dashboard_stats_has_online_users" time="0.089" /><testcase classname="backend.tests.test_u1_u2_u3_admin_panel.TestU1DashboardKPIs" name="test_dashboard_stats_has_all_user_kpis" time="0.089" /><testcase classname="backend.tests.test_u1_u2_u3_admin_panel.TestU2EditUserDetails" name="test_get_user_details" time="0.208" /><testcase classname="backend.tests.test_u1_u2_u3_admin_panel.TestU2EditUserDetails" name="test_edit_username_success" time="0.188" /><testcase classname="backend.tests.test_u1_u2_u3_admin_panel.TestU2EditUserDetails" name="test_edit_email_success" time="0.160" /><testcase classname="backend.tests.test_u1_u2_u3_admin_panel.TestU2EditUserDetails" name="test_edit_invalid_username_rejected" time="0.117" /><testcase classname="backend.tests.test_u1_u2_u3_admin_panel.TestU2EditUserDetails" name="test_edit_duplicate_email_rejected" time="0.057" /><testcase classname="backend.tests.test_u1_u2_u3_admin_panel.TestU2EditUserDetails" name="test_edit_no_updates_rejected" time="0.053" /><testcase classname="backend.tests.test_u1_u2_u3_admin_panel.TestU3PasswordResetLink" name="test_generate_reset_link_success" time="0.055" /><testcase classname="backend.tests.test_u1_u2_u3_admin_panel.TestU3PasswordResetLink" name="test_generate_reset_link_for_nonexistent_user" time="0.056" /><testcase classname="backend.tests.test_u1_u2_u3_admin_panel.TestU3PasswordResetLink" name="test_reset_password_page_loads" time="0.126" /><testcase classname="backend.tests.test_u1_u2_u3_admin_panel.TestU3PasswordResetLink" name="test_reset_password_page_with_token" time="0.179" /><testcase classname="backend.tests.test_u1_u2_u3_admin_panel.TestU3PasswordResetLink" name="test_reset_password_submit_valid_token" time="1.181" /><testcase classname="backend.tests.test_u1_u2_u3_admin_panel.TestU3PasswordResetLink" name="test_reset_password_submit_invalid_token" time="0.128" /><testcase classname="backend.tests.test_u1_u2_u3_admin_panel.TestU3PasswordResetLink" name="test_reset_password_submit_used_token" time="0.984" /><testcase classname="backend.tests.test_u1_u2_u3_admin_panel.TestU3PasswordResetLink" name="test_reset_password_short_password_rejected" time="0.205" /><testcase classname="backend.tests.test_u1_u2_u3_admin_panel.TestU1UsersFilterDropdown" name="test_users_api_returns_created_at" time="0.086" /><testcase classname="backend.tests.test_u1_u2_u3_admin_panel.TestU1UsersFilterDropdown" name="test_users_api_returns_last_login" time="0.092" /></testsuite></testsuites>