<?xml version="1.0" encoding="utf-8"?><testsuites name="pytest tests"><testsuite name="pytest" errors="0" failures="1" skipped="0" tests="21" time="5.285" timestamp="2026-02-28T16:47:18.546418+00:00" hostname="agent-env-b07768c9-9575-4bcb-8028-87c7cf053a0f"><testcase classname="backend.tests.test_u1_u2_u3_admin_panel.TestU1DashboardKPIs" name="test_dashboard_stats_endpoint_returns_200" time="0.666" /><testcase classname="backend.tests.test_u1_u2_u3_admin_panel.TestU1DashboardKPIs" name="test_dashboard_stats_has_new_7d_count" time="0.112" /><testcase classname="backend.tests.test_u1_u2_u3_admin_panel.TestU1DashboardKPIs" name="test_dashboard_stats_has_recent_logins_24h" time="0.109" /><testcase classname="backend.tests.test_u1_u2_u3_admin_panel.TestU1DashboardKPIs" name="test_dashboard_stats_has_online_users" time="0.131" /><testcase classname="backend.tests.test_u1_u2_u3_admin_panel.TestU1DashboardKPIs" name="test_dashboard_stats_has_all_user_kpis" time="0.095" /><testcase classname="backend.tests.test_u1_u2_u3_admin_panel.TestU2EditUserDetails" name="test_get_user_details" time="0.127" /><testcase classname="backend.tests.test_u1_u2_u3_admin_panel.TestU2EditUserDetails" name="test_edit_username_success" time="0.109"><failure message="AssertionError: Failed to update username: {&quot;detail&quot;:&quot;Username non valido (3-20 caratteri: lettere, numeri, underscore)&quot;}&#10;assert 400 == 200&#10; +  where 400 = &lt;Response [400]&gt;.status_code">backend/tests/test_u1_u2_u3_admin_panel.py:149: in test_edit_username_success
    assert response.status_code == 200, f"Failed to update username: {response.text}"
E   AssertionError: Failed to update username: {"detail":"Username non valido (3-20 caratteri: lettere, numeri, underscore)"}
E   assert 400 == 200
E    +  where 400 = &lt;Response [400]&gt;.status_code</failure></testcase><testcase classname="backend.tests.test_u1_u2_u3_admin_panel.TestU2EditUserDetails" name="test_edit_email_success" time="0.189" /><testcase classname="backend.tests.test_u1_u2_u3_admin_panel.TestU2EditUserDetails" name="test_edit_invalid_username_rejected" time="0.122" /><testcase classname="backend.tests.test_u1_u2_u3_admin_panel.TestU2EditUserDetails" name="test_edit_duplicate_email_rejected" time="0.066" /><testcase classname="backend.tests.test_u1_u2_u3_admin_panel.TestU2EditUserDetails" name="test_edit_no_updates_rejected" time="0.089" /><testcase classname="backend.tests.test_u1_u2_u3_admin_panel.TestU3PasswordResetLink" name="test_generate_reset_link_success" time="0.066" /><testcase classname="backend.tests.test_u1_u2_u3_admin_panel.TestU3PasswordResetLink" name="test_generate_reset_link_for_nonexistent_user" time="0.057" /><testcase classname="backend.tests.test_u1_u2_u3_admin_panel.TestU3PasswordResetLink" name="test_reset_password_page_loads" time="0.135" /><testcase classname="backend.tests.test_u1_u2_u3_admin_panel.TestU3PasswordResetLink" name="test_reset_password_page_with_token" time="0.188" /><testcase classname="backend.tests.test_u1_u2_u3_admin_panel.TestU3PasswordResetLink" name="test_reset_password_submit_valid_token" time="1.275" /><testcase classname="backend.tests.test_u1_u2_u3_admin_panel.TestU3PasswordResetLink" name="test_reset_password_submit_invalid_token" time="0.111" /><testcase classname="backend.tests.test_u1_u2_u3_admin_panel.TestU3PasswordResetLink" name="test_reset_password_submit_used_token" time="1.068" /><testcase classname="backend.tests.test_u1_u2_u3_admin_panel.TestU3PasswordResetLink" name="test_reset_password_short_password_rejected" time="0.163" /><testcase classname="backend.tests.test_u1_u2_u3_admin_panel.TestU1UsersFilterDropdown" name="test_users_api_returns_created_at" time="0.077" /><testcase classname="backend.tests.test_u1_u2_u3_admin_panel.TestU1UsersFilterDropdown" name="test_users_api_returns_last_login" time="0.056" /></testsuite></testsuites>