<?xml version="1.0" encoding="utf-8"?><testsuites name="pytest tests"><testsuite name="pytest" errors="0" failures="0" skipped="0" tests="17" time="6.405" timestamp="2026-03-01T15:53:49.708369+00:00" hostname="agent-env-3abf8c5e-a8fe-4639-afcb-c13c53a0acd5"><testcase classname="tests.test_ui_overhaul_apis.TestAuthEndpoints" name="test_admin_login_success" time="0.386" /><testcase classname="tests.test_ui_overhaul_apis.TestAuthEndpoints" name="test_user_login_success" time="0.337" /><testcase classname="tests.test_ui_overhaul_apis.TestAuthEndpoints" name="test_login_invalid_credentials" time="0.112" /><testcase classname="tests.test_ui_overhaul_apis.TestHomeEndpoint" name="test_home_returns_matchday_data" time="0.471" /><testcase classname="tests.test_ui_overhaul_apis.TestHomeEndpoint" name="test_home_matchday_structure" time="0.506" /><testcase classname="tests.test_ui_overhaul_apis.TestHomeEndpoint" name="test_home_league_structure" time="0.470" /><testcase classname="tests.test_ui_overhaul_apis.TestHomeEndpoint" name="test_home_with_league_id_param" time="0.513" /><testcase classname="tests.test_ui_overhaul_apis.TestStandingsEndpoints" name="test_standings_total_returns_ranked_entries" time="0.476" /><testcase classname="tests.test_ui_overhaul_apis.TestStandingsEndpoints" name="test_standings_matchdays_returns_available_matchdays" time="0.485" /><testcase classname="tests.test_ui_overhaul_apis.TestStandingsEndpoints" name="test_standings_without_league_id_uses_default" time="0.492" /><testcase classname="tests.test_ui_overhaul_apis.TestAdminPanel" name="test_admin_ui_accessible" time="0.121" /><testcase classname="tests.test_ui_overhaul_apis.TestAdminPanel" name="test_admin_ui_has_login_form" time="0.124" /><testcase classname="tests.test_ui_overhaul_apis.TestProfileEndpoint" name="test_profile_returns_admin_data" time="0.435" /><testcase classname="tests.test_ui_overhaul_apis.TestProfileEndpoint" name="test_profile_returns_regular_user_data" time="0.453" /><testcase classname="tests.test_ui_overhaul_apis.TestProfileEndpoint" name="test_profile_requires_authentication" time="0.105" /><testcase classname="tests.test_ui_overhaul_apis.TestLiveMatchdayStatus" name="test_live_matchday_status_in_home" time="0.438" /><testcase classname="tests.test_ui_overhaul_apis.TestLiveMatchdayStatus" name="test_live_status_in_matchdays_list" time="0.423" /></testsuite></testsuites>