<?xml version="1.0" encoding="utf-8"?><testsuites name="pytest tests"><testsuite name="pytest" errors="0" failures="2" skipped="0" tests="17" time="6.814" timestamp="2026-03-01T17:51:17.613375+00:00" hostname="agent-env-641765c2-da4d-442b-8272-576931b7f687"><testcase classname="tests.test_fantapronostic.TestHealth" name="test_api_health" time="0.158" /><testcase classname="tests.test_fantapronostic.TestAuth" name="test_login_seeded_user_marco" time="0.333" /><testcase classname="tests.test_fantapronostic.TestAuth" name="test_login_admin" time="0.334" /><testcase classname="tests.test_fantapronostic.TestAuth" name="test_login_invalid_credentials" time="0.103" /><testcase classname="tests.test_fantapronostic.TestAuth" name="test_register_new_user" time="0.114"><failure message="assert 422 == 200&#10; +  where 422 = &lt;Response [422]&gt;.status_code">tests/test_fantapronostic.py:77: in test_register_new_user
    assert response.status_code == 200
E   assert 422 == 200
E    +  where 422 = &lt;Response [422]&gt;.status_code</failure></testcase><testcase classname="tests.test_fantapronostic.TestHome" name="test_home_with_auth" time="0.566" /><testcase classname="tests.test_fantapronostic.TestHome" name="test_home_without_auth" time="0.128" /><testcase classname="tests.test_fantapronostic.TestPredictions" name="test_get_predictions_for_matchday" time="0.689" /><testcase classname="tests.test_fantapronostic.TestPredictions" name="test_save_predictions_batch" time="0.767"><failure message="assert 422 == 200&#10; +  where 422 = &lt;Response [422]&gt;.status_code">tests/test_fantapronostic.py:212: in test_save_predictions_batch
    assert response.status_code == 200
E   assert 422 == 200
E    +  where 422 = &lt;Response [422]&gt;.status_code</failure></testcase><testcase classname="tests.test_fantapronostic.TestLeagues" name="test_get_my_leagues" time="0.463" /><testcase classname="tests.test_fantapronostic.TestLeagues" name="test_join_league_with_code" time="0.501" /><testcase classname="tests.test_fantapronostic.TestLeagues" name="test_get_national_leagues" time="0.103" /><testcase classname="tests.test_fantapronostic.TestAdmin" name="test_admin_get_seasons" time="0.446" /><testcase classname="tests.test_fantapronostic.TestAdmin" name="test_admin_get_matchdays" time="0.459" /><testcase classname="tests.test_fantapronostic.TestAdmin" name="test_admin_get_matches" time="0.455" /><testcase classname="tests.test_fantapronostic.TestAdmin" name="test_admin_live_update_match" time="0.611" /><testcase classname="tests.test_fantapronostic.TestAdminAuth" name="test_admin_endpoint_requires_admin_role" time="0.443" /></testsuite></testsuites>