<?xml version="1.0" encoding="utf-8"?><testsuites name="pytest tests"><testsuite name="pytest" errors="0" failures="0" skipped="0" tests="17" time="7.142" timestamp="2026-03-01T15:42:04.682499+00:00" hostname="agent-env-3abf8c5e-a8fe-4639-afcb-c13c53a0acd5"><testcase classname="backend.tests.test_ui_overhaul_apis.TestAuthEndpoints" name="test_admin_login_success" time="0.387" /><testcase classname="backend.tests.test_ui_overhaul_apis.TestAuthEndpoints" name="test_user_login_success" time="0.328" /><testcase classname="backend.tests.test_ui_overhaul_apis.TestAuthEndpoints" name="test_login_invalid_credentials" time="0.118" /><testcase classname="backend.tests.test_ui_overhaul_apis.TestHomeEndpoint" name="test_home_returns_matchday_data" time="0.457" /><testcase classname="backend.tests.test_ui_overhaul_apis.TestHomeEndpoint" name="test_home_matchday_structure" time="0.528" /><testcase classname="backend.tests.test_ui_overhaul_apis.TestHomeEndpoint" name="test_home_league_structure" time="0.493" /><testcase classname="backend.tests.test_ui_overhaul_apis.TestHomeEndpoint" name="test_home_with_league_id_param" time="0.519" /><testcase classname="backend.tests.test_ui_overhaul_apis.TestStandingsEndpoints" name="test_standings_total_returns_ranked_entries" time="0.529" /><testcase classname="backend.tests.test_ui_overhaul_apis.TestStandingsEndpoints" name="test_standings_matchdays_returns_available_matchdays" time="0.544" /><testcase classname="backend.tests.test_ui_overhaul_apis.TestStandingsEndpoints" name="test_standings_without_league_id_uses_default" time="0.543" /><testcase classname="backend.tests.test_ui_overhaul_apis.TestAdminPanel" name="test_admin_ui_accessible" time="0.126" /><testcase classname="backend.tests.test_ui_overhaul_apis.TestAdminPanel" name="test_admin_ui_has_login_form" time="0.127" /><testcase classname="backend.tests.test_ui_overhaul_apis.TestProfileEndpoint" name="test_profile_returns_admin_data" time="0.527" /><testcase classname="backend.tests.test_ui_overhaul_apis.TestProfileEndpoint" name="test_profile_returns_regular_user_data" time="0.615" /><testcase classname="backend.tests.test_ui_overhaul_apis.TestProfileEndpoint" name="test_profile_requires_authentication" time="0.108" /><testcase classname="backend.tests.test_ui_overhaul_apis.TestLiveMatchdayStatus" name="test_live_matchday_status_in_home" time="0.555" /><testcase classname="backend.tests.test_ui_overhaul_apis.TestLiveMatchdayStatus" name="test_live_status_in_matchdays_list" time="0.545" /></testsuite></testsuites>