<?xml version="1.0" encoding="utf-8"?><testsuites name="pytest tests"><testsuite name="pytest" errors="0" failures="0" skipped="0" tests="11" time="3.283" timestamp="2026-02-28T18:21:34.269001+00:00" hostname="agent-env-b07768c9-9575-4bcb-8028-87c7cf053a0f"><testcase classname="backend.tests.test_user_control_room.TestUserControlRoom" name="test_get_users_list" time="0.677" /><testcase classname="backend.tests.test_user_control_room.TestUserControlRoom" name="test_get_user_audit_log" time="0.125" /><testcase classname="backend.tests.test_user_control_room.TestUserControlRoom" name="test_audit_log_limit_param" time="0.145" /><testcase classname="backend.tests.test_user_control_room.TestUserControlRoom" name="test_edit_user_username" time="0.366" /><testcase classname="backend.tests.test_user_control_room.TestUserControlRoom" name="test_toggle_user_status_exists" time="0.083" /><testcase classname="backend.tests.test_user_control_room.TestUserControlRoom" name="test_toggle_super_admin_exists" time="0.114" /><testcase classname="backend.tests.test_user_control_room.TestUserControlRoom" name="test_assign_roles_endpoint" time="0.387" /><testcase classname="backend.tests.test_user_control_room.TestUserControlRoom" name="test_generate_reset_link_non_google_user" time="0.115" /><testcase classname="backend.tests.test_user_control_room.TestUserControlRoom" name="test_get_user_leagues" time="0.154" /><testcase classname="backend.tests.test_user_control_room.TestUserControlRoomAccessControl" name="test_non_admin_denied_users_list" time="0.529" /><testcase classname="backend.tests.test_user_control_room.TestUserControlRoomAccessControl" name="test_non_admin_denied_audit_log" time="0.513" /></testsuite></testsuites>