<?xml version="1.0" encoding="utf-8"?><testsuites name="pytest tests"><testsuite name="pytest" errors="0" failures="2" skipped="0" tests="13" time="1.367" timestamp="2026-02-22T04:17:21.276017+00:00" hostname="agent-env-f1ea7f1e-7c7e-400f-b3e1-83ad6abef74b"><testcase classname="backend.tests.test_x3_badge_fields.TestUserPredictionsEndpoint" name="test_user_predictions_returns_is_special_field" time="0.522" /><testcase classname="backend.tests.test_x3_badge_fields.TestUserPredictionsEndpoint" name="test_user_predictions_returns_multiplier_field" time="0.058" /><testcase classname="backend.tests.test_x3_badge_fields.TestUserPredictionsEndpoint" name="test_g17_inter_roma_is_special" time="0.062" /><testcase classname="backend.tests.test_x3_badge_fields.TestLiveEndpoint" name="test_live_endpoint_returns_is_special" time="0.055" /><testcase classname="backend.tests.test_x3_badge_fields.TestLiveEndpoint" name="test_live_endpoint_returns_multiplier" time="0.058" /><testcase classname="backend.tests.test_x3_badge_fields.TestLiveEndpoint" name="test_g17_live_inter_roma_special" time="0.053" /><testcase classname="backend.tests.test_x3_badge_fields.TestHomeEndpoint" name="test_home_endpoint_accessible" time="0.065" /><testcase classname="backend.tests.test_x3_badge_fields.TestHomeEndpoint" name="test_home_returns_live_section" time="0.072" /><testcase classname="backend.tests.test_x3_badge_fields.TestHomeEndpoint" name="test_home_total_provisional_when_no_live" time="0.061" /><testcase classname="backend.tests.test_x3_badge_fields.TestFixturesEndpoint" name="test_fixtures_returns_is_special" time="0.068"><failure message="AssertionError: Match missing is_special field&#10;assert 'is_special' in {'away_score': 0, 'away_team': 'Roma', 'competition': 'Serie A', 'created_at': '2026-02-15T20:10:49.881868+00:00', ...}">backend/tests/test_x3_badge_fields.py:217: in test_fixtures_returns_is_special
    assert "is_special" in match, f"Match missing is_special field"
E   AssertionError: Match missing is_special field
E   assert 'is_special' in {'away_score': 0, 'away_team': 'Roma', 'competition': 'Serie A', 'created_at': '2026-02-15T20:10:49.881868+00:00', ...}</failure></testcase><testcase classname="backend.tests.test_x3_badge_fields.TestFixturesEndpoint" name="test_fixtures_returns_multiplier" time="0.069"><failure message="AssertionError: Match missing multiplier field&#10;assert 'multiplier' in {'away_score': 0, 'away_team': 'Roma', 'competition': 'Serie A', 'created_at': '2026-02-15T20:10:49.881868+00:00', ...}">backend/tests/test_x3_badge_fields.py:235: in test_fixtures_returns_multiplier
    assert "multiplier" in match, f"Match missing multiplier field"
E   AssertionError: Match missing multiplier field
E   assert 'multiplier' in {'away_score': 0, 'away_team': 'Roma', 'competition': 'Serie A', 'created_at': '2026-02-15T20:10:49.881868+00:00', ...}</failure></testcase><testcase classname="backend.tests.test_x3_badge_fields.TestFixturesEndpoint" name="test_fixtures_g17_special_match" time="0.067" /><testcase classname="backend.tests.test_x3_badge_fields.TestFixturesEndpoint" name="test_fixtures_g18_special_match" time="0.067" /></testsuite></testsuites>